{"/home/runner/work/quemiai/quemiai/apps/backend/src/app.controller.ts": {"path":"/home/runner/work/quemiai/quemiai/apps/backend/src/app.controller.ts","statementMap":{"0":{"start":{"line":1,"column":0},"end":{"line":1,"column":49}},"1":{"start":{"line":2,"column":0},"end":{"line":2,"column":43}},"2":{"start":{"line":5,"column":7},"end":{"line":32,"column":null}},"3":{"start":{"line":6,"column":31},"end":{"line":6,"column":43}},"4":{"start":{"line":10,"column":4},"end":{"line":10,"column":38}},"5":{"start":{"line":15,"column":4},"end":{"line":15,"column":38}},"6":{"start":{"line":20,"column":4},"end":{"line":25,"column":6}},"7":{"start":{"line":30,"column":4},"end":{"line":30,"column":30}},"8":{"start":{"line":5,"column":13},"end":{"line":5,"column":26}},"9":{"start":{"line":9,"column":2},"end":{"line":11,"column":null}},"10":{"start":{"line":14,"column":2},"end":{"line":16,"column":null}},"11":{"start":{"line":19,"column":2},"end":{"line":26,"column":null}},"12":{"start":{"line":29,"column":2},"end":{"line":31,"column":null}},"13":{"start":{"line":5,"column":13},"end":{"line":32,"column":null}}},"fnMap":{"0":{"name":"(anonymous_2)","decl":{"start":{"line":6,"column":2},"end":{"line":6,"column":31}},"loc":{"start":{"line":6,"column":53},"end":{"line":6,"column":57}}},"1":{"name":"(anonymous_3)","decl":{"start":{"line":9,"column":2},"end":{"line":9,"column":10}},"loc":{"start":{"line":9,"column":10},"end":{"line":11,"column":3}}},"2":{"name":"(anonymous_4)","decl":{"start":{"line":14,"column":2},"end":{"line":14,"column":18}},"loc":{"start":{"line":14,"column":18},"end":{"line":16,"column":3}}},"3":{"name":"(anonymous_5)","decl":{"start":{"line":19,"column":2},"end":{"line":19,"column":13}},"loc":{"start":{"line":19,"column":13},"end":{"line":26,"column":3}}},"4":{"name":"(anonymous_6)","decl":{"start":{"line":29,"column":2},"end":{"line":29,"column":21}},"loc":{"start":{"line":29,"column":21},"end":{"line":31,"column":3}}}},"branchMap":{"0":{"loc":{"start":{"line":24,"column":19},"end":{"line":24,"column":56}},"type":"binary-expr","locations":[{"start":{"line":24,"column":19},"end":{"line":24,"column":39}},{"start":{"line":24,"column":43},"end":{"line":24,"column":56}}]}},"s":{"0":1,"1":1,"2":1,"3":1,"4":1,"5":0,"6":0,"7":0,"8":1,"9":1,"10":1,"11":1,"12":1,"13":1},"f":{"0":1,"1":1,"2":0,"3":0,"4":0},"b":{"0":[0,0]}}
,"/home/runner/work/quemiai/quemiai/apps/backend/src/app.module.ts": {"path":"/home/runner/work/quemiai/quemiai/apps/backend/src/app.module.ts","statementMap":{"0":{"start":{"line":1,"column":0},"end":{"line":1,"column":40}},"1":{"start":{"line":2,"column":0},"end":{"line":2,"column":46}},"2":{"start":{"line":3,"column":0},"end":{"line":3,"column":52}},"3":{"start":{"line":4,"column":0},"end":{"line":4,"column":49}},"4":{"start":{"line":5,"column":0},"end":{"line":5,"column":43}},"5":{"start":{"line":6,"column":0},"end":{"line":6,"column":56}},"6":{"start":{"line":7,"column":0},"end":{"line":7,"column":65}},"7":{"start":{"line":8,"column":0},"end":{"line":8,"column":65}},"8":{"start":{"line":9,"column":0},"end":{"line":9,"column":71}},"9":{"start":{"line":10,"column":0},"end":{"line":10,"column":68}},"10":{"start":{"line":11,"column":0},"end":{"line":11,"column":62}},"11":{"start":{"line":12,"column":0},"end":{"line":12,"column":56}},"12":{"start":{"line":13,"column":0},"end":{"line":13,"column":50}},"13":{"start":{"line":14,"column":0},"end":{"line":14,"column":51}},"14":{"start":{"line":42,"column":7},"end":{"line":42,"column":null}},"15":{"start":{"line":42,"column":13},"end":{"line":42,"column":22}},"16":{"start":{"line":42,"column":13},"end":{"line":42,"column":null}}},"fnMap":{},"branchMap":{},"s":{"0":0,"1":0,"2":0,"3":0,"4":0,"5":0,"6":0,"7":0,"8":0,"9":0,"10":0,"11":0,"12":0,"13":0,"14":0,"15":0,"16":0},"f":{},"b":{}}
,"/home/runner/work/quemiai/quemiai/apps/backend/src/app.service.ts": {"path":"/home/runner/work/quemiai/quemiai/apps/backend/src/app.service.ts","statementMap":{"0":{"start":{"line":1,"column":0},"end":{"line":1,"column":44}},"1":{"start":{"line":4,"column":7},"end":{"line":8,"column":null}},"2":{"start":{"line":6,"column":4},"end":{"line":6,"column":26}},"3":{"start":{"line":4,"column":13},"end":{"line":4,"column":23}},"4":{"start":{"line":4,"column":13},"end":{"line":8,"column":null}}},"fnMap":{"0":{"name":"(anonymous_1)","decl":{"start":{"line":5,"column":2},"end":{"line":5,"column":10}},"loc":{"start":{"line":5,"column":10},"end":{"line":7,"column":3}}}},"branchMap":{},"s":{"0":1,"1":1,"2":1,"3":1,"4":1},"f":{"0":1},"b":{}}
,"/home/runner/work/quemiai/quemiai/apps/backend/src/main.ts": {"path":"/home/runner/work/quemiai/quemiai/apps/backend/src/main.ts","statementMap":{"0":{"start":{"line":1,"column":0},"end":{"line":1,"column":43}},"1":{"start":{"line":2,"column":0},"end":{"line":2,"column":41}},"2":{"start":{"line":3,"column":0},"end":{"line":3,"column":70}},"3":{"start":{"line":4,"column":0},"end":{"line":4,"column":37}},"4":{"start":{"line":5,"column":0},"end":{"line":5,"column":48}},"5":{"start":{"line":6,"column":0},"end":{"line":6,"column":28}},"6":{"start":{"line":9,"column":14},"end":{"line":11,"column":4}},"7":{"start":{"line":14,"column":2},"end":{"line":14,"column":20}},"8":{"start":{"line":17,"column":22},"end":{"line":17,"column":73}},"9":{"start":{"line":18,"column":2},"end":{"line":22,"column":5}},"10":{"start":{"line":25,"column":2},"end":{"line":25,"column":50}},"11":{"start":{"line":28,"column":2},"end":{"line":34,"column":4}},"12":{"start":{"line":36,"column":15},"end":{"line":36,"column":39}},"13":{"start":{"line":37,"column":2},"end":{"line":37,"column":25}},"14":{"start":{"line":39,"column":2},"end":{"line":39,"column":69}},"15":{"start":{"line":42,"column":0},"end":{"line":42,"column":12}}},"fnMap":{"0":{"name":"bootstrap","decl":{"start":{"line":8,"column":15},"end":{"line":8,"column":24}},"loc":{"start":{"line":8,"column":24},"end":{"line":40,"column":1}}}},"branchMap":{"0":{"loc":{"start":{"line":17,"column":22},"end":{"line":17,"column":73}},"type":"binary-expr","locations":[{"start":{"line":17,"column":22},"end":{"line":17,"column":46}},{"start":{"line":17,"column":50},"end":{"line":17,"column":73}}]},"1":{"loc":{"start":{"line":36,"column":15},"end":{"line":36,"column":39}},"type":"binary-expr","locations":[{"start":{"line":36,"column":15},"end":{"line":36,"column":31}},{"start":{"line":36,"column":35},"end":{"line":36,"column":39}}]}},"s":{"0":0,"1":0,"2":0,"3":0,"4":0,"5":0,"6":0,"7":0,"8":0,"9":0,"10":0,"11":0,"12":0,"13":0,"14":0,"15":0},"f":{"0":0},"b":{"0":[0,0],"1":[0,0]}}
,"/home/runner/work/quemiai/quemiai/apps/backend/src/api/ai.ts": {"path":"/home/runner/work/quemiai/quemiai/apps/backend/src/api/ai.ts","statementMap":{"0":{"start":{"line":1,"column":0},"end":{"line":1,"column":66}},"1":{"start":{"line":2,"column":0},"end":{"line":2,"column":28}},"2":{"start":{"line":3,"column":0},"end":{"line":3,"column":93}},"3":{"start":{"line":4,"column":0},"end":{"line":4,"column":56}},"4":{"start":{"line":5,"column":0},"end":{"line":5,"column":62}},"5":{"start":{"line":6,"column":0},"end":{"line":6,"column":41}},"6":{"start":{"line":8,"column":23},"end":{"line":8,"column":31}},"7":{"start":{"line":9,"column":15},"end":{"line":9,"column":58}},"8":{"start":{"line":11,"column":0},"end":{"line":22,"column":3}},"9":{"start":{"line":12,"column":2},"end":{"line":21,"column":3}},"10":{"start":{"line":13,"column":21},"end":{"line":13,"column":29}},"11":{"start":{"line":14,"column":4},"end":{"line":16,"column":5}},"12":{"start":{"line":15,"column":6},"end":{"line":15,"column":57}},"13":{"start":{"line":17,"column":19},"end":{"line":17,"column":36}},"14":{"start":{"line":18,"column":4},"end":{"line":18,"column":28}},"15":{"start":{"line":20,"column":4},"end":{"line":20,"column":23}},"16":{"start":{"line":24,"column":0},"end":{"line":39,"column":2}},"17":{"start":{"line":28,"column":4},"end":{"line":30,"column":5}},"18":{"start":{"line":29,"column":6},"end":{"line":29,"column":57}},"19":{"start":{"line":32,"column":4},"end":{"line":37,"column":5}},"20":{"start":{"line":33,"column":23},"end":{"line":33,"column":60}},"21":{"start":{"line":34,"column":6},"end":{"line":34,"column":36}},"22":{"start":{"line":36,"column":6},"end":{"line":36,"column":25}},"23":{"start":{"line":41,"column":0},"end":{"line":58,"column":2}},"24":{"start":{"line":44,"column":42},"end":{"line":44,"column":50}},"25":{"start":{"line":45,"column":4},"end":{"line":47,"column":5}},"26":{"start":{"line":46,"column":6},"end":{"line":46,"column":83}},"27":{"start":{"line":49,"column":4},"end":{"line":56,"column":5}},"28":{"start":{"line":50,"column":21},"end":{"line":50,"column":55}},"29":{"start":{"line":51,"column":6},"end":{"line":51,"column":44}},"30":{"start":{"line":52,"column":30},"end":{"line":52,"column":76}},"31":{"start":{"line":53,"column":6},"end":{"line":53,"column":43}},"32":{"start":{"line":55,"column":6},"end":{"line":55,"column":25}},"33":{"start":{"line":60,"column":0},"end":{"line":72,"column":3}},"34":{"start":{"line":61,"column":21},"end":{"line":61,"column":29}},"35":{"start":{"line":62,"column":2},"end":{"line":64,"column":3}},"36":{"start":{"line":63,"column":4},"end":{"line":63,"column":75}},"37":{"start":{"line":66,"column":2},"end":{"line":71,"column":3}},"38":{"start":{"line":67,"column":19},"end":{"line":67,"column":52}},"39":{"start":{"line":68,"column":4},"end":{"line":68,"column":32}},"40":{"start":{"line":70,"column":4},"end":{"line":70,"column":23}},"41":{"start":{"line":74,"column":0},"end":{"line":88,"column":3}},"42":{"start":{"line":75,"column":2},"end":{"line":87,"column":3}},"43":{"start":{"line":76,"column":33},"end":{"line":76,"column":41}},"44":{"start":{"line":77,"column":4},"end":{"line":79,"column":5}},"45":{"start":{"line":78,"column":6},"end":{"line":78,"column":73}},"46":{"start":{"line":82,"column":4},"end":{"line":84,"column":7}},"47":{"start":{"line":86,"column":4},"end":{"line":86,"column":23}},"48":{"start":{"line":90,"column":0},"end":{"line":102,"column":3}},"49":{"start":{"line":91,"column":34},"end":{"line":91,"column":42}},"50":{"start":{"line":92,"column":2},"end":{"line":94,"column":3}},"51":{"start":{"line":93,"column":4},"end":{"line":93,"column":74}},"52":{"start":{"line":96,"column":2},"end":{"line":101,"column":3}},"53":{"start":{"line":97,"column":20},"end":{"line":97,"column":67}},"54":{"start":{"line":98,"column":4},"end":{"line":98,"column":69}},"55":{"start":{"line":100,"column":4},"end":{"line":100,"column":23}},"56":{"start":{"line":104,"column":0},"end":{"line":117,"column":3}},"57":{"start":{"line":105,"column":2},"end":{"line":116,"column":3}},"58":{"start":{"line":106,"column":24},"end":{"line":106,"column":32}},"59":{"start":{"line":107,"column":4},"end":{"line":109,"column":5}},"60":{"start":{"line":108,"column":6},"end":{"line":108,"column":60}},"61":{"start":{"line":112,"column":21},"end":{"line":112,"column":96}},"62":{"start":{"line":113,"column":4},"end":{"line":113,"column":34}},"63":{"start":{"line":115,"column":4},"end":{"line":115,"column":23}},"64":{"start":{"line":119,"column":0},"end":{"line":119,"column":22}}},"fnMap":{"0":{"name":"(anonymous_1)","decl":{"start":{"line":11,"column":29},"end":{"line":11,"column":30}},"loc":{"start":{"line":11,"column":81},"end":{"line":22,"column":1}}},"1":{"name":"(anonymous_2)","decl":{"start":{"line":27,"column":2},"end":{"line":27,"column":7}},"loc":{"start":{"line":27,"column":60},"end":{"line":38,"column":3}}},"2":{"name":"(anonymous_3)","decl":{"start":{"line":43,"column":2},"end":{"line":43,"column":7}},"loc":{"start":{"line":43,"column":60},"end":{"line":57,"column":3}}},"3":{"name":"(anonymous_4)","decl":{"start":{"line":60,"column":36},"end":{"line":60,"column":41}},"loc":{"start":{"line":60,"column":94},"end":{"line":72,"column":1}}},"4":{"name":"(anonymous_5)","decl":{"start":{"line":74,"column":34},"end":{"line":74,"column":35}},"loc":{"start":{"line":74,"column":86},"end":{"line":88,"column":1}}},"5":{"name":"(anonymous_6)","decl":{"start":{"line":90,"column":32},"end":{"line":90,"column":37}},"loc":{"start":{"line":90,"column":90},"end":{"line":102,"column":1}}},"6":{"name":"(anonymous_7)","decl":{"start":{"line":104,"column":31},"end":{"line":104,"column":32}},"loc":{"start":{"line":104,"column":83},"end":{"line":117,"column":1}}}},"branchMap":{"0":{"loc":{"start":{"line":14,"column":4},"end":{"line":16,"column":5}},"type":"if","locations":[{"start":{"line":14,"column":4},"end":{"line":16,"column":5}},{"start":{},"end":{}}]},"1":{"loc":{"start":{"line":28,"column":4},"end":{"line":30,"column":5}},"type":"if","locations":[{"start":{"line":28,"column":4},"end":{"line":30,"column":5}},{"start":{},"end":{}}]},"2":{"loc":{"start":{"line":45,"column":4},"end":{"line":47,"column":5}},"type":"if","locations":[{"start":{"line":45,"column":4},"end":{"line":47,"column":5}},{"start":{},"end":{}}]},"3":{"loc":{"start":{"line":45,"column":8},"end":{"line":45,"column":40}},"type":"binary-expr","locations":[{"start":{"line":45,"column":8},"end":{"line":45,"column":14}},{"start":{"line":45,"column":18},"end":{"line":45,"column":29}},{"start":{"line":45,"column":33},"end":{"line":45,"column":40}}]},"4":{"loc":{"start":{"line":62,"column":2},"end":{"line":64,"column":3}},"type":"if","locations":[{"start":{"line":62,"column":2},"end":{"line":64,"column":3}},{"start":{},"end":{}}]},"5":{"loc":{"start":{"line":77,"column":4},"end":{"line":79,"column":5}},"type":"if","locations":[{"start":{"line":77,"column":4},"end":{"line":79,"column":5}},{"start":{},"end":{}}]},"6":{"loc":{"start":{"line":77,"column":8},"end":{"line":77,"column":28}},"type":"binary-expr","locations":[{"start":{"line":77,"column":8},"end":{"line":77,"column":16}},{"start":{"line":77,"column":20},"end":{"line":77,"column":28}}]},"7":{"loc":{"start":{"line":92,"column":2},"end":{"line":94,"column":3}},"type":"if","locations":[{"start":{"line":92,"column":2},"end":{"line":94,"column":3}},{"start":{},"end":{}}]},"8":{"loc":{"start":{"line":92,"column":6},"end":{"line":92,"column":29}},"type":"binary-expr","locations":[{"start":{"line":92,"column":6},"end":{"line":92,"column":15}},{"start":{"line":92,"column":19},"end":{"line":92,"column":29}}]},"9":{"loc":{"start":{"line":107,"column":4},"end":{"line":109,"column":5}},"type":"if","locations":[{"start":{"line":107,"column":4},"end":{"line":109,"column":5}},{"start":{},"end":{}}]}},"s":{"0":6,"1":6,"2":6,"3":6,"4":6,"5":6,"6":6,"7":6,"8":6,"9":4,"10":4,"11":4,"12":1,"13":3,"14":3,"15":0,"16":6,"17":3,"18":0,"19":3,"20":3,"21":3,"22":0,"23":6,"24":0,"25":0,"26":0,"27":0,"28":0,"29":0,"30":0,"31":0,"32":0,"33":6,"34":0,"35":0,"36":0,"37":0,"38":0,"39":0,"40":0,"41":6,"42":0,"43":0,"44":0,"45":0,"46":0,"47":0,"48":6,"49":3,"50":3,"51":2,"52":1,"53":1,"54":1,"55":0,"56":6,"57":0,"58":0,"59":0,"60":0,"61":0,"62":0,"63":0,"64":6},"f":{"0":4,"1":3,"2":0,"3":0,"4":0,"5":3,"6":0},"b":{"0":[1,3],"1":[0,3],"2":[0,0],"3":[0,0,0],"4":[0,0],"5":[0,0],"6":[0,0],"7":[2,1],"8":[3,2],"9":[0,0]}}
,"/home/runner/work/quemiai/quemiai/apps/backend/src/api/analytics.ts": {"path":"/home/runner/work/quemiai/quemiai/apps/backend/src/api/analytics.ts","statementMap":{"0":{"start":{"line":1,"column":0},"end":{"line":1,"column":66}},"1":{"start":{"line":2,"column":0},"end":{"line":2,"column":31}},"2":{"start":{"line":4,"column":23},"end":{"line":4,"column":31}},"3":{"start":{"line":7,"column":0},"end":{"line":22,"column":3}},"4":{"start":{"line":8,"column":2},"end":{"line":21,"column":3}},"5":{"start":{"line":9,"column":21},"end":{"line":9,"column":59}},"6":{"start":{"line":10,"column":26},"end":{"line":10,"column":64}},"7":{"start":{"line":10,"column":53},"end":{"line":10,"column":63}},"8":{"start":{"line":13,"column":20},"end":{"line":16,"column":10}},"9":{"start":{"line":14,"column":6},"end":{"line":14,"column":69}},"10":{"start":{"line":15,"column":6},"end":{"line":15,"column":17}},"11":{"start":{"line":18,"column":4},"end":{"line":18,"column":29}},"12":{"start":{"line":20,"column":4},"end":{"line":20,"column":23}},"13":{"start":{"line":25,"column":0},"end":{"line":28,"column":3}},"14":{"start":{"line":27,"column":2},"end":{"line":27,"column":65}},"15":{"start":{"line":30,"column":0},"end":{"line":30,"column":22}}},"fnMap":{"0":{"name":"(anonymous_0)","decl":{"start":{"line":7,"column":23},"end":{"line":7,"column":28}},"loc":{"start":{"line":7,"column":82},"end":{"line":22,"column":1}}},"1":{"name":"(anonymous_1)","decl":{"start":{"line":10,"column":44},"end":{"line":10,"column":45}},"loc":{"start":{"line":10,"column":53},"end":{"line":10,"column":63}}},"2":{"name":"(anonymous_2)","decl":{"start":{"line":13,"column":41},"end":{"line":13,"column":42}},"loc":{"start":{"line":13,"column":55},"end":{"line":16,"column":5}}},"3":{"name":"(anonymous_3)","decl":{"start":{"line":25,"column":29},"end":{"line":25,"column":30}},"loc":{"start":{"line":25,"column":61},"end":{"line":28,"column":1}}}},"branchMap":{"0":{"loc":{"start":{"line":14,"column":34},"end":{"line":14,"column":63}},"type":"binary-expr","locations":[{"start":{"line":14,"column":34},"end":{"line":14,"column":58}},{"start":{"line":14,"column":62},"end":{"line":14,"column":63}}]}},"s":{"0":6,"1":6,"2":6,"3":6,"4":0,"5":0,"6":0,"7":0,"8":0,"9":0,"10":0,"11":0,"12":0,"13":6,"14":0,"15":6},"f":{"0":0,"1":0,"2":0,"3":0},"b":{"0":[0,0]}}
,"/home/runner/work/quemiai/quemiai/apps/backend/src/api/auth.ts": {"path":"/home/runner/work/quemiai/quemiai/apps/backend/src/api/auth.ts","statementMap":{"0":{"start":{"line":1,"column":0},"end":{"line":1,"column":66}},"1":{"start":{"line":2,"column":0},"end":{"line":2,"column":30}},"2":{"start":{"line":3,"column":0},"end":{"line":3,"column":31}},"3":{"start":{"line":5,"column":0},"end":{"line":5,"column":31}},"4":{"start":{"line":6,"column":0},"end":{"line":6,"column":95}},"5":{"start":{"line":7,"column":0},"end":{"line":7,"column":41}},"6":{"start":{"line":9,"column":23},"end":{"line":9,"column":31}},"7":{"start":{"line":71,"column":0},"end":{"line":108,"column":2}},"8":{"start":{"line":75,"column":4},"end":{"line":106,"column":5}},"9":{"start":{"line":76,"column":34},"end":{"line":76,"column":42}},"10":{"start":{"line":79,"column":27},"end":{"line":79,"column":89}},"11":{"start":{"line":80,"column":6},"end":{"line":82,"column":7}},"12":{"start":{"line":81,"column":8},"end":{"line":81,"column":79}},"13":{"start":{"line":85,"column":29},"end":{"line":85,"column":60}},"14":{"start":{"line":88,"column":25},"end":{"line":92,"column":8}},"15":{"start":{"line":95,"column":20},"end":{"line":100,"column":null}},"16":{"start":{"line":103,"column":6},"end":{"line":103,"column":86}},"17":{"start":{"line":105,"column":6},"end":{"line":105,"column":25}},"18":{"start":{"line":162,"column":0},"end":{"line":194,"column":2}},"19":{"start":{"line":166,"column":4},"end":{"line":192,"column":5}},"20":{"start":{"line":167,"column":34},"end":{"line":167,"column":42}},"21":{"start":{"line":170,"column":27},"end":{"line":170,"column":89}},"22":{"start":{"line":171,"column":6},"end":{"line":173,"column":7}},"23":{"start":{"line":172,"column":8},"end":{"line":172,"column":63}},"24":{"start":{"line":175,"column":22},"end":{"line":175,"column":42}},"25":{"start":{"line":176,"column":19},"end":{"line":176,"column":33}},"26":{"start":{"line":179,"column":22},"end":{"line":179,"column":67}},"27":{"start":{"line":180,"column":6},"end":{"line":182,"column":7}},"28":{"start":{"line":181,"column":8},"end":{"line":181,"column":63}},"29":{"start":{"line":185,"column":20},"end":{"line":187,"column":8}},"30":{"start":{"line":189,"column":6},"end":{"line":189,"column":68}},"31":{"start":{"line":191,"column":6},"end":{"line":191,"column":25}},"32":{"start":{"line":197,"column":0},"end":{"line":197,"column":68}},"33":{"start":{"line":198,"column":0},"end":{"line":202,"column":3}},"34":{"start":{"line":201,"column":2},"end":{"line":201,"column":40}},"35":{"start":{"line":204,"column":0},"end":{"line":204,"column":22}}},"fnMap":{"0":{"name":"(anonymous_1)","decl":{"start":{"line":74,"column":2},"end":{"line":74,"column":7}},"loc":{"start":{"line":74,"column":60},"end":{"line":107,"column":3}}},"1":{"name":"(anonymous_2)","decl":{"start":{"line":165,"column":2},"end":{"line":165,"column":7}},"loc":{"start":{"line":165,"column":60},"end":{"line":193,"column":3}}},"2":{"name":"(anonymous_3)","decl":{"start":{"line":198,"column":42},"end":{"line":198,"column":47}},"loc":{"start":{"line":198,"column":80},"end":{"line":202,"column":1}}}},"branchMap":{"0":{"loc":{"start":{"line":80,"column":6},"end":{"line":82,"column":7}},"type":"if","locations":[{"start":{"line":80,"column":6},"end":{"line":82,"column":7}},{"start":{},"end":{}}]},"1":{"loc":{"start":{"line":97,"column":8},"end":{"line":97,"column":50}},"type":"binary-expr","locations":[{"start":{"line":97,"column":8},"end":{"line":97,"column":30}},{"start":{"line":97,"column":34},"end":{"line":97,"column":50}}]},"2":{"loc":{"start":{"line":171,"column":6},"end":{"line":173,"column":7}},"type":"if","locations":[{"start":{"line":171,"column":6},"end":{"line":173,"column":7}},{"start":{},"end":{}}]},"3":{"loc":{"start":{"line":180,"column":6},"end":{"line":182,"column":7}},"type":"if","locations":[{"start":{"line":180,"column":6},"end":{"line":182,"column":7}},{"start":{},"end":{}}]},"4":{"loc":{"start":{"line":185,"column":53},"end":{"line":185,"column":95}},"type":"binary-expr","locations":[{"start":{"line":185,"column":53},"end":{"line":185,"column":75}},{"start":{"line":185,"column":79},"end":{"line":185,"column":95}}]}},"s":{"0":6,"1":6,"2":6,"3":6,"4":6,"5":6,"6":6,"7":6,"8":2,"9":2,"10":2,"11":2,"12":1,"13":1,"14":1,"15":1,"16":1,"17":0,"18":6,"19":3,"20":3,"21":3,"22":3,"23":1,"24":2,"25":2,"26":2,"27":2,"28":1,"29":1,"30":1,"31":0,"32":6,"33":6,"34":0,"35":6},"f":{"0":2,"1":3,"2":0},"b":{"0":[1,1],"1":[1,1],"2":[1,2],"3":[1,1],"4":[1,1]}}
,"/home/runner/work/quemiai/quemiai/apps/backend/src/api/index.ts": {"path":"/home/runner/work/quemiai/quemiai/apps/backend/src/api/index.ts","statementMap":{"0":{"start":{"line":1,"column":0},"end":{"line":1,"column":33}},"1":{"start":{"line":2,"column":0},"end":{"line":2,"column":34}},"2":{"start":{"line":3,"column":0},"end":{"line":3,"column":34}},"3":{"start":{"line":4,"column":0},"end":{"line":4,"column":40}},"4":{"start":{"line":5,"column":0},"end":{"line":5,"column":42}},"5":{"start":{"line":6,"column":0},"end":{"line":6,"column":46}},"6":{"start":{"line":7,"column":0},"end":{"line":7,"column":28}},"7":{"start":{"line":8,"column":0},"end":{"line":8,"column":32}},"8":{"start":{"line":9,"column":0},"end":{"line":9,"column":47}},"9":{"start":{"line":11,"column":23},"end":{"line":11,"column":31}},"10":{"start":{"line":13,"column":0},"end":{"line":13,"column":34}},"11":{"start":{"line":14,"column":0},"end":{"line":14,"column":34}},"12":{"start":{"line":15,"column":0},"end":{"line":15,"column":40}},"13":{"start":{"line":16,"column":0},"end":{"line":16,"column":42}},"14":{"start":{"line":17,"column":0},"end":{"line":17,"column":46}},"15":{"start":{"line":18,"column":0},"end":{"line":18,"column":28}},"16":{"start":{"line":19,"column":0},"end":{"line":19,"column":32}},"17":{"start":{"line":20,"column":0},"end":{"line":20,"column":47}},"18":{"start":{"line":22,"column":0},"end":{"line":22,"column":22}}},"fnMap":{},"branchMap":{},"s":{"0":6,"1":6,"2":6,"3":6,"4":6,"5":6,"6":6,"7":6,"8":6,"9":6,"10":6,"11":6,"12":6,"13":6,"14":6,"15":6,"16":6,"17":6,"18":6},"f":{},"b":{}}
,"/home/runner/work/quemiai/quemiai/apps/backend/src/api/marketplace.ts": {"path":"/home/runner/work/quemiai/quemiai/apps/backend/src/api/marketplace.ts","statementMap":{"0":{"start":{"line":1,"column":0},"end":{"line":1,"column":66}},"1":{"start":{"line":2,"column":0},"end":{"line":2,"column":31}},"2":{"start":{"line":3,"column":0},"end":{"line":3,"column":28}},"3":{"start":{"line":4,"column":0},"end":{"line":4,"column":65}},"4":{"start":{"line":5,"column":0},"end":{"line":5,"column":54}},"5":{"start":{"line":6,"column":0},"end":{"line":6,"column":41}},"6":{"start":{"line":8,"column":23},"end":{"line":8,"column":31}},"7":{"start":{"line":9,"column":15},"end":{"line":9,"column":58}},"8":{"start":{"line":12,"column":0},"end":{"line":23,"column":3}},"9":{"start":{"line":13,"column":2},"end":{"line":22,"column":3}},"10":{"start":{"line":14,"column":21},"end":{"line":14,"column":58}},"11":{"start":{"line":15,"column":21},"end":{"line":18,"column":7}},"12":{"start":{"line":15,"column":49},"end":{"line":18,"column":6}},"13":{"start":{"line":19,"column":4},"end":{"line":19,"column":30}},"14":{"start":{"line":21,"column":4},"end":{"line":21,"column":23}},"15":{"start":{"line":26,"column":0},"end":{"line":36,"column":3}},"16":{"start":{"line":27,"column":2},"end":{"line":35,"column":3}},"17":{"start":{"line":28,"column":16},"end":{"line":28,"column":79}},"18":{"start":{"line":29,"column":4},"end":{"line":31,"column":5}},"19":{"start":{"line":30,"column":6},"end":{"line":30,"column":58}},"20":{"start":{"line":32,"column":4},"end":{"line":32,"column":51}},"21":{"start":{"line":34,"column":4},"end":{"line":34,"column":23}},"22":{"start":{"line":39,"column":0},"end":{"line":57,"column":3}},"23":{"start":{"line":40,"column":2},"end":{"line":56,"column":3}},"24":{"start":{"line":41,"column":50},"end":{"line":41,"column":58}},"25":{"start":{"line":42,"column":4},"end":{"line":44,"column":5}},"26":{"start":{"line":43,"column":6},"end":{"line":43,"column":59}},"27":{"start":{"line":45,"column":4},"end":{"line":52,"column":9}},"28":{"start":{"line":53,"column":4},"end":{"line":53,"column":97}},"29":{"start":{"line":55,"column":4},"end":{"line":55,"column":23}},"30":{"start":{"line":60,"column":0},"end":{"line":89,"column":2}},"31":{"start":{"line":64,"column":4},"end":{"line":66,"column":5}},"32":{"start":{"line":65,"column":6},"end":{"line":65,"column":57}},"33":{"start":{"line":68,"column":4},"end":{"line":87,"column":5}},"34":{"start":{"line":69,"column":28},"end":{"line":69,"column":38}},"35":{"start":{"line":70,"column":23},"end":{"line":70,"column":62}},"36":{"start":{"line":71,"column":6},"end":{"line":71,"column":52}},"37":{"start":{"line":73,"column":24},"end":{"line":73,"column":46}},"38":{"start":{"line":76,"column":25},"end":{"line":76,"column":65}},"39":{"start":{"line":77,"column":6},"end":{"line":79,"column":9}},"40":{"start":{"line":81,"column":6},"end":{"line":84,"column":9}},"41":{"start":{"line":86,"column":6},"end":{"line":86,"column":25}},"42":{"start":{"line":92,"column":0},"end":{"line":129,"column":2}},"43":{"start":{"line":95,"column":4},"end":{"line":127,"column":5}},"44":{"start":{"line":96,"column":28},"end":{"line":96,"column":38}},"45":{"start":{"line":97,"column":41},"end":{"line":97,"column":49}},"46":{"start":{"line":98,"column":6},"end":{"line":100,"column":7}},"47":{"start":{"line":99,"column":8},"end":{"line":99,"column":82}},"48":{"start":{"line":103,"column":6},"end":{"line":109,"column":9}},"49":{"start":{"line":112,"column":30},"end":{"line":115,"column":14}},"50":{"start":{"line":116,"column":24},"end":{"line":116,"column":25}},"51":{"start":{"line":117,"column":6},"end":{"line":119,"column":9}},"52":{"start":{"line":118,"column":8},"end":{"line":118,"column":41}},"53":{"start":{"line":120,"column":28},"end":{"line":120,"column":62}},"54":{"start":{"line":122,"column":6},"end":{"line":122,"column":87}},"55":{"start":{"line":124,"column":6},"end":{"line":124,"column":80}},"56":{"start":{"line":126,"column":6},"end":{"line":126,"column":25}},"57":{"start":{"line":132,"column":0},"end":{"line":143,"column":3}},"58":{"start":{"line":133,"column":2},"end":{"line":142,"column":3}},"59":{"start":{"line":134,"column":21},"end":{"line":134,"column":58}},"60":{"start":{"line":135,"column":21},"end":{"line":138,"column":7}},"61":{"start":{"line":135,"column":49},"end":{"line":138,"column":6}},"62":{"start":{"line":139,"column":4},"end":{"line":139,"column":30}},"63":{"start":{"line":141,"column":4},"end":{"line":141,"column":23}},"64":{"start":{"line":146,"column":0},"end":{"line":163,"column":3}},"65":{"start":{"line":147,"column":2},"end":{"line":162,"column":3}},"66":{"start":{"line":148,"column":53},"end":{"line":148,"column":61}},"67":{"start":{"line":149,"column":4},"end":{"line":151,"column":5}},"68":{"start":{"line":150,"column":6},"end":{"line":150,"column":94}},"69":{"start":{"line":152,"column":19},"end":{"line":158,"column":6}},"70":{"start":{"line":159,"column":4},"end":{"line":159,"column":92}},"71":{"start":{"line":161,"column":4},"end":{"line":161,"column":23}},"72":{"start":{"line":166,"column":0},"end":{"line":176,"column":3}},"73":{"start":{"line":167,"column":2},"end":{"line":175,"column":3}},"74":{"start":{"line":168,"column":16},"end":{"line":168,"column":79}},"75":{"start":{"line":169,"column":4},"end":{"line":171,"column":5}},"76":{"start":{"line":170,"column":6},"end":{"line":170,"column":58}},"77":{"start":{"line":172,"column":4},"end":{"line":172,"column":51}},"78":{"start":{"line":174,"column":4},"end":{"line":174,"column":23}},"79":{"start":{"line":179,"column":0},"end":{"line":203,"column":3}},"80":{"start":{"line":180,"column":2},"end":{"line":202,"column":3}},"81":{"start":{"line":181,"column":43},"end":{"line":181,"column":51}},"82":{"start":{"line":182,"column":4},"end":{"line":184,"column":5}},"83":{"start":{"line":183,"column":6},"end":{"line":183,"column":84}},"84":{"start":{"line":188,"column":19},"end":{"line":194,"column":6}},"85":{"start":{"line":196,"column":4},"end":{"line":199,"column":7}},"86":{"start":{"line":201,"column":4},"end":{"line":201,"column":23}},"87":{"start":{"line":205,"column":0},"end":{"line":205,"column":22}}},"fnMap":{"0":{"name":"(anonymous_1)","decl":{"start":{"line":12,"column":24},"end":{"line":12,"column":29}},"loc":{"start":{"line":12,"column":83},"end":{"line":23,"column":1}}},"1":{"name":"(anonymous_2)","decl":{"start":{"line":15,"column":39},"end":{"line":15,"column":40}},"loc":{"start":{"line":15,"column":49},"end":{"line":18,"column":6}}},"2":{"name":"(anonymous_3)","decl":{"start":{"line":26,"column":35},"end":{"line":26,"column":40}},"loc":{"start":{"line":26,"column":93},"end":{"line":36,"column":1}}},"3":{"name":"(anonymous_4)","decl":{"start":{"line":39,"column":25},"end":{"line":39,"column":30}},"loc":{"start":{"line":39,"column":83},"end":{"line":57,"column":1}}},"4":{"name":"(anonymous_5)","decl":{"start":{"line":63,"column":2},"end":{"line":63,"column":7}},"loc":{"start":{"line":63,"column":60},"end":{"line":88,"column":3}}},"5":{"name":"(anonymous_6)","decl":{"start":{"line":94,"column":2},"end":{"line":94,"column":7}},"loc":{"start":{"line":94,"column":60},"end":{"line":128,"column":3}}},"6":{"name":"(anonymous_7)","decl":{"start":{"line":117,"column":35},"end":{"line":117,"column":36}},"loc":{"start":{"line":117,"column":43},"end":{"line":119,"column":7}}},"7":{"name":"(anonymous_8)","decl":{"start":{"line":132,"column":24},"end":{"line":132,"column":29}},"loc":{"start":{"line":132,"column":83},"end":{"line":143,"column":1}}},"8":{"name":"(anonymous_9)","decl":{"start":{"line":135,"column":39},"end":{"line":135,"column":40}},"loc":{"start":{"line":135,"column":49},"end":{"line":138,"column":6}}},"9":{"name":"(anonymous_10)","decl":{"start":{"line":146,"column":25},"end":{"line":146,"column":30}},"loc":{"start":{"line":146,"column":83},"end":{"line":163,"column":1}}},"10":{"name":"(anonymous_11)","decl":{"start":{"line":166,"column":35},"end":{"line":166,"column":40}},"loc":{"start":{"line":166,"column":93},"end":{"line":176,"column":1}}},"11":{"name":"(anonymous_12)","decl":{"start":{"line":179,"column":29},"end":{"line":179,"column":34}},"loc":{"start":{"line":179,"column":87},"end":{"line":203,"column":1}}}},"branchMap":{"0":{"loc":{"start":{"line":29,"column":4},"end":{"line":31,"column":5}},"type":"if","locations":[{"start":{"line":29,"column":4},"end":{"line":31,"column":5}},{"start":{},"end":{}}]},"1":{"loc":{"start":{"line":42,"column":4},"end":{"line":44,"column":5}},"type":"if","locations":[{"start":{"line":42,"column":4},"end":{"line":44,"column":5}},{"start":{},"end":{}}]},"2":{"loc":{"start":{"line":49,"column":19},"end":{"line":49,"column":34}},"type":"binary-expr","locations":[{"start":{"line":49,"column":19},"end":{"line":49,"column":28}},{"start":{"line":49,"column":32},"end":{"line":49,"column":34}}]},"3":{"loc":{"start":{"line":50,"column":16},"end":{"line":50,"column":28}},"type":"binary-expr","locations":[{"start":{"line":50,"column":16},"end":{"line":50,"column":22}},{"start":{"line":50,"column":26},"end":{"line":50,"column":28}}]},"4":{"loc":{"start":{"line":51,"column":16},"end":{"line":51,"column":27}},"type":"binary-expr","locations":[{"start":{"line":51,"column":16},"end":{"line":51,"column":22}},{"start":{"line":51,"column":26},"end":{"line":51,"column":27}}]},"5":{"loc":{"start":{"line":64,"column":4},"end":{"line":66,"column":5}},"type":"if","locations":[{"start":{"line":64,"column":4},"end":{"line":66,"column":5}},{"start":{},"end":{}}]},"6":{"loc":{"start":{"line":98,"column":6},"end":{"line":100,"column":7}},"type":"if","locations":[{"start":{"line":98,"column":6},"end":{"line":100,"column":7}},{"start":{},"end":{}}]},"7":{"loc":{"start":{"line":98,"column":10},"end":{"line":98,"column":39}},"type":"binary-expr","locations":[{"start":{"line":98,"column":10},"end":{"line":98,"column":17}},{"start":{"line":98,"column":21},"end":{"line":98,"column":28}},{"start":{"line":98,"column":32},"end":{"line":98,"column":39}}]},"8":{"loc":{"start":{"line":149,"column":4},"end":{"line":151,"column":5}},"type":"if","locations":[{"start":{"line":149,"column":4},"end":{"line":151,"column":5}},{"start":{},"end":{}}]},"9":{"loc":{"start":{"line":149,"column":8},"end":{"line":149,"column":54}},"type":"binary-expr","locations":[{"start":{"line":149,"column":8},"end":{"line":149,"column":18}},{"start":{"line":149,"column":22},"end":{"line":149,"column":28}},{"start":{"line":149,"column":32},"end":{"line":149,"column":44}},{"start":{"line":149,"column":48},"end":{"line":149,"column":54}}]},"10":{"loc":{"start":{"line":169,"column":4},"end":{"line":171,"column":5}},"type":"if","locations":[{"start":{"line":169,"column":4},"end":{"line":171,"column":5}},{"start":{},"end":{}}]},"11":{"loc":{"start":{"line":182,"column":4},"end":{"line":184,"column":5}},"type":"if","locations":[{"start":{"line":182,"column":4},"end":{"line":184,"column":5}},{"start":{},"end":{}}]},"12":{"loc":{"start":{"line":182,"column":8},"end":{"line":182,"column":41}},"type":"binary-expr","locations":[{"start":{"line":182,"column":8},"end":{"line":182,"column":18}},{"start":{"line":182,"column":22},"end":{"line":182,"column":30}},{"start":{"line":182,"column":34},"end":{"line":182,"column":41}}]}},"s":{"0":6,"1":6,"2":6,"3":6,"4":6,"5":6,"6":6,"7":6,"8":6,"9":2,"10":2,"11":2,"12":2,"13":2,"14":0,"15":6,"16":2,"17":2,"18":2,"19":1,"20":1,"21":0,"22":6,"23":3,"24":3,"25":3,"26":1,"27":2,"28":2,"29":0,"30":6,"31":1,"32":0,"33":1,"34":1,"35":1,"36":1,"37":1,"38":1,"39":1,"40":1,"41":0,"42":6,"43":2,"44":2,"45":2,"46":2,"47":1,"48":1,"49":0,"50":0,"51":0,"52":0,"53":0,"54":0,"55":0,"56":1,"57":6,"58":0,"59":0,"60":0,"61":0,"62":0,"63":0,"64":6,"65":0,"66":0,"67":0,"68":0,"69":0,"70":0,"71":0,"72":6,"73":0,"74":0,"75":0,"76":0,"77":0,"78":0,"79":6,"80":0,"81":0,"82":0,"83":0,"84":0,"85":0,"86":0,"87":6},"f":{"0":2,"1":2,"2":2,"3":3,"4":1,"5":2,"6":0,"7":0,"8":0,"9":0,"10":0,"11":0},"b":{"0":[1,1],"1":[1,2],"2":[2,1],"3":[2,1],"4":[2,2],"5":[0,1],"6":[1,1],"7":[2,2,1],"8":[0,0],"9":[0,0,0,0],"10":[0,0],"11":[0,0],"12":[0,0,0]}}
,"/home/runner/work/quemiai/quemiai/apps/backend/src/api/messages.ts": {"path":"/home/runner/work/quemiai/quemiai/apps/backend/src/api/messages.ts","statementMap":{"0":{"start":{"line":1,"column":0},"end":{"line":1,"column":52}},"1":{"start":{"line":3,"column":23},"end":{"line":3,"column":31}},"2":{"start":{"line":6,"column":0},"end":{"line":9,"column":3}},"3":{"start":{"line":8,"column":2},"end":{"line":8,"column":36}},"4":{"start":{"line":12,"column":0},"end":{"line":15,"column":3}},"5":{"start":{"line":14,"column":2},"end":{"line":14,"column":40}},"6":{"start":{"line":18,"column":0},"end":{"line":21,"column":3}},"7":{"start":{"line":20,"column":2},"end":{"line":20,"column":60}},"8":{"start":{"line":24,"column":0},"end":{"line":27,"column":3}},"9":{"start":{"line":26,"column":2},"end":{"line":26,"column":77}},"10":{"start":{"line":29,"column":0},"end":{"line":29,"column":22}}},"fnMap":{"0":{"name":"(anonymous_0)","decl":{"start":{"line":6,"column":16},"end":{"line":6,"column":17}},"loc":{"start":{"line":6,"column":49},"end":{"line":9,"column":1}}},"1":{"name":"(anonymous_1)","decl":{"start":{"line":12,"column":17},"end":{"line":12,"column":18}},"loc":{"start":{"line":12,"column":50},"end":{"line":15,"column":1}}},"2":{"name":"(anonymous_2)","decl":{"start":{"line":18,"column":31},"end":{"line":18,"column":32}},"loc":{"start":{"line":18,"column":63},"end":{"line":21,"column":1}}},"3":{"name":"(anonymous_3)","decl":{"start":{"line":24,"column":41},"end":{"line":24,"column":42}},"loc":{"start":{"line":24,"column":58},"end":{"line":27,"column":1}}}},"branchMap":{},"s":{"0":6,"1":6,"2":6,"3":0,"4":6,"5":0,"6":6,"7":0,"8":6,"9":0,"10":6},"f":{"0":0,"1":0,"2":0,"3":0},"b":{}}
,"/home/runner/work/quemiai/quemiai/apps/backend/src/api/posts.ts": {"path":"/home/runner/work/quemiai/quemiai/apps/backend/src/api/posts.ts","statementMap":{"0":{"start":{"line":1,"column":0},"end":{"line":1,"column":66}},"1":{"start":{"line":2,"column":0},"end":{"line":2,"column":31}},"2":{"start":{"line":4,"column":23},"end":{"line":4,"column":31}},"3":{"start":{"line":7,"column":0},"end":{"line":10,"column":3}},"4":{"start":{"line":9,"column":2},"end":{"line":9,"column":35}},"5":{"start":{"line":13,"column":0},"end":{"line":16,"column":3}},"6":{"start":{"line":15,"column":2},"end":{"line":15,"column":39}},"7":{"start":{"line":19,"column":0},"end":{"line":41,"column":3}},"8":{"start":{"line":20,"column":2},"end":{"line":40,"column":3}},"9":{"start":{"line":21,"column":49},"end":{"line":21,"column":57}},"10":{"start":{"line":22,"column":4},"end":{"line":24,"column":5}},"11":{"start":{"line":23,"column":6},"end":{"line":23,"column":98}},"12":{"start":{"line":26,"column":19},"end":{"line":32,"column":6}},"13":{"start":{"line":34,"column":4},"end":{"line":37,"column":7}},"14":{"start":{"line":39,"column":4},"end":{"line":39,"column":23}},"15":{"start":{"line":44,"column":0},"end":{"line":54,"column":3}},"16":{"start":{"line":45,"column":30},"end":{"line":45,"column":38}},"17":{"start":{"line":46,"column":2},"end":{"line":48,"column":3}},"18":{"start":{"line":47,"column":4},"end":{"line":47,"column":78}},"19":{"start":{"line":51,"column":2},"end":{"line":53,"column":5}},"20":{"start":{"line":57,"column":0},"end":{"line":60,"column":3}},"21":{"start":{"line":59,"column":2},"end":{"line":59,"column":51}},"22":{"start":{"line":63,"column":0},"end":{"line":66,"column":3}},"23":{"start":{"line":65,"column":2},"end":{"line":65,"column":54}},"24":{"start":{"line":69,"column":0},"end":{"line":72,"column":3}},"25":{"start":{"line":71,"column":2},"end":{"line":71,"column":54}},"26":{"start":{"line":74,"column":0},"end":{"line":74,"column":22}}},"fnMap":{"0":{"name":"(anonymous_0)","decl":{"start":{"line":7,"column":16},"end":{"line":7,"column":17}},"loc":{"start":{"line":7,"column":49},"end":{"line":10,"column":1}}},"1":{"name":"(anonymous_1)","decl":{"start":{"line":13,"column":17},"end":{"line":13,"column":18}},"loc":{"start":{"line":13,"column":50},"end":{"line":16,"column":1}}},"2":{"name":"(anonymous_2)","decl":{"start":{"line":19,"column":25},"end":{"line":19,"column":30}},"loc":{"start":{"line":19,"column":83},"end":{"line":41,"column":1}}},"3":{"name":"(anonymous_3)","decl":{"start":{"line":44,"column":23},"end":{"line":44,"column":24}},"loc":{"start":{"line":44,"column":55},"end":{"line":54,"column":1}}},"4":{"name":"(anonymous_4)","decl":{"start":{"line":57,"column":23},"end":{"line":57,"column":24}},"loc":{"start":{"line":57,"column":55},"end":{"line":60,"column":1}}},"5":{"name":"(anonymous_5)","decl":{"start":{"line":63,"column":23},"end":{"line":63,"column":24}},"loc":{"start":{"line":63,"column":55},"end":{"line":66,"column":1}}},"6":{"name":"(anonymous_6)","decl":{"start":{"line":69,"column":26},"end":{"line":69,"column":27}},"loc":{"start":{"line":69,"column":58},"end":{"line":72,"column":1}}}},"branchMap":{"0":{"loc":{"start":{"line":22,"column":4},"end":{"line":24,"column":5}},"type":"if","locations":[{"start":{"line":22,"column":4},"end":{"line":24,"column":5}},{"start":{},"end":{}}]},"1":{"loc":{"start":{"line":22,"column":8},"end":{"line":22,"column":47}},"type":"binary-expr","locations":[{"start":{"line":22,"column":8},"end":{"line":22,"column":16}},{"start":{"line":22,"column":20},"end":{"line":22,"column":34}},{"start":{"line":22,"column":38},"end":{"line":22,"column":47}}]},"2":{"loc":{"start":{"line":46,"column":2},"end":{"line":48,"column":3}},"type":"if","locations":[{"start":{"line":46,"column":2},"end":{"line":48,"column":3}},{"start":{},"end":{}}]},"3":{"loc":{"start":{"line":46,"column":6},"end":{"line":46,"column":25}},"type":"binary-expr","locations":[{"start":{"line":46,"column":6},"end":{"line":46,"column":14}},{"start":{"line":46,"column":18},"end":{"line":46,"column":25}}]}},"s":{"0":6,"1":6,"2":6,"3":6,"4":0,"5":6,"6":0,"7":6,"8":0,"9":0,"10":0,"11":0,"12":0,"13":0,"14":0,"15":6,"16":0,"17":0,"18":0,"19":0,"20":6,"21":0,"22":6,"23":0,"24":6,"25":0,"26":6},"f":{"0":0,"1":0,"2":0,"3":0,"4":0,"5":0,"6":0},"b":{"0":[0,0],"1":[0,0,0],"2":[0,0],"3":[0,0]}}
,"/home/runner/work/quemiai/quemiai/apps/backend/src/api/social-media.ts": {"path":"/home/runner/work/quemiai/quemiai/apps/backend/src/api/social-media.ts","statementMap":{"0":{"start":{"line":1,"column":0},"end":{"line":1,"column":66}},"1":{"start":{"line":2,"column":0},"end":{"line":2,"column":31}},"2":{"start":{"line":3,"column":0},"end":{"line":3,"column":51}},"3":{"start":{"line":4,"column":0},"end":{"line":4,"column":57}},"4":{"start":{"line":5,"column":0},"end":{"line":5,"column":41}},"5":{"start":{"line":6,"column":0},"end":{"line":6,"column":68}},"6":{"start":{"line":10,"column":23},"end":{"line":10,"column":31}},"7":{"start":{"line":47,"column":0},"end":{"line":125,"column":2}},"8":{"start":{"line":51,"column":4},"end":{"line":123,"column":5}},"9":{"start":{"line":52,"column":23},"end":{"line":52,"column":31}},"10":{"start":{"line":53,"column":22},"end":{"line":53,"column":43}},"11":{"start":{"line":55,"column":6},"end":{"line":57,"column":7}},"12":{"start":{"line":56,"column":8},"end":{"line":56,"column":58}},"13":{"start":{"line":59,"column":6},"end":{"line":61,"column":7}},"14":{"start":{"line":60,"column":8},"end":{"line":60,"column":66}},"15":{"start":{"line":64,"column":24},"end":{"line":64,"column":64}},"16":{"start":{"line":67,"column":23},"end":{"line":67,"column":78}},"17":{"start":{"line":70,"column":24},"end":{"line":70,"column":88}},"18":{"start":{"line":73,"column":30},"end":{"line":73,"column":69}},"19":{"start":{"line":76,"column":33},"end":{"line":79,"column":14}},"20":{"start":{"line":81,"column":29},"end":{"line":98,"column":8}},"21":{"start":{"line":100,"column":6},"end":{"line":110,"column":7}},"22":{"start":{"line":102,"column":22},"end":{"line":102,"column":51}},"23":{"start":{"line":103,"column":8},"end":{"line":103,"column":64}},"24":{"start":{"line":106,"column":8},"end":{"line":109,"column":11}},"25":{"start":{"line":112,"column":6},"end":{"line":120,"column":9}},"26":{"start":{"line":122,"column":6},"end":{"line":122,"column":18}},"27":{"start":{"line":155,"column":0},"end":{"line":242,"column":2}},"28":{"start":{"line":159,"column":4},"end":{"line":240,"column":5}},"29":{"start":{"line":160,"column":23},"end":{"line":160,"column":31}},"30":{"start":{"line":161,"column":22},"end":{"line":161,"column":43}},"31":{"start":{"line":163,"column":6},"end":{"line":165,"column":7}},"32":{"start":{"line":164,"column":8},"end":{"line":164,"column":58}},"33":{"start":{"line":167,"column":6},"end":{"line":169,"column":7}},"34":{"start":{"line":168,"column":8},"end":{"line":168,"column":66}},"35":{"start":{"line":172,"column":29},"end":{"line":172,"column":76}},"36":{"start":{"line":175,"column":28},"end":{"line":175,"column":97}},"37":{"start":{"line":178,"column":26},"end":{"line":180,"column":null}},"38":{"start":{"line":184,"column":24},"end":{"line":184,"column":92}},"39":{"start":{"line":187,"column":30},"end":{"line":187,"column":69}},"40":{"start":{"line":190,"column":33},"end":{"line":193,"column":14}},"41":{"start":{"line":195,"column":29},"end":{"line":215,"column":8}},"42":{"start":{"line":217,"column":6},"end":{"line":227,"column":7}},"43":{"start":{"line":219,"column":22},"end":{"line":219,"column":51}},"44":{"start":{"line":220,"column":8},"end":{"line":220,"column":64}},"45":{"start":{"line":223,"column":8},"end":{"line":226,"column":11}},"46":{"start":{"line":229,"column":6},"end":{"line":237,"column":9}},"47":{"start":{"line":239,"column":6},"end":{"line":239,"column":18}},"48":{"start":{"line":260,"column":0},"end":{"line":295,"column":2}},"49":{"start":{"line":264,"column":4},"end":{"line":293,"column":5}},"50":{"start":{"line":265,"column":22},"end":{"line":265,"column":43}},"51":{"start":{"line":267,"column":6},"end":{"line":269,"column":7}},"52":{"start":{"line":268,"column":8},"end":{"line":268,"column":58}},"53":{"start":{"line":271,"column":30},"end":{"line":271,"column":69}},"54":{"start":{"line":272,"column":25},"end":{"line":275,"column":14}},"55":{"start":{"line":277,"column":6},"end":{"line":279,"column":7}},"56":{"start":{"line":278,"column":8},"end":{"line":278,"column":63}},"57":{"start":{"line":282,"column":6},"end":{"line":285,"column":9}},"58":{"start":{"line":287,"column":6},"end":{"line":290,"column":9}},"59":{"start":{"line":292,"column":6},"end":{"line":292,"column":18}},"60":{"start":{"line":313,"column":0},"end":{"line":348,"column":2}},"61":{"start":{"line":317,"column":4},"end":{"line":346,"column":5}},"62":{"start":{"line":318,"column":22},"end":{"line":318,"column":43}},"63":{"start":{"line":320,"column":6},"end":{"line":322,"column":7}},"64":{"start":{"line":321,"column":8},"end":{"line":321,"column":58}},"65":{"start":{"line":324,"column":30},"end":{"line":324,"column":69}},"66":{"start":{"line":325,"column":25},"end":{"line":328,"column":14}},"67":{"start":{"line":330,"column":6},"end":{"line":332,"column":7}},"68":{"start":{"line":331,"column":8},"end":{"line":331,"column":66}},"69":{"start":{"line":335,"column":6},"end":{"line":338,"column":9}},"70":{"start":{"line":340,"column":6},"end":{"line":343,"column":9}},"71":{"start":{"line":345,"column":6},"end":{"line":345,"column":18}},"72":{"start":{"line":370,"column":0},"end":{"line":443,"column":2}},"73":{"start":{"line":374,"column":4},"end":{"line":441,"column":5}},"74":{"start":{"line":375,"column":22},"end":{"line":375,"column":43}},"75":{"start":{"line":376,"column":29},"end":{"line":376,"column":58}},"76":{"start":{"line":378,"column":6},"end":{"line":380,"column":7}},"77":{"start":{"line":379,"column":8},"end":{"line":379,"column":58}},"78":{"start":{"line":382,"column":24},"end":{"line":382,"column":92}},"79":{"start":{"line":384,"column":30},"end":{"line":384,"column":69}},"80":{"start":{"line":385,"column":34},"end":{"line":388,"column":14}},"81":{"start":{"line":390,"column":27},"end":{"line":390,"column":29}},"82":{"start":{"line":392,"column":6},"end":{"line":433,"column":7}},"83":{"start":{"line":393,"column":27},"end":{"line":393,"column":37}},"84":{"start":{"line":395,"column":8},"end":{"line":397,"column":9}},"85":{"start":{"line":396,"column":10},"end":{"line":396,"column":19}},"86":{"start":{"line":399,"column":8},"end":{"line":432,"column":9}},"87":{"start":{"line":400,"column":10},"end":{"line":426,"column":11}},"88":{"start":{"line":401,"column":29},"end":{"line":401,"column":84}},"89":{"start":{"line":402,"column":12},"end":{"line":409,"column":14}},"90":{"start":{"line":410,"column":17},"end":{"line":426,"column":11}},"91":{"start":{"line":411,"column":32},"end":{"line":413,"column":null}},"92":{"start":{"line":415,"column":12},"end":{"line":425,"column":14}},"93":{"start":{"line":428,"column":10},"end":{"line":431,"column":12}},"94":{"start":{"line":435,"column":6},"end":{"line":438,"column":9}},"95":{"start":{"line":440,"column":6},"end":{"line":440,"column":18}},"96":{"start":{"line":471,"column":0},"end":{"line":533,"column":2}},"97":{"start":{"line":475,"column":4},"end":{"line":531,"column":5}},"98":{"start":{"line":476,"column":22},"end":{"line":476,"column":43}},"99":{"start":{"line":477,"column":29},"end":{"line":477,"column":58}},"100":{"start":{"line":478,"column":20},"end":{"line":478,"column":61}},"101":{"start":{"line":480,"column":6},"end":{"line":482,"column":7}},"102":{"start":{"line":481,"column":8},"end":{"line":481,"column":58}},"103":{"start":{"line":484,"column":24},"end":{"line":484,"column":92}},"104":{"start":{"line":486,"column":30},"end":{"line":486,"column":69}},"105":{"start":{"line":487,"column":34},"end":{"line":490,"column":14}},"106":{"start":{"line":492,"column":27},"end":{"line":492,"column":29}},"107":{"start":{"line":494,"column":6},"end":{"line":523,"column":7}},"108":{"start":{"line":495,"column":27},"end":{"line":495,"column":37}},"109":{"start":{"line":497,"column":8},"end":{"line":499,"column":9}},"110":{"start":{"line":498,"column":10},"end":{"line":498,"column":19}},"111":{"start":{"line":501,"column":8},"end":{"line":522,"column":9}},"112":{"start":{"line":502,"column":10},"end":{"line":516,"column":11}},"113":{"start":{"line":503,"column":27},"end":{"line":506,"column":null}},"114":{"start":{"line":508,"column":12},"end":{"line":508,"column":36}},"115":{"start":{"line":509,"column":17},"end":{"line":516,"column":11}},"116":{"start":{"line":510,"column":26},"end":{"line":513,"column":null}},"117":{"start":{"line":515,"column":12},"end":{"line":515,"column":38}},"118":{"start":{"line":518,"column":10},"end":{"line":521,"column":12}},"119":{"start":{"line":525,"column":6},"end":{"line":528,"column":9}},"120":{"start":{"line":530,"column":6},"end":{"line":530,"column":18}},"121":{"start":{"line":575,"column":0},"end":{"line":651,"column":2}},"122":{"start":{"line":579,"column":4},"end":{"line":649,"column":5}},"123":{"start":{"line":580,"column":22},"end":{"line":580,"column":43}},"124":{"start":{"line":581,"column":56},"end":{"line":581,"column":64}},"125":{"start":{"line":583,"column":6},"end":{"line":585,"column":7}},"126":{"start":{"line":584,"column":8},"end":{"line":584,"column":58}},"127":{"start":{"line":587,"column":6},"end":{"line":589,"column":7}},"128":{"start":{"line":588,"column":8},"end":{"line":588,"column":63}},"129":{"start":{"line":591,"column":6},"end":{"line":593,"column":7}},"130":{"start":{"line":592,"column":8},"end":{"line":592,"column":57}},"131":{"start":{"line":595,"column":30},"end":{"line":595,"column":69}},"132":{"start":{"line":596,"column":34},"end":{"line":599,"column":14}},"133":{"start":{"line":601,"column":27},"end":{"line":601,"column":29}},"134":{"start":{"line":603,"column":6},"end":{"line":640,"column":7}},"135":{"start":{"line":604,"column":27},"end":{"line":604,"column":37}},"136":{"start":{"line":606,"column":8},"end":{"line":608,"column":9}},"137":{"start":{"line":607,"column":10},"end":{"line":607,"column":19}},"138":{"start":{"line":610,"column":8},"end":{"line":639,"column":9}},"139":{"start":{"line":611,"column":10},"end":{"line":633,"column":11}},"140":{"start":{"line":612,"column":27},"end":{"line":615,"column":null}},"141":{"start":{"line":617,"column":12},"end":{"line":620,"column":14}},"142":{"start":{"line":621,"column":17},"end":{"line":633,"column":11}},"143":{"start":{"line":622,"column":27},"end":{"line":627,"column":null}},"144":{"start":{"line":629,"column":12},"end":{"line":632,"column":14}},"145":{"start":{"line":635,"column":10},"end":{"line":638,"column":12}},"146":{"start":{"line":642,"column":6},"end":{"line":646,"column":9}},"147":{"start":{"line":648,"column":6},"end":{"line":648,"column":18}},"148":{"start":{"line":667,"column":0},"end":{"line":703,"column":2}},"149":{"start":{"line":671,"column":4},"end":{"line":701,"column":5}},"150":{"start":{"line":672,"column":22},"end":{"line":672,"column":43}},"151":{"start":{"line":674,"column":6},"end":{"line":676,"column":7}},"152":{"start":{"line":675,"column":8},"end":{"line":675,"column":58}},"153":{"start":{"line":678,"column":30},"end":{"line":678,"column":69}},"154":{"start":{"line":679,"column":34},"end":{"line":679,"column":91}},"155":{"start":{"line":681,"column":26},"end":{"line":693,"column":8}},"156":{"start":{"line":682,"column":21},"end":{"line":682,"column":31}},"157":{"start":{"line":683,"column":8},"end":{"line":692,"column":10}},"158":{"start":{"line":695,"column":6},"end":{"line":698,"column":9}},"159":{"start":{"line":700,"column":6},"end":{"line":700,"column":18}},"160":{"start":{"line":705,"column":0},"end":{"line":705,"column":22}}},"fnMap":{"0":{"name":"(anonymous_1)","decl":{"start":{"line":50,"column":2},"end":{"line":50,"column":7}},"loc":{"start":{"line":50,"column":60},"end":{"line":124,"column":3}}},"1":{"name":"(anonymous_2)","decl":{"start":{"line":158,"column":2},"end":{"line":158,"column":7}},"loc":{"start":{"line":158,"column":60},"end":{"line":241,"column":3}}},"2":{"name":"(anonymous_3)","decl":{"start":{"line":263,"column":2},"end":{"line":263,"column":7}},"loc":{"start":{"line":263,"column":60},"end":{"line":294,"column":3}}},"3":{"name":"(anonymous_4)","decl":{"start":{"line":316,"column":2},"end":{"line":316,"column":7}},"loc":{"start":{"line":316,"column":60},"end":{"line":347,"column":3}}},"4":{"name":"(anonymous_5)","decl":{"start":{"line":373,"column":2},"end":{"line":373,"column":7}},"loc":{"start":{"line":373,"column":60},"end":{"line":442,"column":3}}},"5":{"name":"(anonymous_6)","decl":{"start":{"line":474,"column":2},"end":{"line":474,"column":7}},"loc":{"start":{"line":474,"column":60},"end":{"line":532,"column":3}}},"6":{"name":"(anonymous_7)","decl":{"start":{"line":578,"column":2},"end":{"line":578,"column":7}},"loc":{"start":{"line":578,"column":60},"end":{"line":650,"column":3}}},"7":{"name":"(anonymous_8)","decl":{"start":{"line":670,"column":2},"end":{"line":670,"column":7}},"loc":{"start":{"line":670,"column":60},"end":{"line":702,"column":3}}},"8":{"name":"(anonymous_9)","decl":{"start":{"line":681,"column":55},"end":{"line":681,"column":56}},"loc":{"start":{"line":681,"column":63},"end":{"line":693,"column":7}}}},"branchMap":{"0":{"loc":{"start":{"line":55,"column":6},"end":{"line":57,"column":7}},"type":"if","locations":[{"start":{"line":55,"column":6},"end":{"line":57,"column":7}},{"start":{},"end":{}}]},"1":{"loc":{"start":{"line":59,"column":6},"end":{"line":61,"column":7}},"type":"if","locations":[{"start":{"line":59,"column":6},"end":{"line":61,"column":7}},{"start":{},"end":{}}]},"2":{"loc":{"start":{"line":100,"column":6},"end":{"line":110,"column":7}},"type":"if","locations":[{"start":{"line":100,"column":6},"end":{"line":110,"column":7}},{"start":{"line":104,"column":13},"end":{"line":110,"column":7}}]},"3":{"loc":{"start":{"line":163,"column":6},"end":{"line":165,"column":7}},"type":"if","locations":[{"start":{"line":163,"column":6},"end":{"line":165,"column":7}},{"start":{},"end":{}}]},"4":{"loc":{"start":{"line":167,"column":6},"end":{"line":169,"column":7}},"type":"if","locations":[{"start":{"line":167,"column":6},"end":{"line":169,"column":7}},{"start":{},"end":{}}]},"5":{"loc":{"start":{"line":217,"column":6},"end":{"line":227,"column":7}},"type":"if","locations":[{"start":{"line":217,"column":6},"end":{"line":227,"column":7}},{"start":{"line":221,"column":13},"end":{"line":227,"column":7}}]},"6":{"loc":{"start":{"line":267,"column":6},"end":{"line":269,"column":7}},"type":"if","locations":[{"start":{"line":267,"column":6},"end":{"line":269,"column":7}},{"start":{},"end":{}}]},"7":{"loc":{"start":{"line":277,"column":6},"end":{"line":279,"column":7}},"type":"if","locations":[{"start":{"line":277,"column":6},"end":{"line":279,"column":7}},{"start":{},"end":{}}]},"8":{"loc":{"start":{"line":320,"column":6},"end":{"line":322,"column":7}},"type":"if","locations":[{"start":{"line":320,"column":6},"end":{"line":322,"column":7}},{"start":{},"end":{}}]},"9":{"loc":{"start":{"line":330,"column":6},"end":{"line":332,"column":7}},"type":"if","locations":[{"start":{"line":330,"column":6},"end":{"line":332,"column":7}},{"start":{},"end":{}}]},"10":{"loc":{"start":{"line":378,"column":6},"end":{"line":380,"column":7}},"type":"if","locations":[{"start":{"line":378,"column":6},"end":{"line":380,"column":7}},{"start":{},"end":{}}]},"11":{"loc":{"start":{"line":382,"column":24},"end":{"line":382,"column":92}},"type":"cond-expr","locations":[{"start":{"line":382,"column":41},"end":{"line":382,"column":66}},{"start":{"line":382,"column":69},"end":{"line":382,"column":92}}]},"12":{"loc":{"start":{"line":395,"column":8},"end":{"line":397,"column":9}},"type":"if","locations":[{"start":{"line":395,"column":8},"end":{"line":397,"column":9}},{"start":{},"end":{}}]},"13":{"loc":{"start":{"line":400,"column":10},"end":{"line":426,"column":11}},"type":"if","locations":[{"start":{"line":400,"column":10},"end":{"line":426,"column":11}},{"start":{"line":410,"column":17},"end":{"line":426,"column":11}}]},"14":{"loc":{"start":{"line":410,"column":17},"end":{"line":426,"column":11}},"type":"if","locations":[{"start":{"line":410,"column":17},"end":{"line":426,"column":11}},{"start":{},"end":{}}]},"15":{"loc":{"start":{"line":478,"column":20},"end":{"line":478,"column":61}},"type":"binary-expr","locations":[{"start":{"line":478,"column":20},"end":{"line":478,"column":55}},{"start":{"line":478,"column":59},"end":{"line":478,"column":61}}]},"16":{"loc":{"start":{"line":480,"column":6},"end":{"line":482,"column":7}},"type":"if","locations":[{"start":{"line":480,"column":6},"end":{"line":482,"column":7}},{"start":{},"end":{}}]},"17":{"loc":{"start":{"line":484,"column":24},"end":{"line":484,"column":92}},"type":"cond-expr","locations":[{"start":{"line":484,"column":41},"end":{"line":484,"column":66}},{"start":{"line":484,"column":69},"end":{"line":484,"column":92}}]},"18":{"loc":{"start":{"line":497,"column":8},"end":{"line":499,"column":9}},"type":"if","locations":[{"start":{"line":497,"column":8},"end":{"line":499,"column":9}},{"start":{},"end":{}}]},"19":{"loc":{"start":{"line":502,"column":10},"end":{"line":516,"column":11}},"type":"if","locations":[{"start":{"line":502,"column":10},"end":{"line":516,"column":11}},{"start":{"line":509,"column":17},"end":{"line":516,"column":11}}]},"20":{"loc":{"start":{"line":509,"column":17},"end":{"line":516,"column":11}},"type":"if","locations":[{"start":{"line":509,"column":17},"end":{"line":516,"column":11}},{"start":{},"end":{}}]},"21":{"loc":{"start":{"line":583,"column":6},"end":{"line":585,"column":7}},"type":"if","locations":[{"start":{"line":583,"column":6},"end":{"line":585,"column":7}},{"start":{},"end":{}}]},"22":{"loc":{"start":{"line":587,"column":6},"end":{"line":589,"column":7}},"type":"if","locations":[{"start":{"line":587,"column":6},"end":{"line":589,"column":7}},{"start":{},"end":{}}]},"23":{"loc":{"start":{"line":587,"column":10},"end":{"line":587,"column":75}},"type":"binary-expr","locations":[{"start":{"line":587,"column":10},"end":{"line":587,"column":20}},{"start":{"line":587,"column":24},"end":{"line":587,"column":49}},{"start":{"line":587,"column":53},"end":{"line":587,"column":75}}]},"24":{"loc":{"start":{"line":591,"column":6},"end":{"line":593,"column":7}},"type":"if","locations":[{"start":{"line":591,"column":6},"end":{"line":593,"column":7}},{"start":{},"end":{}}]},"25":{"loc":{"start":{"line":606,"column":8},"end":{"line":608,"column":9}},"type":"if","locations":[{"start":{"line":606,"column":8},"end":{"line":608,"column":9}},{"start":{},"end":{}}]},"26":{"loc":{"start":{"line":611,"column":10},"end":{"line":633,"column":11}},"type":"if","locations":[{"start":{"line":611,"column":10},"end":{"line":633,"column":11}},{"start":{"line":621,"column":17},"end":{"line":633,"column":11}}]},"27":{"loc":{"start":{"line":611,"column":14},"end":{"line":611,"column":57}},"type":"binary-expr","locations":[{"start":{"line":611,"column":14},"end":{"line":611,"column":46}},{"start":{"line":611,"column":50},"end":{"line":611,"column":57}}]},"28":{"loc":{"start":{"line":615,"column":14},"end":{"line":615,"column":46}},"type":"binary-expr","locations":[{"start":{"line":615,"column":14},"end":{"line":615,"column":21}},{"start":{"line":615,"column":25},"end":{"line":615,"column":46}}]},"29":{"loc":{"start":{"line":621,"column":17},"end":{"line":633,"column":11}},"type":"if","locations":[{"start":{"line":621,"column":17},"end":{"line":633,"column":11}},{"start":{},"end":{}}]},"30":{"loc":{"start":{"line":674,"column":6},"end":{"line":676,"column":7}},"type":"if","locations":[{"start":{"line":674,"column":6},"end":{"line":676,"column":7}},{"start":{},"end":{}}]},"31":{"loc":{"start":{"line":689,"column":20},"end":{"line":689,"column":68}},"type":"cond-expr","locations":[{"start":{"line":689,"column":36},"end":{"line":689,"column":61}},{"start":{"line":689,"column":64},"end":{"line":689,"column":68}}]}},"s":{"0":6,"1":6,"2":6,"3":6,"4":6,"5":6,"6":6,"7":6,"8":2,"9":2,"10":2,"11":2,"12":0,"13":2,"14":1,"15":1,"16":1,"17":1,"18":1,"19":1,"20":1,"21":1,"22":0,"23":0,"24":1,"25":1,"26":1,"27":6,"28":1,"29":1,"30":1,"31":1,"32":0,"33":1,"34":0,"35":1,"36":1,"37":1,"38":1,"39":1,"40":1,"41":1,"42":1,"43":0,"44":0,"45":1,"46":1,"47":0,"48":6,"49":2,"50":2,"51":2,"52":0,"53":2,"54":2,"55":2,"56":1,"57":1,"58":1,"59":1,"60":6,"61":0,"62":0,"63":0,"64":0,"65":0,"66":0,"67":0,"68":0,"69":0,"70":0,"71":0,"72":6,"73":1,"74":1,"75":1,"76":1,"77":0,"78":1,"79":1,"80":1,"81":1,"82":1,"83":1,"84":1,"85":0,"86":1,"87":1,"88":1,"89":1,"90":0,"91":0,"92":0,"93":0,"94":1,"95":0,"96":6,"97":0,"98":0,"99":0,"100":0,"101":0,"102":0,"103":0,"104":0,"105":0,"106":0,"107":0,"108":0,"109":0,"110":0,"111":0,"112":0,"113":0,"114":0,"115":0,"116":0,"117":0,"118":0,"119":0,"120":0,"121":6,"122":2,"123":2,"124":2,"125":2,"126":0,"127":2,"128":1,"129":1,"130":0,"131":1,"132":1,"133":1,"134":1,"135":1,"136":1,"137":0,"138":1,"139":1,"140":1,"141":1,"142":0,"143":0,"144":0,"145":0,"146":1,"147":1,"148":6,"149":1,"150":1,"151":1,"152":0,"153":1,"154":1,"155":1,"156":2,"157":2,"158":1,"159":0,"160":6},"f":{"0":2,"1":1,"2":2,"3":0,"4":1,"5":0,"6":2,"7":1,"8":2},"b":{"0":[0,2],"1":[1,1],"2":[0,1],"3":[0,1],"4":[0,1],"5":[0,1],"6":[0,2],"7":[1,1],"8":[0,0],"9":[0,0],"10":[0,1],"11":[1,0],"12":[0,1],"13":[1,0],"14":[0,0],"15":[0,0],"16":[0,0],"17":[0,0],"18":[0,0],"19":[0,0],"20":[0,0],"21":[0,2],"22":[1,1],"23":[2,1,1],"24":[0,1],"25":[0,1],"26":[1,0],"27":[1,1],"28":[1,0],"29":[0,0],"30":[0,1],"31":[0,2]}}
,"/home/runner/work/quemiai/quemiai/apps/backend/src/api/users.ts": {"path":"/home/runner/work/quemiai/quemiai/apps/backend/src/api/users.ts","statementMap":{"0":{"start":{"line":1,"column":0},"end":{"line":1,"column":66}},"1":{"start":{"line":2,"column":0},"end":{"line":2,"column":31}},"2":{"start":{"line":3,"column":0},"end":{"line":3,"column":73}},"3":{"start":{"line":4,"column":0},"end":{"line":4,"column":41}},"4":{"start":{"line":6,"column":23},"end":{"line":6,"column":31}},"5":{"start":{"line":62,"column":0},"end":{"line":72,"column":3}},"6":{"start":{"line":63,"column":2},"end":{"line":71,"column":3}},"7":{"start":{"line":64,"column":16},"end":{"line":64,"column":73}},"8":{"start":{"line":65,"column":4},"end":{"line":67,"column":5}},"9":{"start":{"line":66,"column":6},"end":{"line":66,"column":55}},"10":{"start":{"line":68,"column":4},"end":{"line":68,"column":51}},"11":{"start":{"line":70,"column":4},"end":{"line":70,"column":23}},"12":{"start":{"line":116,"column":0},"end":{"line":152,"column":2}},"13":{"start":{"line":120,"column":4},"end":{"line":150,"column":5}},"14":{"start":{"line":121,"column":25},"end":{"line":121,"column":35}},"15":{"start":{"line":133,"column":10},"end":{"line":133,"column":18}},"16":{"start":{"line":134,"column":6},"end":{"line":146,"column":9}},"17":{"start":{"line":147,"column":6},"end":{"line":147,"column":72}},"18":{"start":{"line":149,"column":6},"end":{"line":149,"column":25}},"19":{"start":{"line":179,"column":0},"end":{"line":238,"column":3}},"20":{"start":{"line":180,"column":2},"end":{"line":237,"column":3}},"21":{"start":{"line":181,"column":23},"end":{"line":181,"column":33}},"22":{"start":{"line":182,"column":23},"end":{"line":182,"column":35}},"23":{"start":{"line":184,"column":4},"end":{"line":186,"column":5}},"24":{"start":{"line":185,"column":6},"end":{"line":185,"column":64}},"25":{"start":{"line":188,"column":4},"end":{"line":190,"column":5}},"26":{"start":{"line":189,"column":6},"end":{"line":189,"column":63}},"27":{"start":{"line":192,"column":28},"end":{"line":192,"column":62}},"28":{"start":{"line":193,"column":24},"end":{"line":193,"column":62}},"29":{"start":{"line":195,"column":43},"end":{"line":198,"column":6}},"30":{"start":{"line":200,"column":4},"end":{"line":202,"column":5}},"31":{"start":{"line":201,"column":6},"end":{"line":201,"column":65}},"32":{"start":{"line":203,"column":4},"end":{"line":205,"column":5}},"33":{"start":{"line":204,"column":6},"end":{"line":204,"column":64}},"34":{"start":{"line":208,"column":33},"end":{"line":213,"column":12}},"35":{"start":{"line":215,"column":4},"end":{"line":217,"column":5}},"36":{"start":{"line":216,"column":6},"end":{"line":216,"column":68}},"37":{"start":{"line":220,"column":4},"end":{"line":224,"column":7}},"38":{"start":{"line":227,"column":4},"end":{"line":229,"column":7}},"39":{"start":{"line":230,"column":4},"end":{"line":232,"column":7}},"40":{"start":{"line":234,"column":4},"end":{"line":234,"column":75}},"41":{"start":{"line":236,"column":4},"end":{"line":236,"column":23}},"42":{"start":{"line":265,"column":0},"end":{"line":316,"column":3}},"43":{"start":{"line":266,"column":2},"end":{"line":315,"column":3}},"44":{"start":{"line":267,"column":23},"end":{"line":267,"column":33}},"45":{"start":{"line":268,"column":23},"end":{"line":268,"column":35}},"46":{"start":{"line":270,"column":4},"end":{"line":272,"column":5}},"47":{"start":{"line":271,"column":6},"end":{"line":271,"column":64}},"48":{"start":{"line":274,"column":30},"end":{"line":274,"column":64}},"49":{"start":{"line":275,"column":24},"end":{"line":275,"column":62}},"50":{"start":{"line":277,"column":45},"end":{"line":280,"column":6}},"51":{"start":{"line":282,"column":4},"end":{"line":284,"column":5}},"52":{"start":{"line":283,"column":6},"end":{"line":283,"column":67}},"53":{"start":{"line":285,"column":4},"end":{"line":287,"column":5}},"54":{"start":{"line":286,"column":6},"end":{"line":286,"column":64}},"55":{"start":{"line":290,"column":33},"end":{"line":295,"column":12}},"56":{"start":{"line":297,"column":4},"end":{"line":299,"column":5}},"57":{"start":{"line":298,"column":6},"end":{"line":298,"column":64}},"58":{"start":{"line":302,"column":4},"end":{"line":302,"column":87}},"59":{"start":{"line":305,"column":4},"end":{"line":307,"column":7}},"60":{"start":{"line":308,"column":4},"end":{"line":310,"column":7}},"61":{"start":{"line":312,"column":4},"end":{"line":312,"column":77}},"62":{"start":{"line":314,"column":4},"end":{"line":314,"column":23}},"63":{"start":{"line":352,"column":0},"end":{"line":389,"column":3}},"64":{"start":{"line":353,"column":2},"end":{"line":388,"column":3}},"65":{"start":{"line":354,"column":23},"end":{"line":354,"column":33}},"66":{"start":{"line":356,"column":20},"end":{"line":356,"column":66}},"67":{"start":{"line":357,"column":4},"end":{"line":359,"column":5}},"68":{"start":{"line":358,"column":6},"end":{"line":358,"column":55}},"69":{"start":{"line":361,"column":30},"end":{"line":364,"column":12}},"70":{"start":{"line":366,"column":24},"end":{"line":366,"column":82}},"71":{"start":{"line":366,"column":60},"end":{"line":366,"column":81}},"72":{"start":{"line":368,"column":4},"end":{"line":370,"column":5}},"73":{"start":{"line":369,"column":6},"end":{"line":369,"column":38}},"74":{"start":{"line":373,"column":30},"end":{"line":373,"column":91}},"75":{"start":{"line":373,"column":54},"end":{"line":373,"column":90}},"76":{"start":{"line":374,"column":26},"end":{"line":374,"column":62}},"77":{"start":{"line":376,"column":22},"end":{"line":383,"column":6}},"78":{"start":{"line":377,"column":19},"end":{"line":377,"column":29}},"79":{"start":{"line":378,"column":6},"end":{"line":382,"column":8}},"80":{"start":{"line":385,"column":4},"end":{"line":385,"column":43}},"81":{"start":{"line":387,"column":4},"end":{"line":387,"column":23}},"82":{"start":{"line":425,"column":0},"end":{"line":462,"column":3}},"83":{"start":{"line":426,"column":2},"end":{"line":461,"column":3}},"84":{"start":{"line":427,"column":23},"end":{"line":427,"column":33}},"85":{"start":{"line":429,"column":20},"end":{"line":429,"column":66}},"86":{"start":{"line":430,"column":4},"end":{"line":432,"column":5}},"87":{"start":{"line":431,"column":6},"end":{"line":431,"column":55}},"88":{"start":{"line":434,"column":30},"end":{"line":437,"column":12}},"89":{"start":{"line":439,"column":25},"end":{"line":439,"column":84}},"90":{"start":{"line":439,"column":61},"end":{"line":439,"column":83}},"91":{"start":{"line":441,"column":4},"end":{"line":443,"column":5}},"92":{"start":{"line":442,"column":6},"end":{"line":442,"column":38}},"93":{"start":{"line":446,"column":30},"end":{"line":446,"column":92}},"94":{"start":{"line":446,"column":55},"end":{"line":446,"column":91}},"95":{"start":{"line":447,"column":26},"end":{"line":447,"column":62}},"96":{"start":{"line":449,"column":22},"end":{"line":456,"column":6}},"97":{"start":{"line":450,"column":19},"end":{"line":450,"column":29}},"98":{"start":{"line":451,"column":6},"end":{"line":455,"column":8}},"99":{"start":{"line":458,"column":4},"end":{"line":458,"column":43}},"100":{"start":{"line":460,"column":4},"end":{"line":460,"column":23}},"101":{"start":{"line":486,"column":0},"end":{"line":501,"column":3}},"102":{"start":{"line":487,"column":2},"end":{"line":500,"column":3}},"103":{"start":{"line":488,"column":16},"end":{"line":488,"column":73}},"104":{"start":{"line":489,"column":4},"end":{"line":491,"column":5}},"105":{"start":{"line":490,"column":6},"end":{"line":490,"column":55}},"106":{"start":{"line":492,"column":21},"end":{"line":496,"column":6}},"107":{"start":{"line":497,"column":4},"end":{"line":497,"column":30}},"108":{"start":{"line":499,"column":4},"end":{"line":499,"column":23}},"109":{"start":{"line":540,"column":0},"end":{"line":554,"column":3}},"110":{"start":{"line":541,"column":2},"end":{"line":553,"column":3}},"111":{"start":{"line":542,"column":23},"end":{"line":542,"column":33}},"112":{"start":{"line":543,"column":59},"end":{"line":543,"column":67}},"113":{"start":{"line":544,"column":4},"end":{"line":549,"column":7}},"114":{"start":{"line":550,"column":4},"end":{"line":550,"column":71}},"115":{"start":{"line":552,"column":4},"end":{"line":552,"column":23}},"116":{"start":{"line":556,"column":0},"end":{"line":556,"column":22}}},"fnMap":{"0":{"name":"(anonymous_1)","decl":{"start":{"line":62,"column":23},"end":{"line":62,"column":28}},"loc":{"start":{"line":62,"column":81},"end":{"line":72,"column":1}}},"1":{"name":"(anonymous_2)","decl":{"start":{"line":119,"column":2},"end":{"line":119,"column":7}},"loc":{"start":{"line":119,"column":60},"end":{"line":151,"column":3}}},"2":{"name":"(anonymous_3)","decl":{"start":{"line":179,"column":31},"end":{"line":179,"column":36}},"loc":{"start":{"line":179,"column":93},"end":{"line":238,"column":1}}},"3":{"name":"(anonymous_4)","decl":{"start":{"line":265,"column":33},"end":{"line":265,"column":38}},"loc":{"start":{"line":265,"column":95},"end":{"line":316,"column":1}}},"4":{"name":"(anonymous_5)","decl":{"start":{"line":352,"column":33},"end":{"line":352,"column":38}},"loc":{"start":{"line":352,"column":91},"end":{"line":389,"column":1}}},"5":{"name":"(anonymous_6)","decl":{"start":{"line":366,"column":51},"end":{"line":366,"column":52}},"loc":{"start":{"line":366,"column":60},"end":{"line":366,"column":81}}},"6":{"name":"(anonymous_7)","decl":{"start":{"line":373,"column":46},"end":{"line":373,"column":47}},"loc":{"start":{"line":373,"column":54},"end":{"line":373,"column":90}}},"7":{"name":"(anonymous_8)","decl":{"start":{"line":376,"column":40},"end":{"line":376,"column":41}},"loc":{"start":{"line":376,"column":48},"end":{"line":383,"column":5}}},"8":{"name":"(anonymous_9)","decl":{"start":{"line":425,"column":33},"end":{"line":425,"column":38}},"loc":{"start":{"line":425,"column":91},"end":{"line":462,"column":1}}},"9":{"name":"(anonymous_10)","decl":{"start":{"line":439,"column":52},"end":{"line":439,"column":53}},"loc":{"start":{"line":439,"column":61},"end":{"line":439,"column":83}}},"10":{"name":"(anonymous_11)","decl":{"start":{"line":446,"column":47},"end":{"line":446,"column":48}},"loc":{"start":{"line":446,"column":55},"end":{"line":446,"column":91}}},"11":{"name":"(anonymous_12)","decl":{"start":{"line":449,"column":40},"end":{"line":449,"column":41}},"loc":{"start":{"line":449,"column":48},"end":{"line":456,"column":5}}},"12":{"name":"(anonymous_13)","decl":{"start":{"line":486,"column":32},"end":{"line":486,"column":37}},"loc":{"start":{"line":486,"column":57},"end":{"line":501,"column":1}}},"13":{"name":"(anonymous_14)","decl":{"start":{"line":540,"column":32},"end":{"line":540,"column":37}},"loc":{"start":{"line":540,"column":57},"end":{"line":554,"column":1}}}},"branchMap":{"0":{"loc":{"start":{"line":65,"column":4},"end":{"line":67,"column":5}},"type":"if","locations":[{"start":{"line":65,"column":4},"end":{"line":67,"column":5}},{"start":{},"end":{}}]},"1":{"loc":{"start":{"line":184,"column":4},"end":{"line":186,"column":5}},"type":"if","locations":[{"start":{"line":184,"column":4},"end":{"line":186,"column":5}},{"start":{},"end":{}}]},"2":{"loc":{"start":{"line":188,"column":4},"end":{"line":190,"column":5}},"type":"if","locations":[{"start":{"line":188,"column":4},"end":{"line":190,"column":5}},{"start":{},"end":{}}]},"3":{"loc":{"start":{"line":200,"column":4},"end":{"line":202,"column":5}},"type":"if","locations":[{"start":{"line":200,"column":4},"end":{"line":202,"column":5}},{"start":{},"end":{}}]},"4":{"loc":{"start":{"line":203,"column":4},"end":{"line":205,"column":5}},"type":"if","locations":[{"start":{"line":203,"column":4},"end":{"line":205,"column":5}},{"start":{},"end":{}}]},"5":{"loc":{"start":{"line":215,"column":4},"end":{"line":217,"column":5}},"type":"if","locations":[{"start":{"line":215,"column":4},"end":{"line":217,"column":5}},{"start":{},"end":{}}]},"6":{"loc":{"start":{"line":228,"column":23},"end":{"line":228,"column":66}},"type":"binary-expr","locations":[{"start":{"line":228,"column":23},"end":{"line":228,"column":61}},{"start":{"line":228,"column":65},"end":{"line":228,"column":66}}]},"7":{"loc":{"start":{"line":231,"column":23},"end":{"line":231,"column":62}},"type":"binary-expr","locations":[{"start":{"line":231,"column":23},"end":{"line":231,"column":57}},{"start":{"line":231,"column":61},"end":{"line":231,"column":62}}]},"8":{"loc":{"start":{"line":270,"column":4},"end":{"line":272,"column":5}},"type":"if","locations":[{"start":{"line":270,"column":4},"end":{"line":272,"column":5}},{"start":{},"end":{}}]},"9":{"loc":{"start":{"line":282,"column":4},"end":{"line":284,"column":5}},"type":"if","locations":[{"start":{"line":282,"column":4},"end":{"line":284,"column":5}},{"start":{},"end":{}}]},"10":{"loc":{"start":{"line":285,"column":4},"end":{"line":287,"column":5}},"type":"if","locations":[{"start":{"line":285,"column":4},"end":{"line":287,"column":5}},{"start":{},"end":{}}]},"11":{"loc":{"start":{"line":297,"column":4},"end":{"line":299,"column":5}},"type":"if","locations":[{"start":{"line":297,"column":4},"end":{"line":299,"column":5}},{"start":{},"end":{}}]},"12":{"loc":{"start":{"line":306,"column":35},"end":{"line":306,"column":80}},"type":"binary-expr","locations":[{"start":{"line":306,"column":35},"end":{"line":306,"column":75}},{"start":{"line":306,"column":79},"end":{"line":306,"column":80}}]},"13":{"loc":{"start":{"line":309,"column":35},"end":{"line":309,"column":74}},"type":"binary-expr","locations":[{"start":{"line":309,"column":35},"end":{"line":309,"column":69}},{"start":{"line":309,"column":73},"end":{"line":309,"column":74}}]},"14":{"loc":{"start":{"line":357,"column":4},"end":{"line":359,"column":5}},"type":"if","locations":[{"start":{"line":357,"column":4},"end":{"line":359,"column":5}},{"start":{},"end":{}}]},"15":{"loc":{"start":{"line":368,"column":4},"end":{"line":370,"column":5}},"type":"if","locations":[{"start":{"line":368,"column":4},"end":{"line":370,"column":5}},{"start":{},"end":{}}]},"16":{"loc":{"start":{"line":430,"column":4},"end":{"line":432,"column":5}},"type":"if","locations":[{"start":{"line":430,"column":4},"end":{"line":432,"column":5}},{"start":{},"end":{}}]},"17":{"loc":{"start":{"line":441,"column":4},"end":{"line":443,"column":5}},"type":"if","locations":[{"start":{"line":441,"column":4},"end":{"line":443,"column":5}},{"start":{},"end":{}}]},"18":{"loc":{"start":{"line":489,"column":4},"end":{"line":491,"column":5}},"type":"if","locations":[{"start":{"line":489,"column":4},"end":{"line":491,"column":5}},{"start":{},"end":{}}]},"19":{"loc":{"start":{"line":493,"column":23},"end":{"line":493,"column":56}},"type":"binary-expr","locations":[{"start":{"line":493,"column":23},"end":{"line":493,"column":50}},{"start":{"line":493,"column":54},"end":{"line":493,"column":56}}]},"20":{"loc":{"start":{"line":494,"column":18},"end":{"line":494,"column":46}},"type":"binary-expr","locations":[{"start":{"line":494,"column":18},"end":{"line":494,"column":40}},{"start":{"line":494,"column":44},"end":{"line":494,"column":46}}]},"21":{"loc":{"start":{"line":495,"column":21},"end":{"line":495,"column":52}},"type":"binary-expr","locations":[{"start":{"line":495,"column":21},"end":{"line":495,"column":46}},{"start":{"line":495,"column":50},"end":{"line":495,"column":52}}]}},"s":{"0":6,"1":6,"2":6,"3":6,"4":6,"5":6,"6":2,"7":2,"8":2,"9":1,"10":1,"11":0,"12":6,"13":1,"14":1,"15":1,"16":1,"17":1,"18":0,"19":6,"20":2,"21":2,"22":2,"23":2,"24":2,"25":0,"26":0,"27":0,"28":0,"29":0,"30":0,"31":0,"32":0,"33":0,"34":0,"35":0,"36":0,"37":0,"38":0,"39":0,"40":0,"41":0,"42":6,"43":1,"44":1,"45":1,"46":1,"47":1,"48":0,"49":0,"50":0,"51":0,"52":0,"53":0,"54":0,"55":0,"56":0,"57":0,"58":0,"59":0,"60":0,"61":0,"62":0,"63":6,"64":1,"65":1,"66":1,"67":1,"68":0,"69":1,"70":0,"71":0,"72":0,"73":0,"74":0,"75":0,"76":0,"77":0,"78":0,"79":0,"80":0,"81":1,"82":6,"83":1,"84":1,"85":1,"86":1,"87":0,"88":1,"89":0,"90":0,"91":0,"92":0,"93":0,"94":0,"95":0,"96":0,"97":0,"98":0,"99":0,"100":1,"101":6,"102":0,"103":0,"104":0,"105":0,"106":0,"107":0,"108":0,"109":6,"110":0,"111":0,"112":0,"113":0,"114":0,"115":0,"116":6},"f":{"0":2,"1":1,"2":2,"3":1,"4":1,"5":0,"6":0,"7":0,"8":1,"9":0,"10":0,"11":0,"12":0,"13":0},"b":{"0":[1,1],"1":[2,0],"2":[0,0],"3":[0,0],"4":[0,0],"5":[0,0],"6":[0,0],"7":[0,0],"8":[1,0],"9":[0,0],"10":[0,0],"11":[0,0],"12":[0,0],"13":[0,0],"14":[0,1],"15":[0,0],"16":[0,1],"17":[0,0],"18":[0,0],"19":[0,0],"20":[0,0],"21":[0,0]}}
[...]
,"column":32}},"22":{"start":{"line":37,"column":6},"end":{"line":54,"column":7}},"23":{"start":{"line":38,"column":8},"end":{"line":53,"column":11}},"24":{"start":{"line":39,"column":38},"end":{"line":39,"column":70}},"25":{"start":{"line":40,"column":10},"end":{"line":52,"column":11}},"26":{"start":{"line":45,"column":12},"end":{"line":51,"column":14}},"27":{"start":{"line":58,"column":2},"end":{"line":61,"column":5}},"28":{"start":{"line":59,"column":4},"end":{"line":59,"column":73}},"29":{"start":{"line":60,"column":4},"end":{"line":60,"column":21}},"30":{"start":{"line":64,"column":0},"end":{"line":64,"column":19}}},"fnMap":{"0":{"name":"(anonymous_0)","decl":{"start":{"line":11,"column":21},"end":{"line":11,"column":26}},"loc":{"start":{"line":11,"column":67},"end":{"line":62,"column":1}}},"1":{"name":"(anonymous_1)","decl":{"start":{"line":29,"column":19},"end":{"line":29,"column":20}},"loc":{"start":{"line":29,"column":31},"end":{"line":56,"column":3}}},"2":{"name":"(anonymous_2)","decl":{"start":{"line":38,"column":28},"end":{"line":38,"column":29}},"loc":{"start":{"line":38,"column":39},"end":{"line":53,"column":9}}},"3":{"name":"(anonymous_3)","decl":{"start":{"line":58,"column":17},"end":{"line":58,"column":20}},"loc":{"start":{"line":58,"column":22},"end":{"line":61,"column":3}}}},"branchMap":{"0":{"loc":{"start":{"line":17,"column":2},"end":{"line":27,"column":3}},"type":"if","locations":[{"start":{"line":17,"column":2},"end":{"line":27,"column":3}},{"start":{},"end":{}}]},"1":{"loc":{"start":{"line":32,"column":4},"end":{"line":55,"column":5}},"type":"if","locations":[{"start":{"line":32,"column":4},"end":{"line":55,"column":5}},{"start":{"line":35,"column":11},"end":{"line":55,"column":5}}]},"2":{"loc":{"start":{"line":34,"column":28},"end":{"line":34,"column":58}},"type":"binary-expr","locations":[{"start":{"line":34,"column":28},"end":{"line":34,"column":37}},{"start":{"line":34,"column":41},"end":{"line":34,"column":58}}]},"3":{"loc":{"start":{"line":35,"column":11},"end":{"line":55,"column":5}},"type":"if","locations":[{"start":{"line":35,"column":11},"end":{"line":55,"column":5}},{"start":{},"end":{}}]},"4":{"loc":{"start":{"line":37,"column":6},"end":{"line":54,"column":7}},"type":"if","locations":[{"start":{"line":37,"column":6},"end":{"line":54,"column":7}},{"start":{},"end":{}}]},"5":{"loc":{"start":{"line":40,"column":10},"end":{"line":52,"column":11}},"type":"if","locations":[{"start":{"line":40,"column":10},"end":{"line":52,"column":11}},{"start":{},"end":{}}]},"6":{"loc":{"start":{"line":41,"column":12},"end":{"line":43,"column":51}},"type":"binary-expr","locations":[{"start":{"line":41,"column":12},"end":{"line":41,"column":38}},{"start":{"line":42,"column":12},"end":{"line":42,"column":61}},{"start":{"line":43,"column":12},"end":{"line":43,"column":51}}]},"7":{"loc":{"start":{"line":59,"column":26},"end":{"line":59,"column":56}},"type":"binary-expr","locations":[{"start":{"line":59,"column":26},"end":{"line":59,"column":35}},{"start":{"line":59,"column":39},"end":{"line":59,"column":56}}]}},"s":{"0":0,"1":0,"2":0,"3":0,"4":0,"5":0,"6":0,"7":0,"8":0,"9":0,"10":0,"11":0,"12":0,"13":0,"14":0,"15":0,"16":0,"17":0,"18":0,"19":0,"20":0,"21":0,"22":0,"23":0,"24":0,"25":0,"26":0,"27":0,"28":0,"29":0,"30":0},"f":{"0":0,"1":0,"2":0,"3":0},"b":{"0":[0,0],"1":[0,0],"2":[0,0],"3":[0,0],"4":[0,0],"5":[0,0],"6":[0,0,0],"7":[0,0]}}
,"/home/runner/work/quemiai/quemiai/apps/backend/src/services/monetization.ts": {"path":"/home/runner/work/quemiai/quemiai/apps/backend/src/services/monetization.ts","statementMap":{"0":{"start":{"line":2,"column":0},"end":{"line":2,"column":16}},"1":{"start":{"line":10,"column":0},"end":{"line":10,"column":16}},"2":{"start":{"line":3,"column":2},"end":{"line":7,"column":4}},"3":{"start":{"line":12,"column":2},"end":{"line":12,"column":43}}},"fnMap":{"0":{"name":"getAvailablePlans","decl":{"start":{"line":2,"column":16},"end":{"line":2,"column":33}},"loc":{"start":{"line":2,"column":33},"end":{"line":8,"column":1}}},"1":{"name":"purchasePlan","decl":{"start":{"line":10,"column":16},"end":{"line":10,"column":28}},"loc":{"start":{"line":10,"column":59},"end":{"line":13,"column":1}}}},"branchMap":{},"s":{"0":0,"1":0,"2":0,"3":0},"f":{"0":0,"1":0},"b":{}}
,"/home/runner/work/quemiai/quemiai/apps/backend/src/services/notifications.ts": {"path":"/home/runner/work/quemiai/quemiai/apps/backend/src/services/notifications.ts","statementMap":{"0":{"start":{"line":2,"column":0},"end":{"line":2,"column":16}},"1":{"start":{"line":8,"column":0},"end":{"line":8,"column":16}},"2":{"start":{"line":4,"column":2},"end":{"line":4,"column":53}},"3":{"start":{"line":10,"column":2},"end":{"line":13,"column":4}}},"fnMap":{"0":{"name":"sendNotification","decl":{"start":{"line":2,"column":16},"end":{"line":2,"column":32}},"loc":{"start":{"line":2,"column":65},"end":{"line":5,"column":1}}},"1":{"name":"getNotifications","decl":{"start":{"line":8,"column":16},"end":{"line":8,"column":32}},"loc":{"start":{"line":8,"column":48},"end":{"line":14,"column":1}}}},"branchMap":{},"s":{"0":0,"1":0,"2":0,"3":0},"f":{"0":0,"1":0},"b":{}}
,"/home/runner/work/quemiai/quemiai/apps/backend/src/services/storage.ts": {"path":"/home/runner/work/quemiai/quemiai/apps/backend/src/services/storage.ts","statementMap":{"0":{"start":{"line":1,"column":0},"end":{"line":1,"column":48}},"1":{"start":{"line":3,"column":16},"end":{"line":3,"column":29}},"2":{"start":{"line":4,"column":0},"end":{"line":4,"column":35}},"3":{"start":{"line":6,"column":19},"end":{"line":6,"column":39}},"4":{"start":{"line":8,"column":26},"end":{"line":13,"column":1}},"5":{"start":{"line":9,"column":2},"end":{"line":11,"column":5}},"6":{"start":{"line":12,"column":2},"end":{"line":12,"column":70}},"7":{"start":{"line":8,"column":13},"end":{"line":8,"column":26}},"8":{"start":{"line":15,"column":28},"end":{"line":19,"column":1}},"9":{"start":{"line":16,"column":15},"end":{"line":16,"column":59}},"10":{"start":{"line":17,"column":2},"end":{"line":17,"column":26}},"11":{"start":{"line":18,"column":2},"end":{"line":18,"column":65}},"12":{"start":{"line":15,"column":13},"end":{"line":15,"column":28}},"13":{"start":{"line":21,"column":28},"end":{"line":23,"column":1}},"14":{"start":{"line":22,"column":2},"end":{"line":22,"column":68}},"15":{"start":{"line":21,"column":13},"end":{"line":21,"column":28}}},"fnMap":{"0":{"name":"(anonymous_0)","decl":{"start":{"line":8,"column":26},"end":{"line":8,"column":31}},"loc":{"start":{"line":8,"column":74},"end":{"line":13,"column":1}}},"1":{"name":"(anonymous_1)","decl":{"start":{"line":15,"column":28},"end":{"line":15,"column":33}},"loc":{"start":{"line":15,"column":74},"end":{"line":19,"column":1}}},"2":{"name":"(anonymous_2)","decl":{"start":{"line":21,"column":28},"end":{"line":21,"column":29}},"loc":{"start":{"line":21,"column":49},"end":{"line":23,"column":1}}}},"branchMap":{},"s":{"0":5,"1":5,"2":5,"3":5,"4":5,"5":0,"6":0,"7":5,"8":5,"9":0,"10":0,"11":0,"12":5,"13":5,"14":0,"15":5},"f":{"0":0,"1":0,"2":0},"b":{}}
,"/home/runner/work/quemiai/quemiai/apps/backend/src/services/tiktok.ts": {"path":"/home/runner/work/quemiai/quemiai/apps/backend/src/services/tiktok.ts","statementMap":{"0":{"start":{"line":1,"column":0},"end":{"line":1,"column":45}},"1":{"start":{"line":2,"column":0},"end":{"line":2,"column":35}},"2":{"start":{"line":6,"column":10},"end":{"line":6,"column":53}},"3":{"start":{"line":9,"column":4},"end":{"line":14,"column":7}},"4":{"start":{"line":21,"column":19},"end":{"line":27,"column":6}},"5":{"start":{"line":28,"column":4},"end":{"line":28,"column":76}},"6":{"start":{"line":40,"column":21},"end":{"line":53,"column":null}},"7":{"start":{"line":55,"column":4},"end":{"line":55,"column":25}},"8":{"start":{"line":71,"column":21},"end":{"line":79,"column":6}},"9":{"start":{"line":80,"column":4},"end":{"line":80,"column":35}},"10":{"start":{"line":96,"column":24},"end":{"line":98,"column":6}},"11":{"start":{"line":99,"column":4},"end":{"line":101,"column":5}},"12":{"start":{"line":100,"column":6},"end":{"line":100,"column":29}},"13":{"start":{"line":103,"column":21},"end":{"line":108,"column":6}},"14":{"start":{"line":109,"column":4},"end":{"line":109,"column":30}},"15":{"start":{"line":116,"column":21},"end":{"line":129,"column":null}},"16":{"start":{"line":131,"column":4},"end":{"line":131,"column":30}},"17":{"start":{"line":141,"column":21},"end":{"line":162,"column":null}},"18":{"start":{"line":164,"column":4},"end":{"line":164,"column":30}},"19":{"start":{"line":176,"column":21},"end":{"line":198,"column":null}},"20":{"start":{"line":200,"column":4},"end":{"line":200,"column":25}},"21":{"start":{"line":211,"column":21},"end":{"line":223,"column":null}},"22":{"start":{"line":225,"column":4},"end":{"line":225,"column":25}},"23":{"start":{"line":4,"column":0},"end":{"line":4,"column":13}},"24":{"start":{"line":229,"column":13},"end":{"line":229,"column":49}}},"fnMap":{"0":{"name":"(anonymous_1)","decl":{"start":{"line":8,"column":2},"end":{"line":8,"column":null}},"loc":{"start":{"line":8,"column":2},"end":{"line":15,"column":3}}},"1":{"name":"(anonymous_2)","decl":{"start":{"line":20,"column":2},"end":{"line":20,"column":21}},"loc":{"start":{"line":20,"column":35},"end":{"line":29,"column":3}}},"2":{"name":"(anonymous_3)","decl":{"start":{"line":34,"column":2},"end":{"line":34,"column":7}},"loc":{"start":{"line":34,"column":35},"end":{"line":56,"column":3}}},"3":{"name":"(anonymous_4)","decl":{"start":{"line":61,"column":2},"end":{"line":61,"column":7}},"loc":{"start":{"line":61,"column":39},"end":{"line":81,"column":3}}},"4":{"name":"(anonymous_5)","decl":{"start":{"line":86,"column":2},"end":{"line":86,"column":7}},"loc":{"start":{"line":89,"column":17},"end":{"line":110,"column":3}}},"5":{"name":"(anonymous_6)","decl":{"start":{"line":115,"column":2},"end":{"line":115,"column":7}},"loc":{"start":{"line":115,"column":64},"end":{"line":132,"column":3}}},"6":{"name":"(anonymous_7)","decl":{"start":{"line":137,"column":2},"end":{"line":137,"column":7}},"loc":{"start":{"line":137,"column":49},"end":{"line":165,"column":3}}},"7":{"name":"(anonymous_8)","decl":{"start":{"line":170,"column":2},"end":{"line":170,"column":7}},"loc":{"start":{"line":174,"column":24},"end":{"line":201,"column":3}}},"8":{"name":"(anonymous_9)","decl":{"start":{"line":206,"column":2},"end":{"line":206,"column":7}},"loc":{"start":{"line":206,"column":47},"end":{"line":226,"column":3}}}},"branchMap":{"0":{"loc":{"start":{"line":89,"column":4},"end":{"line":89,"column":17}},"type":"default-arg","locations":[{"start":{"line":89,"column":15},"end":{"line":89,"column":17}}]},"1":{"loc":{"start":{"line":99,"column":4},"end":{"line":101,"column":5}},"type":"if","locations":[{"start":{"line":99,"column":4},"end":{"line":101,"column":5}},{"start":{},"end":{}}]}},"s":{"0":7,"1":7,"2":14,"3":14,"4":1,"5":1,"6":1,"7":1,"8":1,"9":1,"10":2,"11":2,"12":1,"13":2,"14":2,"15":0,"16":0,"17":0,"18":0,"19":1,"20":1,"21":1,"22":1,"23":7,"24":7},"f":{"0":14,"1":1,"2":1,"3":1,"4":2,"5":0,"6":0,"7":1,"8":1},"b":{"0":[1],"1":[1,1]}}
,"/home/runner/work/quemiai/quemiai/apps/backend/src/services/transcoder.ts": {"path":"/home/runner/work/quemiai/quemiai/apps/backend/src/services/transcoder.ts","statementMap":{"0":{"start":{"line":1,"column":0},"end":{"line":1,"column":73}},"1":{"start":{"line":2,"column":0},"end":{"line":2,"column":35}},"2":{"start":{"line":4,"column":25},"end":{"line":4,"column":54}},"3":{"start":{"line":6,"column":36},"end":{"line":23,"column":1}},"4":{"start":{"line":7,"column":20},"end":{"line":7,"column":39}},"5":{"start":{"line":8,"column":19},"end":{"line":8,"column":37}},"6":{"start":{"line":10,"column":18},"end":{"line":17,"column":4}},"7":{"start":{"line":19,"column":22},"end":{"line":19,"column":63}},"8":{"start":{"line":20,"column":2},"end":{"line":20,"column":60}},"9":{"start":{"line":22,"column":2},"end":{"line":22,"column":24}},"10":{"start":{"line":6,"column":13},"end":{"line":6,"column":36}}},"fnMap":{"0":{"name":"(anonymous_0)","decl":{"start":{"line":6,"column":36},"end":{"line":6,"column":41}},"loc":{"start":{"line":6,"column":82},"end":{"line":23,"column":1}}}},"branchMap":{},"s":{"0":5,"1":5,"2":5,"3":5,"4":0,"5":0,"6":0,"7":0,"8":0,"9":0,"10":5},"f":{"0":0},"b":{}}
,"/home/runner/work/quemiai/quemiai/apps/backend/src/services/twitter.ts": {"path":"/home/runner/work/quemiai/quemiai/apps/backend/src/services/twitter.ts","statementMap":{"0":{"start":{"line":1,"column":0},"end":{"line":1,"column":44}},"1":{"start":{"line":4,"column":0},"end":{"line":4,"column":35}},"2":{"start":{"line":6,"column":13},"end":{"line":11,"column":13}}},"fnMap":{},"branchMap":{},"s":{"0":0,"1":0,"2":0},"f":{},"b":{}}
,"/home/runner/work/quemiai/quemiai/apps/backend/src/services/video.ts": {"path":"/home/runner/work/quemiai/quemiai/apps/backend/src/services/video.ts","statementMap":{"0":{"start":{"line":1,"column":0},"end":{"line":1,"column":82}},"1":{"start":{"line":2,"column":0},"end":{"line":2,"column":78}},"2":{"start":{"line":4,"column":20},"end":{"line":4,"column":56}},"3":{"start":{"line":5,"column":20},"end":{"line":5,"column":53}},"4":{"start":{"line":8,"column":35},"end":{"line":33,"column":1}},"5":{"start":{"line":9,"column":18},"end":{"line":12,"column":4}},"6":{"start":{"line":14,"column":22},"end":{"line":14,"column":62}},"7":{"start":{"line":15,"column":2},"end":{"line":15,"column":54}},"8":{"start":{"line":16,"column":28},"end":{"line":16,"column":53}},"9":{"start":{"line":19,"column":22},"end":{"line":19,"column":60}},"10":{"start":{"line":24,"column":21},"end":{"line":30,"column":66}},"11":{"start":{"line":25,"column":43},"end":{"line":28,"column":6}},"12":{"start":{"line":27,"column":51},"end":{"line":27,"column":66}},"13":{"start":{"line":30,"column":52},"end":{"line":30,"column":65}},"14":{"start":{"line":32,"column":2},"end":{"line":32,"column":20}},"15":{"start":{"line":8,"column":13},"end":{"line":8,"column":35}}},"fnMap":{"0":{"name":"(anonymous_0)","decl":{"start":{"line":8,"column":35},"end":{"line":8,"column":40}},"loc":{"start":{"line":8,"column":60},"end":{"line":33,"column":1}}},"1":{"name":"(anonymous_1)","decl":{"start":{"line":25,"column":10},"end":{"line":25,"column":11}},"loc":{"start":{"line":25,"column":43},"end":{"line":28,"column":6}}},"2":{"name":"(anonymous_2)","decl":{"start":{"line":27,"column":42},"end":{"line":27,"column":43}},"loc":{"start":{"line":27,"column":51},"end":{"line":27,"column":66}}},"3":{"name":"(anonymous_3)","decl":{"start":{"line":30,"column":12},"end":{"line":30,"column":13}},"loc":{"start":{"line":30,"column":52},"end":{"line":30,"column":65}}}},"branchMap":{"0":{"loc":{"start":{"line":27,"column":10},"end":{"line":27,"column":73}},"type":"binary-expr","locations":[{"start":{"line":27,"column":10},"end":{"line":27,"column":67}},{"start":{"line":27,"column":71},"end":{"line":27,"column":73}}]}},"s":{"0":5,"1":5,"2":5,"3":5,"4":5,"5":0,"6":0,"7":0,"8":0,"9":0,"10":0,"11":0,"12":0,"13":0,"14":0,"15":5},"f":{"0":0,"1":0,"2":0,"3":0},"b":{"0":[0,0]}}
,"/home/runner/work/quemiai/quemiai/apps/backend/src/utils/AppError.ts": {"path":"/home/runner/work/quemiai/quemiai/apps/backend/src/utils/AppError.ts","statementMap":{"0":{"start":{"line":7,"column":4},"end":{"line":7,"column":19}},"1":{"start":{"line":9,"column":4},"end":{"line":9,"column":33}},"2":{"start":{"line":10,"column":4},"end":{"line":10,"column":69}},"3":{"start":{"line":11,"column":4},"end":{"line":11,"column":30}},"4":{"start":{"line":13,"column":4},"end":{"line":13,"column":52}},"5":{"start":{"line":17,"column":0},"end":{"line":17,"column":24}}},"fnMap":{"0":{"name":"(anonymous_0)","decl":{"start":{"line":6,"column":2},"end":{"line":6,"column":14}},"loc":{"start":{"line":6,"column":49},"end":{"line":14,"column":3}}}},"branchMap":{"0":{"loc":{"start":{"line":10,"column":18},"end":{"line":10,"column":68}},"type":"cond-expr","locations":[{"start":{"line":10,"column":52},"end":{"line":10,"column":58}},{"start":{"line":10,"column":61},"end":{"line":10,"column":68}}]}},"s":{"0":16,"1":16,"2":16,"3":16,"4":16,"5":6},"f":{"0":16},"b":{"0":[16,0]}}
,"/home/runner/work/quemiai/quemiai/apps/backend/src/utils/math.ts": {"path":"/home/runner/work/quemiai/quemiai/apps/backend/src/utils/math.ts","statementMap":{"0":{"start":{"line":1,"column":19},"end":{"line":1,"column":58}},"1":{"start":{"line":1,"column":53},"end":{"line":1,"column":58}},"2":{"start":{"line":1,"column":13},"end":{"line":1,"column":19}},"3":{"start":{"line":2,"column":24},"end":{"line":2,"column":63}},"4":{"start":{"line":2,"column":58},"end":{"line":2,"column":63}},"5":{"start":{"line":2,"column":13},"end":{"line":2,"column":24}},"6":{"start":{"line":3,"column":24},"end":{"line":3,"column":63}},"7":{"start":{"line":3,"column":58},"end":{"line":3,"column":63}},"8":{"start":{"line":3,"column":13},"end":{"line":3,"column":24}}},"fnMap":{"0":{"name":"(anonymous_0)","decl":{"start":{"line":1,"column":19},"end":{"line":1,"column":20}},"loc":{"start":{"line":1,"column":53},"end":{"line":1,"column":58}}},"1":{"name":"(anonymous_1)","decl":{"start":{"line":2,"column":24},"end":{"line":2,"column":25}},"loc":{"start":{"line":2,"column":58},"end":{"line":2,"column":63}}},"2":{"name":"(anonymous_2)","decl":{"start":{"line":3,"column":24},"end":{"line":3,"column":25}},"loc":{"start":{"line":3,"column":58},"end":{"line":3,"column":63}}}},"branchMap":{},"s":{"0":2,"1":2,"2":2,"3":2,"4":2,"5":2,"6":2,"7":2,"8":2},"f":{"0":2,"1":2,"2":2},"b":{}}
,"/home/runner/work/quemiai/quemiai/apps/backend/src/utils/pagination.utils.ts": {"path":"/home/runner/work/quemiai/quemiai/apps/backend/src/utils/pagination.utils.ts","statementMap":{"0":{"start":{"line":23,"column":4},"end":{"line":23,"column":30}},"1":{"start":{"line":35,"column":23},"end":{"line":35,"column":47}},"2":{"start":{"line":37,"column":4},"end":{"line":47,"column":6}},"3":{"start":{"line":54,"column":27},"end":{"line":54,"column":49}},"4":{"start":{"line":55,"column":28},"end":{"line":55,"column":67}},"5":{"start":{"line":57,"column":4},"end":{"line":60,"column":6}},"6":{"start":{"line":18,"column":0},"end":{"line":18,"column":13}}},"fnMap":{"0":{"name":"(anonymous_0)","decl":{"start":{"line":22,"column":2},"end":{"line":22,"column":8}},"loc":{"start":{"line":22,"column":55},"end":{"line":24,"column":3}}},"1":{"name":"(anonymous_1)","decl":{"start":{"line":29,"column":2},"end":{"line":29,"column":8}},"loc":{"start":{"line":33,"column":22},"end":{"line":48,"column":3}}},"2":{"name":"(anonymous_2)","decl":{"start":{"line":53,"column":2},"end":{"line":53,"column":8}},"loc":{"start":{"line":53,"column":64},"end":{"line":61,"column":3}}}},"branchMap":{"0":{"loc":{"start":{"line":22,"column":19},"end":{"line":22,"column":35}},"type":"default-arg","locations":[{"start":{"line":22,"column":34},"end":{"line":22,"column":35}}]},"1":{"loc":{"start":{"line":22,"column":37},"end":{"line":22,"column":55}},"type":"default-arg","locations":[{"start":{"line":22,"column":53},"end":{"line":22,"column":55}}]},"2":{"loc":{"start":{"line":32,"column":4},"end":{"line":32,"column":20}},"type":"default-arg","locations":[{"start":{"line":32,"column":19},"end":{"line":32,"column":20}}]},"3":{"loc":{"start":{"line":33,"column":4},"end":{"line":33,"column":22}},"type":"default-arg","locations":[{"start":{"line":33,"column":20},"end":{"line":33,"column":22}}]},"4":{"loc":{"start":{"line":54,"column":39},"end":{"line":54,"column":48}},"type":"binary-expr","locations":[{"start":{"line":54,"column":39},"end":{"line":54,"column":43}},{"start":{"line":54,"column":47},"end":{"line":54,"column":48}}]},"5":{"loc":{"start":{"line":55,"column":54},"end":{"line":55,"column":65}},"type":"binary-expr","locations":[{"start":{"line":55,"column":54},"end":{"line":55,"column":59}},{"start":{"line":55,"column":63},"end":{"line":55,"column":65}}]}},"s":{"0":0,"1":0,"2":0,"3":0,"4":0,"5":0,"6":0},"f":{"0":0,"1":0,"2":0},"b":{"0":[0],"1":[0],"2":[0],"3":[0],"4":[0,0],"5":[0,0]}}
}
