TN:
SF:src/app.controller.ts
FN:6,(anonymous_2)
FN:9,(anonymous_3)
FN:14,(anonymous_4)
FN:19,(anonymous_5)
FN:29,(anonymous_6)
FNF:5
FNH:2
FNDA:1,(anonymous_2)
FNDA:1,(anonymous_3)
FNDA:0,(anonymous_4)
FNDA:0,(anonymous_5)
FNDA:0,(anonymous_6)
DA:1,1
DA:2,1
DA:5,1
DA:6,1
DA:9,1
DA:10,1
DA:14,1
DA:15,0
DA:19,1
DA:20,0
DA:29,1
DA:30,0
LF:12
LH:9
BRDA:24,0,0,0
BRDA:24,0,1,0
BRF:2
BRH:0
end_of_record
TN:
SF:src/app.module.ts
FNF:0
FNH:0
DA:1,0
DA:2,0
DA:3,0
DA:4,0
DA:5,0
DA:6,0
DA:7,0
DA:8,0
DA:9,0
DA:10,0
DA:11,0
DA:12,0
DA:13,0
DA:14,0
DA:42,0
LF:15
LH:0
BRF:0
BRH:0
end_of_record
TN:
SF:src/app.service.ts
FN:5,(anonymous_1)
FNF:1
FNH:1
FNDA:1,(anonymous_1)
DA:1,1
DA:4,1
DA:6,1
LF:3
LH:3
BRF:0
BRH:0
end_of_record
TN:
SF:src/main.ts
FN:8,bootstrap
FNF:1
FNH:0
FNDA:0,bootstrap
DA:1,0
DA:2,0
DA:3,0
DA:4,0
DA:5,0
DA:6,0
DA:9,0
DA:14,0
DA:17,0
DA:18,0
DA:25,0
DA:28,0
DA:36,0
DA:37,0
DA:39,0
DA:42,0
LF:16
LH:0
BRDA:17,0,0,0
BRDA:17,0,1,0
BRDA:36,1,0,0
BRDA:36,1,1,0
BRF:4
BRH:0
end_of_record
TN:
SF:src/api/ai.ts
FN:11,(anonymous_1)
FN:27,(anonymous_2)
FN:43,(anonymous_3)
FN:60,(anonymous_4)
FN:74,(anonymous_5)
FN:90,(anonymous_6)
FN:104,(anonymous_7)
FNF:7
FNH:3
FNDA:4,(anonymous_1)
FNDA:3,(anonymous_2)
FNDA:0,(anonymous_3)
FNDA:0,(anonymous_4)
FNDA:0,(anonymous_5)
FNDA:3,(anonymous_6)
FNDA:0,(anonymous_7)
DA:1,6
DA:2,6
DA:3,6
DA:4,6
DA:5,6
DA:6,6
DA:8,6
DA:9,6
DA:11,6
DA:12,4
DA:13,4
DA:14,4
DA:15,1
DA:17,3
DA:18,3
DA:20,0
DA:24,6
DA:28,3
DA:29,0
DA:32,3
DA:33,3
DA:34,3
DA:36,0
DA:41,6
DA:44,0
DA:45,0
DA:46,0
DA:49,0
DA:50,0
DA:51,0
DA:52,0
DA:53,0
DA:55,0
DA:60,6
DA:61,0
DA:62,0
DA:63,0
DA:66,0
DA:67,0
DA:68,0
DA:70,0
DA:74,6
DA:75,0
DA:76,0
DA:77,0
DA:78,0
DA:82,0
DA:86,0
DA:90,6
DA:91,3
DA:92,3
DA:93,2
DA:96,1
DA:97,1
DA:98,1
DA:100,0
DA:104,6
DA:105,0
DA:106,0
DA:107,0
DA:108,0
DA:112,0
DA:113,0
DA:115,0
DA:119,6
LF:65
LH:32
BRDA:14,0,0,1
BRDA:14,0,1,3
BRDA:28,1,0,0
BRDA:28,1,1,3
BRDA:45,2,0,0
BRDA:45,2,1,0
BRDA:45,3,0,0
BRDA:45,3,1,0
BRDA:45,3,2,0
BRDA:62,4,0,0
BRDA:62,4,1,0
BRDA:77,5,0,0
BRDA:77,5,1,0
BRDA:77,6,0,0
BRDA:77,6,1,0
BRDA:92,7,0,2
BRDA:92,7,1,1
BRDA:92,8,0,3
BRDA:92,8,1,2
BRDA:107,9,0,0
BRDA:107,9,1,0
BRF:21
BRH:7
end_of_record
TN:
SF:src/api/analytics.ts
FN:7,(anonymous_0)
FN:10,(anonymous_1)
FN:13,(anonymous_2)
FN:25,(anonymous_3)
FNF:4
FNH:0
FNDA:0,(anonymous_0)
FNDA:0,(anonymous_1)
FNDA:0,(anonymous_2)
FNDA:0,(anonymous_3)
DA:1,6
DA:2,6
DA:4,6
DA:7,6
DA:8,0
DA:9,0
DA:10,0
DA:13,0
DA:14,0
DA:15,0
DA:18,0
DA:20,0
DA:25,6
DA:27,0
DA:30,6
LF:15
LH:6
BRDA:14,0,0,0
BRDA:14,0,1,0
BRF:2
BRH:0
end_of_record
TN:
SF:src/api/auth.ts
FN:74,(anonymous_1)
FN:165,(anonymous_2)
FN:198,(anonymous_3)
FNF:3
FNH:2
FNDA:2,(anonymous_1)
FNDA:3,(anonymous_2)
FNDA:0,(anonymous_3)
DA:1,6
DA:2,6
DA:3,6
DA:5,6
DA:6,6
DA:7,6
DA:9,6
DA:71,6
DA:75,2
DA:76,2
DA:79,2
DA:80,2
DA:81,1
DA:85,1
DA:88,1
DA:95,1
DA:103,1
DA:105,0
DA:162,6
DA:166,3
DA:167,3
DA:170,3
DA:171,3
DA:172,1
DA:175,2
DA:176,2
DA:179,2
DA:180,2
DA:181,1
DA:185,1
DA:189,1
DA:191,0
DA:197,6
DA:198,6
DA:201,0
DA:204,6
LF:36
LH:33
BRDA:80,0,0,1
BRDA:80,0,1,1
BRDA:97,1,0,1
BRDA:97,1,1,1
BRDA:171,2,0,1
BRDA:171,2,1,2
BRDA:180,3,0,1
BRDA:180,3,1,1
BRDA:185,4,0,1
BRDA:185,4,1,1
BRF:10
BRH:10
end_of_record
TN:
SF:src/api/index.ts
FNF:0
FNH:0
DA:1,6
DA:2,6
DA:3,6
DA:4,6
DA:5,6
DA:6,6
DA:7,6
DA:8,6
DA:9,6
DA:11,6
DA:13,6
DA:14,6
DA:15,6
DA:16,6
DA:17,6
DA:18,6
DA:19,6
DA:20,6
DA:22,6
LF:19
LH:19
BRF:0
BRH:0
end_of_record
TN:
SF:src/api/marketplace.ts
FN:12,(anonymous_1)
FN:15,(anonymous_2)
FN:26,(anonymous_3)
FN:39,(anonymous_4)
FN:63,(anonymous_5)
FN:94,(anonymous_6)
FN:117,(anonymous_7)
FN:132,(anonymous_8)
FN:135,(anonymous_9)
FN:146,(anonymous_10)
FN:166,(anonymous_11)
FN:179,(anonymous_12)
FNF:12
FNH:6
FNDA:2,(anonymous_1)
FNDA:2,(anonymous_2)
FNDA:2,(anonymous_3)
FNDA:3,(anonymous_4)
FNDA:1,(anonymous_5)
FNDA:2,(anonymous_6)
FNDA:0,(anonymous_7)
FNDA:0,(anonymous_8)
FNDA:0,(anonymous_9)
FNDA:0,(anonymous_10)
FNDA:0,(anonymous_11)
FNDA:0,(anonymous_12)
DA:1,6
DA:2,6
DA:3,6
DA:4,6
DA:5,6
DA:6,6
DA:8,6
DA:9,6
DA:12,6
DA:13,2
DA:14,2
DA:15,2
DA:19,2
DA:21,0
DA:26,6
DA:27,2
DA:28,2
DA:29,2
DA:30,1
DA:32,1
DA:34,0
DA:39,6
DA:40,3
DA:41,3
DA:42,3
DA:43,1
DA:45,2
DA:53,2
DA:55,0
DA:60,6
DA:64,1
DA:65,0
DA:68,1
DA:69,1
DA:70,1
DA:71,1
DA:73,1
DA:76,1
DA:77,1
DA:81,1
DA:86,0
DA:92,6
DA:95,2
DA:96,2
DA:97,2
DA:98,2
DA:99,1
DA:103,1
DA:112,0
DA:116,0
DA:117,0
DA:118,0
DA:120,0
DA:122,0
DA:124,0
DA:126,1
DA:132,6
DA:133,0
DA:134,0
DA:135,0
DA:139,0
DA:141,0
DA:146,6
DA:147,0
DA:148,0
DA:149,0
DA:150,0
DA:152,0
DA:159,0
DA:161,0
DA:166,6
DA:167,0
DA:168,0
DA:169,0
DA:170,0
DA:172,0
DA:174,0
DA:179,6
DA:180,0
DA:181,0
DA:182,0
DA:183,0
DA:188,0
DA:196,0
DA:201,0
DA:205,6
LF:86
LH:49
BRDA:29,0,0,1
BRDA:29,0,1,1
BRDA:42,1,0,1
BRDA:42,1,1,2
BRDA:49,2,0,2
BRDA:49,2,1,1
BRDA:50,3,0,2
BRDA:50,3,1,1
BRDA:51,4,0,2
BRDA:51,4,1,2
BRDA:64,5,0,0
BRDA:64,5,1,1
BRDA:98,6,0,1
BRDA:98,6,1,1
BRDA:98,7,0,2
BRDA:98,7,1,2
BRDA:98,7,2,1
BRDA:149,8,0,0
BRDA:149,8,1,0
BRDA:149,9,0,0
BRDA:149,9,1,0
BRDA:149,9,2,0
BRDA:149,9,3,0
BRDA:169,10,0,0
BRDA:169,10,1,0
BRDA:182,11,0,0
BRDA:182,11,1,0
BRDA:182,12,0,0
BRDA:182,12,1,0
BRDA:182,12,2,0
BRF:30
BRH:16
end_of_record
TN:
SF:src/api/messages.ts
FN:6,(anonymous_0)
FN:12,(anonymous_1)
FN:18,(anonymous_2)
FN:24,(anonymous_3)
FNF:4
FNH:0
FNDA:0,(anonymous_0)
FNDA:0,(anonymous_1)
FNDA:0,(anonymous_2)
FNDA:0,(anonymous_3)
DA:1,6
DA:3,6
DA:6,6
DA:8,0
DA:12,6
DA:14,0
DA:18,6
DA:20,0
DA:24,6
DA:26,0
DA:29,6
LF:11
LH:7
BRF:0
BRH:0
end_of_record
TN:
SF:src/api/posts.ts
FN:7,(anonymous_0)
FN:13,(anonymous_1)
FN:19,(anonymous_2)
FN:44,(anonymous_3)
FN:57,(anonymous_4)
FN:63,(anonymous_5)
FN:69,(anonymous_6)
FNF:7
FNH:0
FNDA:0,(anonymous_0)
FNDA:0,(anonymous_1)
FNDA:0,(anonymous_2)
FNDA:0,(anonymous_3)
FNDA:0,(anonymous_4)
FNDA:0,(anonymous_5)
FNDA:0,(anonymous_6)
DA:1,6
DA:2,6
DA:4,6
DA:7,6
DA:9,0
DA:13,6
DA:15,0
DA:19,6
DA:20,0
DA:21,0
DA:22,0
DA:23,0
DA:26,0
DA:34,0
DA:39,0
DA:44,6
DA:45,0
DA:46,0
DA:47,0
DA:51,0
DA:57,6
DA:59,0
DA:63,6
DA:65,0
DA:69,6
DA:71,0
DA:74,6
LF:27
LH:11
BRDA:22,0,0,0
BRDA:22,0,1,0
BRDA:22,1,0,0
BRDA:22,1,1,0
BRDA:22,1,2,0
BRDA:46,2,0,0
BRDA:46,2,1,0
BRDA:46,3,0,0
BRDA:46,3,1,0
BRF:9
BRH:0
end_of_record
TN:
SF:src/api/social-media.ts
FN:50,(anonymous_1)
FN:158,(anonymous_2)
FN:263,(anonymous_3)
FN:316,(anonymous_4)
FN:373,(anonymous_5)
FN:474,(anonymous_6)
FN:578,(anonymous_7)
FN:670,(anonymous_8)
FN:681,(anonymous_9)
FNF:9
FNH:7
FNDA:2,(anonymous_1)
FNDA:1,(anonymous_2)
FNDA:2,(anonymous_3)
FNDA:0,(anonymous_4)
FNDA:1,(anonymous_5)
FNDA:0,(anonymous_6)
FNDA:2,(anonymous_7)
FNDA:1,(anonymous_8)
FNDA:2,(anonymous_9)
DA:1,6
DA:2,6
DA:3,6
DA:4,6
DA:5,6
DA:6,6
DA:10,6
DA:47,6
DA:51,2
DA:52,2
DA:53,2
DA:55,2
DA:56,0
DA:59,2
DA:60,1
DA:64,1
DA:67,1
DA:70,1
DA:73,1
DA:76,1
DA:81,1
DA:100,1
DA:102,0
DA:103,0
DA:106,1
DA:112,1
DA:122,1
DA:155,6
DA:159,1
DA:160,1
DA:161,1
DA:163,1
DA:164,0
DA:167,1
DA:168,0
DA:172,1
DA:175,1
DA:178,1
DA:184,1
DA:187,1
DA:190,1
DA:195,1
DA:217,1
DA:219,0
DA:220,0
DA:223,1
DA:229,1
DA:239,0
DA:260,6
DA:264,2
DA:265,2
DA:267,2
DA:268,0
DA:271,2
DA:272,2
DA:277,2
DA:278,1
DA:282,1
DA:287,1
DA:292,1
DA:313,6
DA:317,0
DA:318,0
DA:320,0
DA:321,0
DA:324,0
DA:325,0
DA:330,0
DA:331,0
DA:335,0
DA:340,0
DA:345,0
DA:370,6
DA:374,1
DA:375,1
DA:376,1
DA:378,1
DA:379,0
DA:382,1
DA:384,1
DA:385,1
DA:390,1
DA:392,1
DA:393,1
DA:395,1
DA:396,0
DA:399,1
DA:400,1
DA:401,1
DA:402,1
DA:410,0
DA:411,0
DA:415,0
DA:428,0
DA:435,1
DA:440,0
DA:471,6
DA:475,0
DA:476,0
DA:477,0
DA:478,0
DA:480,0
DA:481,0
DA:484,0
DA:486,0
DA:487,0
DA:492,0
DA:494,0
DA:495,0
DA:497,0
DA:498,0
DA:501,0
DA:502,0
DA:503,0
DA:508,0
DA:509,0
DA:510,0
DA:515,0
DA:518,0
DA:525,0
DA:530,0
DA:575,6
DA:579,2
DA:580,2
DA:581,2
DA:583,2
DA:584,0
DA:587,2
DA:588,1
DA:591,1
DA:592,0
DA:595,1
DA:596,1
DA:601,1
DA:603,1
DA:604,1
DA:606,1
DA:607,0
DA:610,1
DA:611,1
DA:612,1
DA:617,1
DA:621,0
DA:622,0
DA:629,0
DA:635,0
DA:642,1
DA:648,1
DA:667,6
DA:671,1
DA:672,1
DA:674,1
DA:675,0
DA:678,1
DA:679,1
DA:681,1
DA:682,2
DA:683,2
DA:695,1
DA:700,0
DA:705,6
LF:161
LH:101
BRDA:55,0,0,0
BRDA:55,0,1,2
BRDA:59,1,0,1
BRDA:59,1,1,1
BRDA:100,2,0,0
BRDA:100,2,1,1
BRDA:163,3,0,0
BRDA:163,3,1,1
BRDA:167,4,0,0
BRDA:167,4,1,1
BRDA:217,5,0,0
BRDA:217,5,1,1
BRDA:267,6,0,0
BRDA:267,6,1,2
BRDA:277,7,0,1
BRDA:277,7,1,1
BRDA:320,8,0,0
BRDA:320,8,1,0
BRDA:330,9,0,0
BRDA:330,9,1,0
BRDA:378,10,0,0
BRDA:378,10,1,1
BRDA:382,11,0,1
BRDA:382,11,1,0
BRDA:395,12,0,0
BRDA:395,12,1,1
BRDA:400,13,0,1
BRDA:400,13,1,0
BRDA:410,14,0,0
BRDA:410,14,1,0
BRDA:478,15,0,0
BRDA:478,15,1,0
BRDA:480,16,0,0
BRDA:480,16,1,0
BRDA:484,17,0,0
BRDA:484,17,1,0
BRDA:497,18,0,0
BRDA:497,18,1,0
BRDA:502,19,0,0
BRDA:502,19,1,0
BRDA:509,20,0,0
BRDA:509,20,1,0
BRDA:583,21,0,0
BRDA:583,21,1,2
BRDA:587,22,0,1
BRDA:587,22,1,1
BRDA:587,23,0,2
BRDA:587,23,1,1
BRDA:587,23,2,1
BRDA:591,24,0,0
BRDA:591,24,1,1
BRDA:606,25,0,0
BRDA:606,25,1,1
BRDA:611,26,0,1
BRDA:611,26,1,0
BRDA:611,27,0,1
BRDA:611,27,1,1
BRDA:615,28,0,1
BRDA:615,28,1,0
BRDA:621,29,0,0
BRDA:621,29,1,0
BRDA:674,30,0,0
BRDA:674,30,1,1
BRDA:689,31,0,0
BRDA:689,31,1,2
BRF:65
BRH:28
end_of_record
TN:
SF:src/api/users.ts
FN:62,(anonymous_1)
FN:119,(anonymous_2)
FN:179,(anonymous_3)
FN:265,(anonymous_4)
FN:352,(anonymous_5)
FN:366,(anonymous_6)
FN:373,(anonymous_7)
FN:376,(anonymous_8)
FN:425,(anonymous_9)
FN:439,(anonymous_10)
FN:446,(anonymous_11)
FN:449,(anonymous_12)
FN:486,(anonymous_13)
FN:540,(anonymous_14)
FNF:14
FNH:6
FNDA:2,(anonymous_1)
FNDA:1,(anonymous_2)
FNDA:2,(anonymous_3)
FNDA:1,(anonymous_4)
FNDA:1,(anonymous_5)
FNDA:0,(anonymous_6)
FNDA:0,(anonymous_7)
FNDA:0,(anonymous_8)
FNDA:1,(anonymous_9)
FNDA:0,(anonymous_10)
FNDA:0,(anonymous_11)
FNDA:0,(anonymous_12)
FNDA:0,(anonymous_13)
FNDA:0,(anonymous_14)
DA:1,6
DA:2,6
DA:3,6
DA:4,6
DA:6,6
DA:62,6
DA:63,2
DA:64,2
DA:65,2
DA:66,1
DA:68,1
DA:70,0
DA:116,6
DA:120,1
DA:121,1
DA:133,1
DA:134,1
DA:147,1
DA:149,0
DA:179,6
DA:180,2
DA:181,2
DA:182,2
DA:184,2
DA:185,2
DA:188,0
DA:189,0
DA:192,0
DA:193,0
DA:195,0
DA:200,0
DA:201,0
DA:203,0
DA:204,0
DA:208,0
DA:215,0
DA:216,0
DA:220,0
DA:227,0
DA:230,0
DA:234,0
DA:236,0
DA:265,6
DA:266,1
DA:267,1
DA:268,1
DA:270,1
DA:271,1
DA:274,0
DA:275,0
DA:277,0
DA:282,0
DA:283,0
DA:285,0
DA:286,0
DA:290,0
DA:297,0
DA:298,0
DA:302,0
DA:305,0
DA:308,0
DA:312,0
DA:314,0
DA:352,6
DA:353,1
DA:354,1
DA:356,1
DA:357,1
DA:358,0
DA:361,1
DA:366,0
DA:368,0
DA:369,0
DA:373,0
DA:374,0
DA:376,0
DA:377,0
DA:378,0
DA:385,0
DA:387,1
DA:425,6
DA:426,1
DA:427,1
DA:429,1
DA:430,1
DA:431,0
DA:434,1
DA:439,0
DA:441,0
DA:442,0
DA:446,0
DA:447,0
DA:449,0
DA:450,0
DA:451,0
DA:458,0
DA:460,1
DA:486,6
DA:487,0
DA:488,0
DA:489,0
DA:490,0
DA:492,0
DA:497,0
DA:499,0
DA:540,6
DA:541,0
DA:542,0
DA:543,0
DA:544,0
DA:550,0
DA:552,0
DA:556,6
LF:113
LH:46
BRDA:65,0,0,1
BRDA:65,0,1,1
BRDA:184,1,0,2
BRDA:184,1,1,0
BRDA:188,2,0,0
BRDA:188,2,1,0
BRDA:200,3,0,0
BRDA:200,3,1,0
BRDA:203,4,0,0
BRDA:203,4,1,0
BRDA:215,5,0,0
BRDA:215,5,1,0
BRDA:228,6,0,0
BRDA:228,6,1,0
BRDA:231,7,0,0
BRDA:231,7,1,0
BRDA:270,8,0,1
BRDA:270,8,1,0
BRDA:282,9,0,0
BRDA:282,9,1,0
BRDA:285,10,0,0
BRDA:285,10,1,0
BRDA:297,11,0,0
BRDA:297,11,1,0
BRDA:306,12,0,0
BRDA:306,12,1,0
BRDA:309,13,0,0
BRDA:309,13,1,0
BRDA:357,14,0,0
BRDA:357,14,1,1
BRDA:368,15,0,0
BRDA:368,15,1,0
BRDA:430,16,0,0
BRDA:430,16,1,1
BRDA:441,17,0,0
BRDA:441,17,1,0
BRDA:489,18,0,0
BRDA:489,18,1,0
BRDA:493,19,0,0
BRDA:493,19,1,0
BRDA:494,20,0,0
BRDA:494,20,1,0
BRDA:495,21,0,0
BRDA:495,21,1,0
BRF:44
BRH:6
end_of_record
TN:
SF:src/config/env.validation.ts
FN:4,(anonymous_2)
FN:11,(anonymous_3)
FN:28,validate
FNF:3
FNH:0
FNDA:0,(anonymous_2)
FNDA:0,(anonymous_3)
FNDA:0,validate
DA:1,0
DA:2,0
DA:4,0
DA:5,0
DA:6,0
DA:7,0
DA:8,0
DA:13,0
DA:16,0
DA:19,0
DA:22,0
DA:25,0
DA:28,0
DA:29,0
DA:32,0
DA:36,0
DA:37,0
DA:39,0
LF:18
LH:0
BRDA:4,0,0,0
BRDA:4,0,1,0
BRDA:36,1,0,0
BRDA:36,1,1,0
BRF:4
BRH:0
end_of_record
TN:
SF:src/config/firebase.ts
FN:6,getFirebaseApp
FN:19,(anonymous_1)
FNF:2
FNH:2
FNDA:9,getFirebaseApp
FNDA:9,(anonymous_1)
DA:1,6
DA:2,6
DA:6,6
DA:7,9
DA:8,9
DA:16,9
DA:19,9
LF:7
LH:7
BRDA:7,0,0,9
BRDA:7,0,1,0
BRF:2
BRH:1
end_of_record
TN:
SF:src/config/index.ts
FNF:0
FNH:0
DA:1,10
DA:2,10
DA:10,10
DA:15,10
DA:16,10
DA:18,10
LF:6
LH:6
BRDA:19,0,0,10
BRDA:19,0,1,10
BRDA:20,1,0,10
BRDA:20,1,1,10
BRDA:21,2,0,10
BRDA:21,2,1,10
BRDA:23,3,0,10
BRDA:23,3,1,10
BRDA:24,4,0,10
BRDA:24,4,1,10
BRDA:25,5,0,10
BRDA:25,5,1,10
BRDA:26,6,0,10
BRDA:26,6,1,10
BRDA:29,7,0,10
BRDA:29,7,1,10
BRDA:30,8,0,10
BRDA:30,8,1,10
BRDA:31,9,0,10
BRDA:31,9,1,10
BRDA:34,10,0,10
BRDA:34,10,1,10
BRDA:35,11,0,10
BRDA:35,11,1,10
BRDA:36,12,0,10
BRDA:36,12,1,10
BRDA:37,13,0,10
BRDA:37,13,1,10
BRDA:39,14,0,10
BRDA:39,14,1,10
BRF:30
BRH:30
end_of_record
TN:
SF:src/config/logger.ts
FN:16,(anonymous_1)
FNF:1
FNH:0
FNDA:0,(anonymous_1)
DA:1,0
DA:3,0
DA:16,0
DA:19,0
LF:4
LH:0
BRDA:4,0,0,0
BRDA:4,0,1,0
BRF:2
BRH:0
end_of_record
TN:
SF:src/config/redis.ts
FN:8,(anonymous_1)
FN:9,(anonymous_2)
FN:11,connectRedis
FNF:3
FNH:0
FNDA:0,(anonymous_1)
FNDA:0,(anonymous_2)
FNDA:0,connectRedis
DA:1,0
DA:2,0
DA:4,0
DA:8,0
DA:9,0
DA:12,0
DA:13,0
DA:17,0
LF:8
LH:0
BRDA:5,0,0,0
BRDA:5,0,1,0
BRDA:12,1,0,0
BRDA:12,1,1,0
BRF:4
BRH:0
end_of_record
TN:
SF:src/config/swagger.ts
FNF:0
FNH:0
DA:1,6
DA:3,6
DA:41,6
DA:43,6
LF:4
LH:4
BRF:0
BRH:0
end_of_record
TN:
SF:src/filters/http-exception.filter.ts
FN:7,(anonymous_2)
FNF:1
FNH:0
FNDA:0,(anonymous_2)
DA:1,0
DA:3,0
DA:6,0
DA:8,0
DA:9,0
DA:10,0
DA:12,0
DA:13,0
DA:17,0
DA:18,0
DA:19,0
DA:20,0
DA:25,0
DA:26,0
DA:27,0
DA:28,0
DA:35,0
DA:48,0
LF:18
LH:0
BRDA:17,0,0,0
BRDA:17,0,1,0
BRDA:21,1,0,0
BRDA:21,1,1,0
BRDA:24,2,0,0
BRDA:24,2,1,0
BRDA:26,3,0,0
BRDA:26,3,1,0
BRDA:30,4,0,0
BRDA:30,4,1,0
BRDA:53,5,0,0
BRDA:53,5,1,0
BRF:12
BRH:0
end_of_record
TN:
SF:src/functions/api.ts
FN:25,(anonymous_1)
FNF:1
FNH:0
FNDA:0,(anonymous_1)
DA:1,6
DA:2,6
DA:3,6
DA:4,6
DA:5,6
DA:6,6
DA:7,6
DA:8,6
DA:10,6
DA:13,6
DA:16,6
DA:20,6
DA:23,6
DA:25,6
DA:26,0
DA:29,6
DA:30,6
DA:33,6
DA:35,6
DA:36,6
LF:20
LH:19
BRF:0
BRH:0
end_of_record
TN:
SF:src/gateways/chat.gateway.ts
FN:18,(anonymous_4)
FN:23,(anonymous_5)
FN:29,(anonymous_6)
FN:36,(anonymous_7)
FN:42,(anonymous_8)
FNF:5
FNH:0
FNDA:0,(anonymous_4)
FNDA:0,(anonymous_5)
FNDA:0,(anonymous_6)
FNDA:0,(anonymous_7)
FNDA:0,(anonymous_8)
DA:1,0
DA:10,0
DA:13,0
DA:15,0
DA:29,0
DA:31,0
DA:36,0
DA:37,0
DA:42,0
DA:44,0
LF:10
LH:0
BRF:0
BRH:0
end_of_record
TN:
SF:src/gateways/index.ts
FNF:0
FNH:0
DA:1,0
LF:1
LH:0
BRF:0
BRH:0
end_of_record
TN:
SF:src/middleware/errorHandler.ts
FN:9,(anonymous_0)
FNF:1
FNH:1
FNDA:20,(anonymous_0)
DA:9,6
DA:16,20
DA:17,20
DA:24,20
DA:29,20
DA:30,0
DA:31,0
DA:36,0
DA:38,20
DA:39,16
DA:41,4
DA:42,4
LF:12
LH:9
BRDA:16,0,0,20
BRDA:16,0,1,3
BRDA:17,1,0,20
BRDA:17,1,1,3
BRDA:29,2,0,0
BRDA:29,2,1,20
BRDA:38,3,0,16
BRDA:38,3,1,4
BRF:8
BRH:7
end_of_record
TN:
SF:src/middleware/firebaseAuth.ts
FN:4,firebaseAuthMiddleware
FNF:1
FNH:1
FNDA:9,firebaseAuthMiddleware
DA:2,6
DA:4,6
DA:5,9
DA:6,9
DA:7,0
DA:8,0
DA:10,9
DA:11,9
DA:12,9
DA:14,9
DA:15,9
DA:18,0
DA:19,0
LF:13
LH:9
BRDA:6,0,0,0
BRDA:6,0,1,9
BRDA:6,1,0,9
BRDA:6,1,1,9
BRF:4
BRH:3
end_of_record
TN:
SF:src/middleware/rate-limit.middleware.ts
FN:6,(anonymous_2)
FN:15,(anonymous_3)
FNF:2
FNH:0
FNDA:0,(anonymous_2)
FNDA:0,(anonymous_3)
DA:1,0
DA:3,0
DA:6,0
DA:7,0
DA:16,0
DA:21,0
DA:31,0
LF:7
LH:0
BRF:0
BRH:0
end_of_record
TN:
SF:src/middleware/validation.ts
FN:4,(anonymous_0)
FN:5,(anonymous_1)
FN:6,(anonymous_2)
FNF:3
FNH:3
FNDA:18,(anonymous_0)
FNDA:8,(anonymous_1)
FNDA:71,(anonymous_2)
DA:1,6
DA:4,6
DA:5,18
DA:6,71
DA:8,8
DA:9,8
DA:10,6
DA:13,2
DA:17,6
DA:48,6
DA:53,6
DA:64,6
DA:70,6
DA:76,6
LF:14
LH:14
BRDA:9,0,0,6
BRDA:9,0,1,2
BRF:2
BRH:2
end_of_record
TN:
SF:src/modules/ai/ai.controller.ts
FN:6,(anonymous_4)
FN:13,(anonymous_5)
FN:22,(anonymous_6)
FNF:3
FNH:0
FNDA:0,(anonymous_4)
FNDA:0,(anonymous_5)
FNDA:0,(anonymous_6)
DA:1,0
DA:2,0
DA:5,0
DA:6,0
DA:13,0
DA:14,0
DA:22,0
DA:23,0
LF:8
LH:0
BRF:0
BRH:0
end_of_record
TN:
SF:src/modules/ai/ai.module.ts
FNF:0
FNH:0
DA:1,0
DA:2,0
DA:3,0
DA:10,0
LF:4
LH:0
BRF:0
BRH:0
end_of_record
TN:
SF:src/modules/ai/ai.service.ts
FN:32,(anonymous_3)
FN:39,(anonymous_4)
FN:79,(anonymous_5)
FN:113,(anonymous_6)
FN:138,(anonymous_7)
FN:157,(anonymous_8)
FN:189,(anonymous_9)
FN:202,(anonymous_10)
FN:209,(anonymous_11)
FN:217,(anonymous_12)
FNF:10
FNH:0
FNDA:0,(anonymous_3)
FNDA:0,(anonymous_4)
FNDA:0,(anonymous_5)
FNDA:0,(anonymous_6)
FNDA:0,(anonymous_7)
FNDA:0,(anonymous_8)
FNDA:0,(anonymous_9)
FNDA:0,(anonymous_10)
FNDA:0,(anonymous_11)
FNDA:0,(anonymous_12)
DA:1,0
DA:2,0
DA:28,0
DA:30,0
DA:33,0
DA:40,0
DA:41,0
DA:44,0
DA:46,0
DA:48,0
DA:55,0
DA:58,0
DA:59,0
DA:61,0
DA:67,0
DA:68,0
DA:82,0
DA:83,0
DA:85,0
DA:90,0
DA:93,0
DA:94,0
DA:95,0
DA:97,0
DA:102,0
DA:103,0
DA:114,0
DA:139,0
DA:141,0
DA:142,0
DA:145,0
DA:146,0
DA:149,0
DA:151,0
DA:158,0
DA:160,0
DA:163,0
DA:164,0
DA:179,0
DA:181,0
DA:182,0
DA:190,0
DA:192,0
DA:193,0
DA:196,0
DA:203,0
DA:211,0
DA:223,0
LF:48
LH:0
BRDA:33,0,0,0
BRDA:33,0,1,0
BRDA:41,1,0,0
BRDA:41,1,1,0
BRDA:70,2,0,0
BRDA:70,2,1,0
BRDA:99,3,0,0
BRDA:99,3,1,0
BRDA:141,4,0,0
BRDA:141,4,1,0
BRDA:145,5,0,0
BRDA:145,5,1,0
BRDA:158,6,0,0
BRDA:158,6,1,0
BRDA:158,7,0,0
BRDA:158,7,1,0
BRDA:190,8,0,0
BRDA:190,8,1,0
BRDA:192,9,0,0
BRDA:192,9,1,0
BRF:20
BRH:0
end_of_record
TN:
SF:src/modules/analytics/analytics.controller.ts
FN:6,(anonymous_4)
FN:13,(anonymous_5)
FN:39,(anonymous_6)
FN:48,(anonymous_7)
FN:68,(anonymous_8)
FN:77,(anonymous_9)
FN:86,(anonymous_10)
FN:98,(anonymous_11)
FN:115,(anonymous_12)
FNF:9
FNH:0
FNDA:0,(anonymous_4)
FNDA:0,(anonymous_5)
FNDA:0,(anonymous_6)
FNDA:0,(anonymous_7)
FNDA:0,(anonymous_8)
FNDA:0,(anonymous_9)
FNDA:0,(anonymous_10)
FNDA:0,(anonymous_11)
FNDA:0,(anonymous_12)
DA:1,0
DA:2,0
DA:5,0
DA:6,0
DA:13,0
DA:22,0
DA:31,0
DA:39,0
DA:40,0
DA:48,0
DA:55,0
DA:68,0
DA:69,0
DA:77,0
DA:78,0
DA:86,0
DA:87,0
DA:98,0
DA:103,0
DA:115,0
DA:121,0
LF:21
LH:0
BRDA:89,0,0,0
BRDA:89,0,1,0
BRDA:125,1,0,0
BRDA:125,1,1,0
BRF:4
BRH:0
end_of_record
TN:
SF:src/modules/analytics/analytics.module.ts
FNF:0
FNH:0
DA:1,0
DA:2,0
DA:3,0
DA:4,0
DA:11,0
LF:5
LH:0
BRF:0
BRH:0
end_of_record
TN:
SF:src/modules/chat/chat.gateway.js
FN:2,(anonymous_0)
FN:9,(anonymous_1)
FN:10,accept
FN:19,(anonymous_3)
FN:36,(anonymous_4)
FN:43,(anonymous_5)
FN:55,(anonymous_6)
FN:56,ChatGateway_1
FN:60,(anonymous_8)
FN:63,(anonymous_9)
FN:66,(anonymous_10)
FN:69,(anonymous_11)
FN:73,(anonymous_12)
FN:77,(anonymous_13)
FN:84,(anonymous_14)
FN:90,(anonymous_15)
FN:90,(anonymous_16)
FN:91,(anonymous_17)
FN:91,(anonymous_18)
FN:92,(anonymous_19)
FN:92,(anonymous_20)
FN:93,(anonymous_21)
FN:93,(anonymous_22)
FN:93,(anonymous_23)
FNF:24
FNH:0
FNDA:0,(anonymous_0)
FNDA:0,(anonymous_1)
FNDA:0,accept
FNDA:0,(anonymous_3)
FNDA:0,(anonymous_4)
FNDA:0,(anonymous_5)
FNDA:0,(anonymous_6)
FNDA:0,ChatGateway_1
FNDA:0,(anonymous_8)
FNDA:0,(anonymous_9)
FNDA:0,(anonymous_10)
FNDA:0,(anonymous_11)
FNDA:0,(anonymous_12)
FNDA:0,(anonymous_13)
FNDA:0,(anonymous_14)
FNDA:0,(anonymous_15)
FNDA:0,(anonymous_16)
FNDA:0,(anonymous_17)
FNDA:0,(anonymous_18)
FNDA:0,(anonymous_19)
FNDA:0,(anonymous_20)
FNDA:0,(anonymous_21)
FNDA:0,(anonymous_22)
FNDA:0,(anonymous_23)
DA:2,0
DA:3,0
DA:4,0
DA:5,0
DA:7,0
DA:9,0
DA:10,0
DA:11,0
DA:12,0
DA:13,0
DA:14,0
DA:15,0
DA:16,0
DA:17,0
DA:18,0
DA:19,0
DA:20,0
DA:21,0
DA:22,0
DA:23,0
DA:24,0
DA:25,0
DA:26,0
DA:28,0
DA:29,0
DA:30,0
DA:33,0
DA:34,0
DA:36,0
DA:37,0
DA:38,0
DA:40,0
DA:41,0
DA:42,0
DA:43,0
DA:44,0
DA:46,0
DA:48,0
DA:50,0
DA:51,0
DA:55,0
DA:57,0
DA:58,0
DA:60,0
DA:61,0
DA:63,0
DA:64,0
DA:66,0
DA:67,0
DA:69,0
DA:71,0
DA:73,0
DA:74,0
DA:75,0
DA:77,0
DA:79,0
DA:81,0
DA:83,0
DA:84,0
DA:85,0
DA:86,0
DA:87,0
DA:88,0
DA:89,0
DA:90,0
DA:91,0
DA:92,0
DA:93,0
DA:94,0
DA:95,0
DA:96,0
DA:97,0
DA:99,0
DA:101,0
LF:74
LH:0
BRDA:2,0,0,0
BRDA:2,0,1,0
BRDA:2,0,2,0
BRDA:5,1,0,0
BRDA:5,1,1,0
BRDA:7,2,0,0
BRDA:7,2,1,0
BRDA:9,3,0,0
BRDA:9,3,1,0
BRDA:9,3,2,0
BRDA:10,4,0,0
BRDA:10,4,1,0
BRDA:10,5,0,0
BRDA:10,5,1,0
BRDA:11,6,0,0
BRDA:11,6,1,0
BRDA:11,7,0,0
BRDA:11,7,1,0
BRDA:12,8,0,0
BRDA:12,8,1,0
BRDA:12,9,0,0
BRDA:12,9,1,0
BRDA:12,10,0,0
BRDA:12,10,1,0
BRDA:13,11,0,0
BRDA:13,11,1,0
BRDA:13,12,0,0
BRDA:13,12,1,0
BRDA:17,13,0,0
BRDA:17,13,1,0
BRDA:19,14,0,0
BRDA:19,14,1,0
BRDA:19,15,0,0
BRDA:19,15,1,0
BRDA:20,16,0,0
BRDA:20,16,1,0
BRDA:21,17,0,0
BRDA:21,17,1,0
BRDA:22,18,0,0
BRDA:22,18,1,0
BRDA:23,19,0,0
BRDA:23,19,1,0
BRDA:23,20,0,0
BRDA:23,20,1,0
BRDA:24,21,0,0
BRDA:24,21,1,0
BRDA:25,22,0,0
BRDA:25,22,1,0
BRDA:26,23,0,0
BRDA:26,23,1,0
BRDA:28,24,0,0
BRDA:28,24,1,0
BRDA:29,25,0,0
BRDA:29,25,1,0
BRDA:33,26,0,0
BRDA:33,26,1,0
BRDA:36,27,0,0
BRDA:36,27,1,0
BRDA:36,27,2,0
BRDA:37,28,0,0
BRDA:37,28,1,0
BRDA:37,29,0,0
BRDA:37,29,1,0
BRDA:38,30,0,0
BRDA:38,30,1,0
BRDA:85,31,0,0
BRDA:85,31,1,0
BRDA:85,32,0,0
BRDA:85,32,1,0
BRDA:96,33,0,0
BRDA:96,33,1,0
BRF:71
BRH:0
end_of_record
TN:
SF:src/modules/chat/chat.gateway.ts
FN:19,(anonymous_4)
FN:23,(anonymous_5)
FN:27,(anonymous_6)
FN:32,(anonymous_7)
FN:43,(anonymous_8)
FN:48,(anonymous_9)
FNF:6
FNH:0
FNDA:0,(anonymous_4)
FNDA:0,(anonymous_5)
FNDA:0,(anonymous_6)
FNDA:0,(anonymous_7)
FNDA:0,(anonymous_8)
FNDA:0,(anonymous_9)
DA:1,0
DA:11,0
DA:14,0
DA:16,0
DA:20,0
DA:24,0
DA:28,0
DA:32,0
DA:39,0
DA:43,0
DA:44,0
DA:45,0
DA:48,0
DA:55,0
LF:14
LH:0
BRF:0
BRH:0
end_of_record
TN:
SF:src/modules/chat/chat.module.js
FN:2,(anonymous_0)
FN:3,accept
FN:12,(anonymous_2)
FN:29,(anonymous_3)
FN:36,(anonymous_4)
FN:44,(anonymous_5)
FN:51,(anonymous_6)
FN:52,ChatModule_1
FN:57,(anonymous_8)
FNF:9
FNH:0
FNDA:0,(anonymous_0)
FNDA:0,accept
FNDA:0,(anonymous_2)
FNDA:0,(anonymous_3)
FNDA:0,(anonymous_4)
FNDA:0,(anonymous_5)
FNDA:0,(anonymous_6)
FNDA:0,ChatModule_1
FNDA:0,(anonymous_8)
DA:2,0
DA:3,0
DA:4,0
DA:5,0
DA:6,0
DA:7,0
DA:8,0
DA:9,0
DA:10,0
DA:11,0
DA:12,0
DA:13,0
DA:14,0
DA:15,0
DA:16,0
DA:17,0
DA:18,0
DA:19,0
DA:21,0
DA:22,0
DA:23,0
DA:26,0
DA:27,0
DA:29,0
DA:30,0
DA:31,0
DA:32,0
DA:34,0
DA:36,0
DA:37,0
DA:38,0
DA:40,0
DA:41,0
DA:42,0
DA:43,0
DA:44,0
DA:45,0
DA:49,0
DA:51,0
DA:54,0
DA:56,0
DA:57,0
DA:58,0
DA:59,0
DA:60,0
DA:61,0
DA:62,0
DA:64,0
DA:66,0
LF:49
LH:0
BRDA:2,0,0,0
BRDA:2,0,1,0
BRDA:2,0,2,0
BRDA:3,1,0,0
BRDA:3,1,1,0
BRDA:3,2,0,0
BRDA:3,2,1,0
BRDA:4,3,0,0
BRDA:4,3,1,0
BRDA:4,4,0,0
BRDA:4,4,1,0
BRDA:5,5,0,0
BRDA:5,5,1,0
BRDA:5,6,0,0
BRDA:5,6,1,0
BRDA:5,7,0,0
BRDA:5,7,1,0
BRDA:6,8,0,0
BRDA:6,8,1,0
BRDA:6,9,0,0
BRDA:6,9,1,0
BRDA:10,10,0,0
BRDA:10,10,1,0
BRDA:12,11,0,0
BRDA:12,11,1,0
BRDA:12,12,0,0
BRDA:12,12,1,0
BRDA:13,13,0,0
BRDA:13,13,1,0
BRDA:14,14,0,0
BRDA:14,14,1,0
BRDA:15,15,0,0
BRDA:15,15,1,0
BRDA:16,16,0,0
BRDA:16,16,1,0
BRDA:16,17,0,0
BRDA:16,17,1,0
BRDA:17,18,0,0
BRDA:17,18,1,0
BRDA:18,19,0,0
BRDA:18,19,1,0
BRDA:19,20,0,0
BRDA:19,20,1,0
BRDA:21,21,0,0
BRDA:21,21,1,0
BRDA:22,22,0,0
BRDA:22,22,1,0
BRDA:26,23,0,0
BRDA:26,23,1,0
BRDA:29,24,0,0
BRDA:29,24,1,0
BRDA:29,24,2,0
BRDA:32,25,0,0
BRDA:32,25,1,0
BRDA:34,26,0,0
BRDA:34,26,1,0
BRDA:36,27,0,0
BRDA:36,27,1,0
BRDA:36,27,2,0
BRDA:37,28,0,0
BRDA:37,28,1,0
BRDA:37,29,0,0
BRDA:37,29,1,0
BRDA:38,30,0,0
BRDA:38,30,1,0
BRDA:58,31,0,0
BRDA:58,31,1,0
BRDA:58,32,0,0
BRDA:58,32,1,0
BRDA:61,33,0,0
BRDA:61,33,1,0
BRF:71
BRH:0
end_of_record
TN:
SF:src/modules/chat/chat.module.ts
FNF:0
FNH:0
DA:1,0
DA:2,0
DA:7,0
LF:3
LH:0
BRF:0
BRH:0
end_of_record
TN:
SF:src/modules/courses/courses.controller.ts
FN:19,(anonymous_4)
FN:22,(anonymous_5)
FN:27,(anonymous_6)
FN:32,(anonymous_7)
FN:37,(anonymous_8)
FN:43,(anonymous_9)
FNF:6
FNH:6
FNDA:6,(anonymous_4)
FNDA:1,(anonymous_5)
FNDA:1,(anonymous_6)
FNDA:1,(anonymous_7)
FNDA:1,(anonymous_8)
FNDA:1,(anonymous_9)
DA:1,1
DA:12,1
DA:14,1
DA:15,1
DA:18,1
DA:19,6
DA:22,1
DA:23,1
DA:27,1
DA:28,1
DA:32,1
DA:33,1
DA:37,1
DA:38,1
DA:43,1
DA:44,1
LF:16
LH:16
BRF:0
BRH:0
end_of_record
TN:
SF:src/modules/courses/courses.module.ts
FNF:0
FNH:0
DA:1,0
DA:2,0
DA:3,0
DA:10,0
LF:4
LH:0
BRF:0
BRH:0
end_of_record
TN:
SF:src/modules/courses/courses.service.ts
FN:6,(anonymous_1)
FN:24,(anonymous_2)
FN:28,(anonymous_3)
FN:29,(anonymous_4)
FN:36,(anonymous_5)
FN:45,(anonymous_6)
FN:46,(anonymous_7)
FN:57,(anonymous_8)
FN:58,(anonymous_9)
FNF:9
FNH:9
FNDA:15,(anonymous_1)
FNDA:8,(anonymous_2)
FNDA:4,(anonymous_3)
FNDA:6,(anonymous_4)
FNDA:3,(anonymous_5)
FNDA:3,(anonymous_6)
FNDA:4,(anonymous_7)
FNDA:3,(anonymous_8)
FNDA:6,(anonymous_9)
DA:1,2
DA:3,2
DA:6,2
DA:7,15
DA:25,8
DA:29,6
DA:30,4
DA:31,2
DA:33,2
DA:37,3
DA:41,3
DA:42,3
DA:46,4
DA:47,3
DA:48,1
DA:50,2
DA:54,2
DA:58,6
DA:59,3
DA:60,1
DA:62,2
LF:21
LH:21
BRDA:30,0,0,2
BRDA:30,0,1,2
BRDA:47,1,0,1
BRDA:47,1,1,2
BRDA:59,2,0,1
BRDA:59,2,1,2
BRF:6
BRH:6
end_of_record
TN:
SF:src/modules/courses/dto/create-course.dto.ts
FNF:0
FNH:0
DA:1,1
DA:3,1
DA:5,1
DA:8,1
DA:12,1
DA:16,1
LF:6
LH:6
BRF:0
BRH:0
end_of_record
TN:
SF:src/modules/courses/dto/update-course.dto.ts
FNF:0
FNH:0
DA:1,1
DA:3,1
DA:6,1
DA:10,1
DA:15,1
DA:20,1
LF:6
LH:6
BRF:0
BRH:0
end_of_record
TN:
SF:src/modules/feed/feed.controller.ts
FN:6,(anonymous_4)
FN:13,(anonymous_5)
FNF:2
FNH:0
FNDA:0,(anonymous_4)
FNDA:0,(anonymous_5)
DA:1,0
DA:2,0
DA:5,0
DA:6,0
DA:13,0
DA:15,0
DA:16,0
DA:18,0
LF:8
LH:0
BRDA:15,0,0,0
BRDA:15,0,1,0
BRDA:16,1,0,0
BRDA:16,1,1,0
BRF:4
BRH:0
end_of_record
TN:
SF:src/modules/feed/feed.module.ts
FNF:0
FNH:0
DA:1,0
DA:2,0
DA:3,0
DA:4,0
DA:5,0
DA:6,0
DA:7,0
DA:14,0
LF:8
LH:0
BRF:0
BRH:0
end_of_record
TN:
SF:src/modules/feed/feed.service.ts
FN:16,(anonymous_2)
FN:27,(anonymous_3)
FN:64,(anonymous_4)
FN:84,(anonymous_5)
FNF:4
FNH:0
FNDA:0,(anonymous_2)
FNDA:0,(anonymous_3)
FNDA:0,(anonymous_4)
FNDA:0,(anonymous_5)
DA:1,0
DA:2,0
DA:3,0
DA:4,0
DA:5,0
DA:15,0
DA:17,0
DA:18,0
DA:19,0
DA:20,0
DA:28,0
DA:31,0
DA:34,0
DA:36,0
DA:37,0
DA:39,0
DA:40,0
DA:42,0
DA:43,0
DA:45,0
DA:46,0
DA:48,0
DA:49,0
DA:53,0
DA:56,0
DA:57,0
DA:58,0
DA:59,0
DA:64,0
DA:67,0
DA:69,0
DA:75,0
DA:76,0
DA:88,0
LF:34
LH:0
BRDA:27,0,0,0
BRDA:37,1,0,0
BRDA:37,1,1,0
BRDA:37,1,2,0
BRDA:37,1,3,0
BRDA:58,2,0,0
BRDA:58,2,1,0
BRDA:72,3,0,0
BRDA:72,3,1,0
BRF:9
BRH:0
end_of_record
TN:
SF:src/modules/integrations/facebook/facebook.connector.ts
FN:11,(anonymous_1)
FN:30,(anonymous_2)
FNF:2
FNH:0
FNDA:0,(anonymous_1)
FNDA:0,(anonymous_2)
DA:1,0
DA:10,0
DA:13,0
DA:32,0
LF:4
LH:0
BRF:0
BRH:0
end_of_record
TN:
SF:src/modules/integrations/instagram/instagram.connector.ts
FN:24,(anonymous_1)
FN:43,(anonymous_2)
FNF:2
FNH:0
FNDA:0,(anonymous_1)
FNDA:0,(anonymous_2)
DA:1,0
DA:23,0
DA:26,0
DA:45,0
LF:4
LH:0
BRF:0
BRH:0
end_of_record
TN:
SF:src/modules/integrations/tiktok/tiktok.connector.ts
FN:11,(anonymous_1)
FN:30,(anonymous_2)
FNF:2
FNH:0
FNDA:0,(anonymous_1)
FNDA:0,(anonymous_2)
DA:1,0
DA:10,0
DA:13,0
DA:32,0
LF:4
LH:0
BRF:0
BRH:0
end_of_record
TN:
SF:src/modules/integrations/x/x.connector.ts
FN:11,(anonymous_1)
FN:30,(anonymous_2)
FNF:2
FNH:0
FNDA:0,(anonymous_1)
FNDA:0,(anonymous_2)
DA:1,0
DA:10,0
DA:13,0
DA:32,0
LF:4
LH:0
BRF:0
BRH:0
end_of_record
TN:
SF:src/modules/settings/settings.controller.ts
FN:6,(anonymous_4)
FN:13,(anonymous_5)
FN:22,(anonymous_6)
FN:34,(anonymous_7)
FN:56,(anonymous_8)
FN:75,(anonymous_9)
FN:93,(anonymous_10)
FN:110,(anonymous_11)
FN:119,(anonymous_12)
FNF:9
FNH:0
FNDA:0,(anonymous_4)
FNDA:0,(anonymous_5)
FNDA:0,(anonymous_6)
FNDA:0,(anonymous_7)
FNDA:0,(anonymous_8)
FNDA:0,(anonymous_9)
FNDA:0,(anonymous_10)
FNDA:0,(anonymous_11)
FNDA:0,(anonymous_12)
DA:1,0
DA:2,0
DA:5,0
DA:6,0
DA:13,0
DA:14,0
DA:22,0
DA:26,0
DA:34,0
DA:48,0
DA:56,0
DA:67,0
DA:75,0
DA:85,0
DA:93,0
DA:102,0
DA:110,0
DA:111,0
DA:119,0
DA:120,0
LF:20
LH:0
BRF:0
BRH:0
end_of_record
TN:
SF:src/modules/settings/settings.module.ts
FNF:0
FNH:0
DA:1,0
DA:2,0
DA:3,0
DA:10,0
LF:4
LH:0
BRF:0
BRH:0
end_of_record
TN:
SF:src/modules/settings/settings.service.ts
FN:5,(anonymous_1)
FN:12,(anonymous_2)
FN:31,(anonymous_3)
FN:83,(anonymous_4)
FN:102,(anonymous_5)
FN:118,(anonymous_6)
FN:133,(anonymous_7)
FN:147,(anonymous_8)
FN:193,(anonymous_9)
FNF:9
FNH:0
FNDA:0,(anonymous_1)
FNDA:0,(anonymous_2)
FNDA:0,(anonymous_3)
FNDA:0,(anonymous_4)
FNDA:0,(anonymous_5)
FNDA:0,(anonymous_6)
FNDA:0,(anonymous_7)
FNDA:0,(anonymous_8)
FNDA:0,(anonymous_9)
DA:1,0
DA:2,0
DA:5,0
DA:6,0
DA:7,0
DA:13,0
DA:18,0
DA:19,0
DA:22,0
DA:25,0
DA:67,0
DA:76,0
DA:77,0
DA:96,0
DA:112,0
DA:127,0
DA:141,0
DA:148,0
DA:186,0
DA:187,0
DA:194,0
DA:198,0
DA:199,0
DA:202,0
DA:206,0
DA:207,0
LF:26
LH:0
BRDA:18,0,0,0
BRDA:18,0,1,0
BRDA:198,1,0,0
BRDA:198,1,1,0
BRF:4
BRH:0
end_of_record
TN:
SF:src/modules/social/moderation.service.ts
FN:5,(anonymous_1)
FN:12,(anonymous_2)
FN:55,(anonymous_3)
FN:87,(anonymous_4)
FN:118,(anonymous_5)
FN:157,(anonymous_6)
FN:188,(anonymous_7)
FN:209,(anonymous_8)
FN:230,(anonymous_9)
FN:261,(anonymous_10)
FN:268,(anonymous_11)
FNF:11
FNH:0
FNDA:0,(anonymous_1)
FNDA:0,(anonymous_2)
FNDA:0,(anonymous_3)
FNDA:0,(anonymous_4)
FNDA:0,(anonymous_5)
FNDA:0,(anonymous_6)
FNDA:0,(anonymous_7)
FNDA:0,(anonymous_8)
FNDA:0,(anonymous_9)
FNDA:0,(anonymous_10)
FNDA:0,(anonymous_11)
DA:1,0
DA:2,0
DA:5,0
DA:6,0
DA:7,0
DA:20,0
DA:48,0
DA:49,0
DA:56,0
DA:81,0
DA:88,0
DA:108,0
DA:109,0
DA:112,0
DA:124,0
DA:150,0
DA:151,0
DA:158,0
DA:182,0
DA:189,0
DA:203,0
DA:210,0
DA:224,0
DA:232,0
DA:241,0
DA:247,0
DA:252,0
DA:262,0
DA:263,0
DA:269,0
DA:270,0
LF:31
LH:0
BRDA:55,0,0,0
BRDA:58,1,0,0
BRDA:58,1,1,0
BRDA:59,2,0,0
BRDA:59,2,1,0
BRDA:108,3,0,0
BRDA:108,3,1,0
BRDA:130,4,0,0
BRDA:130,4,1,0
BRF:9
BRH:0
end_of_record
TN:
SF:src/modules/social/social.controller.ts
FN:7,(anonymous_4)
FN:17,(anonymous_5)
FN:26,(anonymous_6)
FN:38,(anonymous_7)
FN:47,(anonymous_8)
FN:59,(anonymous_9)
FN:68,(anonymous_10)
FN:82,(anonymous_11)
FN:91,(anonymous_12)
FN:100,(anonymous_13)
FN:109,(anonymous_14)
FN:118,(anonymous_15)
FN:127,(anonymous_16)
FN:144,(anonymous_17)
FN:158,(anonymous_18)
FN:181,(anonymous_19)
FN:198,(anonymous_20)
FN:207,(anonymous_21)
FN:221,(anonymous_22)
FNF:19
FNH:0
FNDA:0,(anonymous_4)
FNDA:0,(anonymous_5)
FNDA:0,(anonymous_6)
FNDA:0,(anonymous_7)
FNDA:0,(anonymous_8)
FNDA:0,(anonymous_9)
FNDA:0,(anonymous_10)
FNDA:0,(anonymous_11)
FNDA:0,(anonymous_12)
FNDA:0,(anonymous_13)
FNDA:0,(anonymous_14)
FNDA:0,(anonymous_15)
FNDA:0,(anonymous_16)
FNDA:0,(anonymous_17)
FNDA:0,(anonymous_18)
FNDA:0,(anonymous_19)
FNDA:0,(anonymous_20)
FNDA:0,(anonymous_21)
FNDA:0,(anonymous_22)
DA:1,0
DA:2,0
DA:3,0
DA:6,0
DA:8,0
DA:9,0
DA:17,0
DA:18,0
DA:26,0
DA:27,0
DA:38,0
DA:39,0
DA:47,0
DA:51,0
DA:59,0
DA:60,0
DA:68,0
DA:74,0
DA:82,0
DA:83,0
DA:91,0
DA:92,0
DA:100,0
DA:101,0
DA:109,0
DA:110,0
DA:118,0
DA:119,0
DA:127,0
DA:132,0
DA:144,0
DA:150,0
DA:158,0
DA:166,0
DA:181,0
DA:186,0
DA:198,0
DA:199,0
DA:207,0
DA:213,0
DA:221,0
DA:222,0
LF:42
LH:0
BRDA:29,0,0,0
BRDA:29,0,1,0
BRDA:134,1,0,0
BRDA:134,1,1,0
BRDA:135,2,0,0
BRDA:135,2,1,0
BRDA:150,3,0,0
BRDA:150,3,1,0
BRDA:189,4,0,0
BRDA:189,4,1,0
BRF:10
BRH:0
end_of_record
TN:
SF:src/modules/social/social.module.ts
FNF:0
FNH:0
DA:1,0
DA:2,0
DA:3,0
DA:4,0
DA:11,0
LF:5
LH:0
BRF:0
BRH:0
end_of_record
TN:
SF:src/modules/social/social.service.ts
FN:5,(anonymous_1)
FN:12,(anonymous_2)
FN:25,(anonymous_3)
FN:26,(anonymous_4)
FN:29,(anonymous_5)
FN:48,(anonymous_6)
FN:60,(anonymous_7)
FN:71,(anonymous_8)
FN:73,(anonymous_9)
FN:80,(anonymous_10)
FN:93,(anonymous_11)
FN:94,(anonymous_12)
FN:108,(anonymous_13)
FN:115,(anonymous_14)
FN:146,(anonymous_15)
FN:165,(anonymous_16)
FN:188,(anonymous_17)
FN:198,(anonymous_18)
FN:240,(anonymous_19)
FN:264,(anonymous_20)
FN:291,(anonymous_21)
FN:300,(anonymous_22)
FN:315,(anonymous_23)
FN:341,(anonymous_24)
FN:352,(anonymous_25)
FN:362,(anonymous_26)
FN:365,(anonymous_27)
FN:372,(anonymous_28)
FNF:28
FNH:0
FNDA:0,(anonymous_1)
FNDA:0,(anonymous_2)
FNDA:0,(anonymous_3)
FNDA:0,(anonymous_4)
FNDA:0,(anonymous_5)
FNDA:0,(anonymous_6)
FNDA:0,(anonymous_7)
FNDA:0,(anonymous_8)
FNDA:0,(anonymous_9)
FNDA:0,(anonymous_10)
FNDA:0,(anonymous_11)
FNDA:0,(anonymous_12)
FNDA:0,(anonymous_13)
FNDA:0,(anonymous_14)
FNDA:0,(anonymous_15)
FNDA:0,(anonymous_16)
FNDA:0,(anonymous_17)
FNDA:0,(anonymous_18)
FNDA:0,(anonymous_19)
FNDA:0,(anonymous_20)
FNDA:0,(anonymous_21)
FNDA:0,(anonymous_22)
FNDA:0,(anonymous_23)
FNDA:0,(anonymous_24)
FNDA:0,(anonymous_25)
FNDA:0,(anonymous_26)
FNDA:0,(anonymous_27)
FNDA:0,(anonymous_28)
DA:1,0
DA:2,0
DA:5,0
DA:6,0
DA:7,0
DA:14,0
DA:20,0
DA:25,0
DA:26,0
DA:29,0
DA:32,0
DA:42,0
DA:50,0
DA:60,0
DA:61,0
DA:71,0
DA:73,0
DA:82,0
DA:88,0
DA:93,0
DA:94,0
DA:95,0
DA:98,0
DA:107,0
DA:108,0
DA:109,0
DA:110,0
DA:114,0
DA:116,0
DA:137,0
DA:139,0
DA:140,0
DA:147,0
DA:159,0
DA:166,0
DA:188,0
DA:204,0
DA:233,0
DA:234,0
DA:241,0
DA:245,0
DA:246,0
DA:249,0
DA:257,0
DA:258,0
DA:265,0
DA:274,0
DA:275,0
DA:278,0
DA:284,0
DA:285,0
DA:292,0
DA:301,0
DA:309,0
DA:316,0
DA:320,0
DA:321,0
DA:324,0
DA:334,0
DA:335,0
DA:342,0
DA:352,0
DA:353,0
DA:362,0
DA:365,0
DA:378,0
DA:397,0
LF:67
LH:0
BRDA:48,0,0,0
BRDA:109,1,0,0
BRDA:109,1,1,0
BRDA:202,2,0,0
BRDA:245,3,0,0
BRDA:245,3,1,0
BRDA:274,4,0,0
BRDA:274,4,1,0
BRDA:320,5,0,0
BRDA:320,5,1,0
BRDA:341,6,0,0
BRDA:341,7,0,0
BRDA:376,8,0,0
BRF:13
BRH:0
end_of_record
TN:
SF:src/modules/stories/stories.controller.ts
FN:7,(anonymous_4)
FN:14,(anonymous_5)
FN:23,(anonymous_6)
FN:32,(anonymous_7)
FN:41,(anonymous_8)
FN:50,(anonymous_9)
FN:63,(anonymous_10)
FN:76,(anonymous_11)
FN:89,(anonymous_12)
FN:98,(anonymous_13)
FNF:10
FNH:0
FNDA:0,(anonymous_4)
FNDA:0,(anonymous_5)
FNDA:0,(anonymous_6)
FNDA:0,(anonymous_7)
FNDA:0,(anonymous_8)
FNDA:0,(anonymous_9)
FNDA:0,(anonymous_10)
FNDA:0,(anonymous_11)
FNDA:0,(anonymous_12)
FNDA:0,(anonymous_13)
DA:1,0
DA:2,0
DA:3,0
DA:6,0
DA:7,0
DA:14,0
DA:15,0
DA:23,0
DA:24,0
DA:32,0
DA:33,0
DA:41,0
DA:42,0
DA:50,0
DA:55,0
DA:63,0
DA:68,0
DA:76,0
DA:81,0
DA:89,0
DA:90,0
DA:98,0
DA:99,0
LF:23
LH:0
BRF:0
BRH:0
end_of_record
TN:
SF:src/modules/stories/stories.module.ts
FNF:0
FNH:0
DA:1,0
DA:2,0
DA:3,0
DA:10,0
LF:4
LH:0
BRF:0
BRH:0
end_of_record
TN:
SF:src/modules/stories/stories.service.ts
FN:6,(anonymous_1)
FN:13,(anonymous_2)
FN:43,(anonymous_3)
FN:85,(anonymous_4)
FN:134,(anonymous_5)
FN:158,(anonymous_6)
FN:201,(anonymous_7)
FN:229,(anonymous_8)
FN:263,(anonymous_9)
FN:286,(anonymous_10)
FNF:10
FNH:0
FNDA:0,(anonymous_1)
FNDA:0,(anonymous_2)
FNDA:0,(anonymous_3)
FNDA:0,(anonymous_4)
FNDA:0,(anonymous_5)
FNDA:0,(anonymous_6)
FNDA:0,(anonymous_7)
FNDA:0,(anonymous_8)
FNDA:0,(anonymous_9)
FNDA:0,(anonymous_10)
DA:1,0
DA:2,0
DA:6,0
DA:7,0
DA:8,0
DA:14,0
DA:18,0
DA:36,0
DA:37,0
DA:44,0
DA:45,0
DA:79,0
DA:86,0
DA:124,0
DA:125,0
DA:128,0
DA:135,0
DA:139,0
DA:140,0
DA:143,0
DA:144,0
DA:147,0
DA:151,0
DA:152,0
DA:160,0
DA:164,0
DA:165,0
DA:169,0
DA:194,0
DA:195,0
DA:202,0
DA:212,0
DA:213,0
DA:216,0
DA:222,0
DA:223,0
DA:231,0
DA:235,0
DA:236,0
DA:239,0
DA:256,0
DA:257,0
DA:264,0
DA:280,0
DA:287,0
DA:288,0
DA:296,0
DA:297,0
LF:48
LH:0
BRDA:14,0,0,0
BRDA:14,0,1,0
BRDA:50,1,0,0
BRDA:50,1,1,0
BRDA:124,2,0,0
BRDA:124,2,1,0
BRDA:139,3,0,0
BRDA:139,3,1,0
BRDA:143,4,0,0
BRDA:143,4,1,0
BRDA:164,5,0,0
BRDA:164,5,1,0
BRDA:212,6,0,0
BRDA:212,6,1,0
BRDA:235,7,0,0
BRDA:235,7,1,0
BRF:16
BRH:0
end_of_record
TN:
SF:src/modules/stories/dto/story.dto.ts
FNF:0
FNH:0
DA:1,0
DA:3,0
DA:5,0
DA:8,0
DA:12,0
DA:16,0
DA:19,0
DA:33,0
DA:35,0
DA:38,0
DA:41,0
DA:44,0
DA:46,0
DA:49,0
DA:52,0
LF:15
LH:0
BRF:0
BRH:0
end_of_record
TN:
SF:src/services/ai.ts
FN:9,(anonymous_1)
FN:54,(anonymous_2)
FN:71,(anonymous_3)
FN:92,(anonymous_4)
FN:97,(anonymous_5)
FN:104,(anonymous_6)
FN:112,(anonymous_7)
FN:114,(anonymous_8)
FN:115,(anonymous_9)
FNF:9
FNH:0
FNDA:0,(anonymous_1)
FNDA:0,(anonymous_2)
FNDA:0,(anonymous_3)
FNDA:0,(anonymous_4)
FNDA:0,(anonymous_5)
FNDA:0,(anonymous_6)
FNDA:0,(anonymous_7)
FNDA:0,(anonymous_8)
FNDA:0,(anonymous_9)
DA:1,5
DA:2,5
DA:4,5
DA:7,5
DA:9,5
DA:10,0
DA:12,0
DA:15,0
DA:16,0
DA:24,0
DA:25,0
DA:33,0
DA:34,0
DA:42,0
DA:48,0
DA:54,5
DA:55,0
DA:58,0
DA:63,0
DA:69,0
DA:70,0
DA:71,0
DA:74,0
DA:88,5
DA:94,0
DA:98,0
DA:100,0
DA:101,0
DA:102,0
DA:104,0
DA:105,0
DA:108,0
DA:109,0
DA:113,0
DA:114,0
DA:115,0
DA:118,0
LF:37
LH:7
BRDA:15,0,0,0
BRDA:15,0,1,0
BRDA:24,1,0,0
BRDA:24,1,1,0
BRDA:33,2,0,0
BRDA:33,2,1,0
BRDA:101,3,0,0
BRDA:101,3,1,0
BRDA:104,4,0,0
BRDA:104,4,1,0
BRDA:105,5,0,0
BRDA:105,5,1,0
BRF:12
BRH:0
end_of_record
TN:
SF:src/services/analytics.service.ts
FN:10,(anonymous_2)
FN:15,(anonymous_3)
FN:46,(anonymous_4)
FN:75,(anonymous_5)
FN:110,(anonymous_6)
FN:136,(anonymous_7)
FN:162,(anonymous_8)
FN:184,(anonymous_9)
FN:196,(anonymous_10)
FN:198,(anonymous_11)
FN:236,(anonymous_12)
FN:247,(anonymous_13)
FN:256,(anonymous_14)
FN:257,(anonymous_15)
FN:270,(anonymous_16)
FN:292,(anonymous_17)
FN:304,(anonymous_18)
FN:319,(anonymous_19)
FN:330,(anonymous_20)
FN:331,(anonymous_21)
FN:332,(anonymous_22)
FN:333,(anonymous_23)
FNF:22
FNH:0
FNDA:0,(anonymous_2)
FNDA:0,(anonymous_3)
FNDA:0,(anonymous_4)
FNDA:0,(anonymous_5)
FNDA:0,(anonymous_6)
FNDA:0,(anonymous_7)
FNDA:0,(anonymous_8)
FNDA:0,(anonymous_9)
FNDA:0,(anonymous_10)
FNDA:0,(anonymous_11)
FNDA:0,(anonymous_12)
FNDA:0,(anonymous_13)
FNDA:0,(anonymous_14)
FNDA:0,(anonymous_15)
FNDA:0,(anonymous_16)
FNDA:0,(anonymous_17)
FNDA:0,(anonymous_18)
FNDA:0,(anonymous_19)
FNDA:0,(anonymous_20)
FNDA:0,(anonymous_21)
FNDA:0,(anonymous_22)
FNDA:0,(anonymous_23)
DA:1,0
DA:2,0
DA:3,0
DA:6,0
DA:7,0
DA:8,0
DA:10,0
DA:24,0
DA:25,0
DA:37,0
DA:39,0
DA:48,0
DA:49,0
DA:50,0
DA:51,0
DA:55,0
DA:60,0
DA:61,0
DA:67,0
DA:69,0
DA:84,0
DA:102,0
DA:104,0
DA:111,0
DA:115,0
DA:116,0
DA:119,0
DA:120,0
DA:122,0
DA:130,0
DA:138,0
DA:139,0
DA:140,0
DA:141,0
DA:144,0
DA:149,0
DA:150,0
DA:154,0
DA:156,0
DA:164,0
DA:169,0
DA:174,0
DA:179,0
DA:184,0
DA:186,0
DA:191,0
DA:196,0
DA:197,0
DA:198,0
DA:201,0
DA:204,0
DA:228,0
DA:230,0
DA:237,0
DA:247,0
DA:249,0
DA:256,0
DA:257,0
DA:258,0
DA:264,0
DA:276,0
DA:286,0
DA:293,0
DA:304,0
DA:306,0
DA:318,0
DA:320,0
DA:321,0
DA:326,0
DA:330,0
DA:331,0
DA:332,0
DA:333,0
DA:335,0
LF:74
LH:0
BRDA:31,0,0,0
BRDA:31,0,1,0
BRDA:50,1,0,0
BRDA:50,1,1,0
BRDA:60,2,0,0
BRDA:60,2,1,0
BRDA:87,3,0,0
BRDA:87,3,1,0
BRDA:88,4,0,0
BRDA:88,4,1,0
BRDA:89,5,0,0
BRDA:89,5,1,0
BRDA:90,6,0,0
BRDA:90,6,1,0
BRDA:94,7,0,0
BRDA:94,7,1,0
BRDA:95,8,0,0
BRDA:95,8,1,0
BRDA:96,9,0,0
BRDA:96,9,1,0
BRDA:97,10,0,0
BRDA:97,10,1,0
BRDA:115,11,0,0
BRDA:115,11,1,0
BRDA:120,12,0,0
BRDA:120,12,1,0
BRDA:140,13,0,0
BRDA:140,13,1,0
BRDA:149,14,0,0
BRDA:149,14,1,0
BRDA:201,15,0,0
BRDA:201,15,1,0
BRDA:236,16,0,0
BRDA:274,17,0,0
BRDA:280,18,0,0
BRDA:280,18,1,0
BRDA:320,19,0,0
BRDA:320,19,1,0
BRF:38
BRH:0
end_of_record
TN:
SF:src/services/cache.service.ts
FN:11,(anonymous_2)
FN:15,(anonymous_3)
FN:28,(anonymous_4)
FN:33,(anonymous_5)
FN:45,(anonymous_6)
FN:62,(anonymous_7)
FN:79,(anonymous_8)
FN:91,(anonymous_9)
FN:104,(anonymous_10)
FN:118,(anonymous_11)
FNF:10
FNH:0
FNDA:0,(anonymous_2)
FNDA:0,(anonymous_3)
FNDA:0,(anonymous_4)
FNDA:0,(anonymous_5)
FNDA:0,(anonymous_6)
FNDA:0,(anonymous_7)
FNDA:0,(anonymous_8)
FNDA:0,(anonymous_9)
FNDA:0,(anonymous_10)
FNDA:0,(anonymous_11)
DA:1,0
DA:2,0
DA:3,0
DA:6,0
DA:7,0
DA:8,0
DA:9,0
DA:11,0
DA:12,0
DA:16,0
DA:18,0
DA:19,0
DA:20,0
DA:23,0
DA:24,0
DA:28,0
DA:29,0
DA:30,0
DA:33,0
DA:34,0
DA:35,0
DA:38,0
DA:40,0
DA:41,0
DA:46,0
DA:47,0
DA:50,0
DA:51,0
DA:52,0
DA:53,0
DA:55,0
DA:57,0
DA:58,0
DA:63,0
DA:64,0
DA:67,0
DA:68,0
DA:69,0
DA:70,0
DA:72,0
DA:75,0
DA:80,0
DA:81,0
DA:84,0
DA:85,0
DA:87,0
DA:92,0
DA:93,0
DA:96,0
DA:97,0
DA:98,0
DA:100,0
DA:105,0
DA:106,0
DA:109,0
DA:110,0
DA:111,0
DA:113,0
DA:114,0
DA:119,0
DA:120,0
DA:121,0
LF:62
LH:0
BRDA:18,0,0,0
BRDA:18,0,1,0
BRDA:46,1,0,0
BRDA:46,1,1,0
BRDA:46,2,0,0
BRDA:46,2,1,0
BRDA:52,3,0,0
BRDA:52,3,1,0
BRDA:63,4,0,0
BRDA:63,4,1,0
BRDA:63,5,0,0
BRDA:63,5,1,0
BRDA:69,6,0,0
BRDA:69,6,1,0
BRDA:80,7,0,0
BRDA:80,7,1,0
BRDA:80,8,0,0
BRDA:80,8,1,0
BRDA:92,9,0,0
BRDA:92,9,1,0
BRDA:92,10,0,0
BRDA:92,10,1,0
BRDA:105,11,0,0
BRDA:105,11,1,0
BRDA:105,12,0,0
BRDA:105,12,1,0
BRDA:119,13,0,0
BRDA:119,13,1,0
BRDA:119,14,0,0
BRDA:119,14,1,0
BRF:30
BRH:0
end_of_record
TN:
SF:src/services/discovery.ts
FN:2,getTrendingHashtags
FN:6,getSuggestedPeople
FNF:2
FNH:0
FNDA:0,getTrendingHashtags
FNDA:0,getSuggestedPeople
DA:2,0
DA:3,0
DA:6,0
DA:7,0
LF:4
LH:0
BRF:0
BRH:0
end_of_record
TN:
SF:src/services/instagram.ts
FN:8,(anonymous_1)
FN:20,(anonymous_2)
FN:34,(anonymous_3)
FN:59,(anonymous_4)
FN:77,(anonymous_5)
FN:94,(anonymous_6)
FN:122,(anonymous_7)
FN:157,(anonymous_8)
FN:179,(anonymous_9)
FN:198,(anonymous_10)
FN:219,(anonymous_11)
FN:248,(anonymous_12)
FN:267,(anonymous_13)
FN:281,(anonymous_14)
FN:304,(anonymous_15)
FNF:15
FNH:11
FNDA:16,(anonymous_1)
FNDA:1,(anonymous_2)
FNDA:1,(anonymous_3)
FNDA:1,(anonymous_4)
FNDA:1,(anonymous_5)
FNDA:1,(anonymous_6)
FNDA:1,(anonymous_7)
FNDA:0,(anonymous_8)
FNDA:0,(anonymous_9)
FNDA:2,(anonymous_10)
FNDA:0,(anonymous_11)
FNDA:2,(anonymous_12)
FNDA:1,(anonymous_13)
FNDA:0,(anonymous_14)
FNDA:1,(anonymous_15)
DA:1,7
DA:2,7
DA:4,7
DA:6,16
DA:9,16
DA:21,1
DA:28,1
DA:38,1
DA:53,1
DA:64,1
DA:71,1
DA:82,1
DA:88,1
DA:109,1
DA:116,1
DA:138,1
DA:144,1
DA:145,0
DA:148,1
DA:151,1
DA:167,0
DA:173,0
DA:185,0
DA:192,0
DA:206,2
DA:213,2
DA:229,0
DA:235,0
DA:236,0
DA:239,0
DA:242,0
DA:255,2
DA:261,2
DA:268,1
DA:275,1
DA:292,0
DA:298,0
DA:313,1
DA:314,0
DA:316,1
DA:320,1
DA:323,1
DA:327,1
DA:334,7
LF:44
LH:31
BRDA:125,0,0,0
BRDA:144,1,0,0
BRDA:144,1,1,1
BRDA:182,2,0,0
BRDA:183,3,0,0
BRDA:235,4,0,0
BRDA:235,4,1,0
BRDA:309,5,0,0
BRDA:313,6,0,0
BRDA:313,6,1,1
BRF:10
BRH:2
end_of_record
TN:
SF:src/services/media.ts
FN:3,uploadMedia
FN:8,getMediaUrl
FNF:2
FNH:0
FNDA:0,uploadMedia
FNDA:0,getMediaUrl
DA:3,0
DA:5,0
DA:8,0
DA:10,0
LF:4
LH:0
BRF:0
BRH:0
end_of_record
TN:
SF:src/services/messaging.ts
FN:11,(anonymous_0)
FN:29,(anonymous_1)
FN:38,(anonymous_2)
FN:58,(anonymous_3)
FNF:4
FNH:0
FNDA:0,(anonymous_0)
FNDA:0,(anonymous_1)
FNDA:0,(anonymous_2)
FNDA:0,(anonymous_3)
DA:1,0
DA:2,0
DA:8,0
DA:9,0
DA:11,0
DA:12,0
DA:15,0
DA:17,0
DA:18,0
DA:19,0
DA:20,0
DA:21,0
DA:23,0
DA:24,0
DA:25,0
DA:29,0
DA:30,0
DA:32,0
DA:33,0
DA:34,0
DA:35,0
DA:36,0
DA:37,0
DA:38,0
DA:39,0
DA:40,0
DA:45,0
DA:58,0
DA:59,0
DA:60,0
DA:64,0
LF:31
LH:0
BRDA:17,0,0,0
BRDA:17,0,1,0
BRDA:32,1,0,0
BRDA:32,1,1,0
BRDA:34,2,0,0
BRDA:34,2,1,0
BRDA:35,3,0,0
BRDA:35,3,1,0
BRDA:37,4,0,0
BRDA:37,4,1,0
BRDA:40,5,0,0
BRDA:40,5,1,0
BRDA:41,6,0,0
BRDA:41,6,1,0
BRDA:41,6,2,0
BRDA:59,7,0,0
BRDA:59,7,1,0
BRF:17
BRH:0
end_of_record
TN:
SF:src/services/monetization.ts
FN:2,getAvailablePlans
FN:10,purchasePlan
FNF:2
FNH:0
FNDA:0,getAvailablePlans
FNDA:0,purchasePlan
DA:2,0
DA:3,0
DA:10,0
DA:12,0
LF:4
LH:0
BRF:0
BRH:0
end_of_record
TN:
SF:src/services/notifications.ts
FN:2,sendNotification
FN:8,getNotifications
FNF:2
FNH:0
FNDA:0,sendNotification
FNDA:0,getNotifications
DA:2,0
DA:4,0
DA:8,0
DA:10,0
LF:4
LH:0
BRF:0
BRH:0
end_of_record
TN:
SF:src/services/storage.ts
FN:8,(anonymous_0)
FN:15,(anonymous_1)
FN:21,(anonymous_2)
FNF:3
FNH:0
FNDA:0,(anonymous_0)
FNDA:0,(anonymous_1)
FNDA:0,(anonymous_2)
DA:1,5
DA:3,5
DA:4,5
DA:6,5
DA:8,5
DA:9,0
DA:12,0
DA:15,5
DA:16,0
DA:17,0
DA:18,0
DA:21,5
DA:22,0
LF:13
LH:7
BRF:0
BRH:0
end_of_record
TN:
SF:src/services/tiktok.ts
FN:8,(anonymous_1)
FN:20,(anonymous_2)
FN:34,(anonymous_3)
FN:61,(anonymous_4)
FN:86,(anonymous_5)
FN:115,(anonymous_6)
FN:137,(anonymous_7)
FN:170,(anonymous_8)
FN:206,(anonymous_9)
FNF:9
FNH:7
FNDA:14,(anonymous_1)
FNDA:1,(anonymous_2)
FNDA:1,(anonymous_3)
FNDA:1,(anonymous_4)
FNDA:2,(anonymous_5)
FNDA:0,(anonymous_6)
FNDA:0,(anonymous_7)
FNDA:1,(anonymous_8)
FNDA:1,(anonymous_9)
DA:1,7
DA:2,7
DA:4,7
DA:6,14
DA:9,14
DA:21,1
DA:28,1
DA:40,1
DA:55,1
DA:71,1
DA:80,1
DA:96,2
DA:99,2
DA:100,1
DA:103,2
DA:109,2
DA:116,0
DA:131,0
DA:141,0
DA:164,0
DA:176,1
DA:200,1
DA:211,1
DA:225,1
DA:229,7
LF:25
LH:21
BRDA:89,0,0,1
BRDA:99,1,0,1
BRDA:99,1,1,1
BRF:3
BRH:3
end_of_record
TN:
SF:src/services/transcoder.ts
FN:6,(anonymous_0)
FNF:1
FNH:0
FNDA:0,(anonymous_0)
DA:1,5
DA:2,5
DA:4,5
DA:6,5
DA:7,0
DA:8,0
DA:10,0
DA:19,0
DA:20,0
DA:22,0
LF:10
LH:4
BRF:0
BRH:0
end_of_record
TN:
SF:src/services/twitter.ts
FNF:0
FNH:0
DA:1,0
DA:4,0
DA:6,0
LF:3
LH:0
BRF:0
BRH:0
end_of_record
TN:
SF:src/services/video.ts
FN:8,(anonymous_0)
FN:25,(anonymous_1)
FN:27,(anonymous_2)
FN:30,(anonymous_3)
FNF:4
FNH:0
FNDA:0,(anonymous_0)
FNDA:0,(anonymous_1)
FNDA:0,(anonymous_2)
FNDA:0,(anonymous_3)
DA:1,5
DA:2,5
DA:4,5
DA:5,5
DA:8,5
DA:9,0
DA:14,0
DA:15,0
DA:16,0
DA:19,0
DA:24,0
DA:25,0
DA:27,0
DA:30,0
DA:32,0
LF:15
LH:5
BRDA:27,0,0,0
BRDA:27,0,1,0
BRF:2
BRH:0
end_of_record
TN:
SF:src/utils/AppError.ts
FN:6,(anonymous_0)
FNF:1
FNH:1
FNDA:16,(anonymous_0)
DA:7,16
DA:9,16
DA:10,16
DA:11,16
DA:13,16
DA:17,6
LF:6
LH:6
BRDA:10,0,0,16
BRDA:10,0,1,0
BRF:2
BRH:1
end_of_record
TN:
SF:src/utils/math.ts
FN:1,(anonymous_0)
FN:2,(anonymous_1)
FN:3,(anonymous_2)
FNF:3
FNH:3
FNDA:2,(anonymous_0)
FNDA:2,(anonymous_1)
FNDA:2,(anonymous_2)
DA:1,2
DA:2,2
DA:3,2
LF:3
LH:3
BRF:0
BRH:0
end_of_record
TN:
SF:src/utils/pagination.utils.ts
FN:22,(anonymous_0)
FN:29,(anonymous_1)
FN:53,(anonymous_2)
FNF:3
FNH:0
FNDA:0,(anonymous_0)
FNDA:0,(anonymous_1)
FNDA:0,(anonymous_2)
DA:18,0
DA:23,0
DA:35,0
DA:37,0
DA:54,0
DA:55,0
DA:57,0
LF:7
LH:0
BRDA:22,0,0,0
BRDA:22,1,0,0
BRDA:32,2,0,0
BRDA:33,3,0,0
BRDA:54,4,0,0
BRDA:54,4,1,0
BRDA:55,5,0,0
BRDA:55,5,1,0
BRF:8
BRH:0
end_of_record
